Jul 30, 2016 2:55:26 PM org.apache.catalina.startup.VersionLoggerListener log
INFO: Server version:        Apache Tomcat/7.0.67
Jul 30, 2016 2:55:26 PM org.apache.catalina.startup.VersionLoggerListener log
INFO: Server built:          Dec 7 2015 13:07:11 UTC
Jul 30, 2016 2:55:26 PM org.apache.catalina.startup.VersionLoggerListener log
INFO: Server number:         7.0.67.0
Jul 30, 2016 2:55:26 PM org.apache.catalina.startup.VersionLoggerListener log
INFO: OS Name:               Mac OS X
Jul 30, 2016 2:55:26 PM org.apache.catalina.startup.VersionLoggerListener log
INFO: OS Version:            10.11.1
Jul 30, 2016 2:55:26 PM org.apache.catalina.startup.VersionLoggerListener log
INFO: Architecture:          x86_64
Jul 30, 2016 2:55:26 PM org.apache.catalina.startup.VersionLoggerListener log
INFO: Java Home:             /Library/Java/JavaVirtualMachines/jdk1.8.0_65.jdk/Contents/Home/jre
Jul 30, 2016 2:55:26 PM org.apache.catalina.startup.VersionLoggerListener log
INFO: JVM Version:           1.8.0_65-b17
Jul 30, 2016 2:55:26 PM org.apache.catalina.startup.VersionLoggerListener log
INFO: JVM Vendor:            Oracle Corporation
Jul 30, 2016 2:55:26 PM org.apache.catalina.startup.VersionLoggerListener log
INFO: CATALINA_BASE:         /Users/Nanda/Documents/tomcat7
Jul 30, 2016 2:55:26 PM org.apache.catalina.startup.VersionLoggerListener log
INFO: CATALINA_HOME:         /Users/Nanda/Documents/tomcat7
Jul 30, 2016 2:55:26 PM org.apache.catalina.startup.VersionLoggerListener log
INFO: Command line argument: -Djava.util.logging.config.file=/Users/Nanda/Documents/tomcat7/conf/logging.properties
Jul 30, 2016 2:55:26 PM org.apache.catalina.startup.VersionLoggerListener log
INFO: Command line argument: -Djava.util.logging.manager=org.apache.juli.ClassLoaderLogManager
Jul 30, 2016 2:55:26 PM org.apache.catalina.startup.VersionLoggerListener log
INFO: Command line argument: -Djava.endorsed.dirs=/Users/Nanda/Documents/tomcat7/endorsed
Jul 30, 2016 2:55:26 PM org.apache.catalina.startup.VersionLoggerListener log
INFO: Command line argument: -Dcatalina.base=/Users/Nanda/Documents/tomcat7
Jul 30, 2016 2:55:26 PM org.apache.catalina.startup.VersionLoggerListener log
INFO: Command line argument: -Dcatalina.home=/Users/Nanda/Documents/tomcat7
Jul 30, 2016 2:55:26 PM org.apache.catalina.startup.VersionLoggerListener log
INFO: Command line argument: -Djava.io.tmpdir=/Users/Nanda/Documents/tomcat7/temp
Jul 30, 2016 2:55:26 PM org.apache.catalina.core.AprLifecycleListener lifecycleEvent
INFO: The APR based Apache Tomcat Native library which allows optimal performance in production environments was not found on the java.library.path: /Users/Nanda/Library/Java/Extensions:/Library/Java/Extensions:/Network/Library/Java/Extensions:/System/Library/Java/Extensions:/usr/lib/java:.
Jul 30, 2016 2:55:26 PM org.apache.coyote.AbstractProtocol init
INFO: Initializing ProtocolHandler ["http-bio-8090"]
Jul 30, 2016 2:55:26 PM org.apache.coyote.AbstractProtocol init
INFO: Initializing ProtocolHandler ["ajp-bio-8009"]
Jul 30, 2016 2:55:26 PM org.apache.catalina.startup.Catalina load
INFO: Initialization processed in 436 ms
Jul 30, 2016 2:55:26 PM org.apache.catalina.core.StandardService startInternal
INFO: Starting service Catalina
Jul 30, 2016 2:55:26 PM org.apache.catalina.core.StandardEngine startInternal
INFO: Starting Servlet Engine: Apache Tomcat/7.0.67
Jul 30, 2016 2:55:26 PM org.apache.catalina.startup.HostConfig deployWAR
INFO: Deploying web application archive /Users/Nanda/Documents/tomcat7/webapps/helloweb.war
Jul 30, 2016 2:55:26 PM org.apache.catalina.deploy.WebXml setVersion
WARNING: Unknown version string [3.1]. Default version will be used.
Jul 30, 2016 2:55:26 PM org.apache.catalina.startup.TldConfig execute
INFO: At least one JAR was scanned for TLDs yet contained no TLDs. Enable debug logging for this logger for a complete list of JARs that were scanned but no TLDs were found in them. Skipping unneeded JARs during scanning can improve startup time and JSP compilation time.
Jul 30, 2016 2:55:26 PM org.apache.jasper.EmbeddedServletOptions <init>
SEVERE: The scratchDir you specified: /Users/Nanda/Documents/tomcat7/work/Catalina/localhost/helloweb is unusable.
Jul 30, 2016 2:55:26 PM org.apache.catalina.startup.HostConfig deployWAR
INFO: Deployment of web application archive /Users/Nanda/Documents/tomcat7/webapps/helloweb.war has finished in 354 ms
Jul 30, 2016 2:55:26 PM org.apache.catalina.startup.HostConfig deployWAR
INFO: Deploying web application archive /Users/Nanda/Documents/tomcat7/webapps/sampleweb.war
Jul 30, 2016 2:55:26 PM org.apache.catalina.deploy.WebXml setVersion
WARNING: Unknown version string [3.1]. Default version will be used.
Jul 30, 2016 2:55:26 PM org.apache.catalina.startup.TldConfig execute
INFO: At least one JAR was scanned for TLDs yet contained no TLDs. Enable debug logging for this logger for a complete list of JARs that were scanned but no TLDs were found in them. Skipping unneeded JARs during scanning can improve startup time and JSP compilation time.
Jul 30, 2016 2:55:26 PM org.apache.catalina.startup.HostConfig deployWAR
INFO: Deployment of web application archive /Users/Nanda/Documents/tomcat7/webapps/sampleweb.war has finished in 100 ms
Jul 30, 2016 2:55:26 PM org.apache.catalina.startup.HostConfig deployWAR
INFO: Deploying web application archive /Users/Nanda/Documents/tomcat7/webapps/sampleweb2.war
Jul 30, 2016 2:55:26 PM org.apache.catalina.deploy.WebXml setVersion
WARNING: Unknown version string [3.1]. Default version will be used.
Jul 30, 2016 2:55:26 PM org.apache.catalina.startup.TldConfig execute
INFO: At least one JAR was scanned for TLDs yet contained no TLDs. Enable debug logging for this logger for a complete list of JARs that were scanned but no TLDs were found in them. Skipping unneeded JARs during scanning can improve startup time and JSP compilation time.
Jul 30, 2016 2:55:26 PM org.apache.catalina.startup.HostConfig deployWAR
INFO: Deployment of web application archive /Users/Nanda/Documents/tomcat7/webapps/sampleweb2.war has finished in 90 ms
Jul 30, 2016 2:55:26 PM org.apache.catalina.startup.HostConfig deployWAR
INFO: Deploying web application archive /Users/Nanda/Documents/tomcat7/webapps/sampleweb3.war
Jul 30, 2016 2:55:26 PM org.apache.catalina.deploy.WebXml setVersion
WARNING: Unknown version string [3.1]. Default version will be used.
Jul 30, 2016 2:55:26 PM org.apache.catalina.startup.TldConfig execute
INFO: At least one JAR was scanned for TLDs yet contained no TLDs. Enable debug logging for this logger for a complete list of JARs that were scanned but no TLDs were found in them. Skipping unneeded JARs during scanning can improve startup time and JSP compilation time.
Jul 30, 2016 2:55:26 PM org.apache.jasper.EmbeddedServletOptions <init>
SEVERE: The scratchDir you specified: /Users/Nanda/Documents/tomcat7/work/Catalina/localhost/sampleweb3 is unusable.
Jul 30, 2016 2:55:26 PM org.apache.catalina.startup.HostConfig deployWAR
INFO: Deployment of web application archive /Users/Nanda/Documents/tomcat7/webapps/sampleweb3.war has finished in 95 ms
Jul 30, 2016 2:55:26 PM org.apache.catalina.startup.HostConfig deployWAR
INFO: Deploying web application archive /Users/Nanda/Documents/tomcat7/webapps/sampleweb_Yuecheng.war
Jul 30, 2016 2:55:26 PM org.apache.catalina.deploy.WebXml setVersion
WARNING: Unknown version string [3.1]. Default version will be used.
Jul 30, 2016 2:55:26 PM org.apache.catalina.startup.TldConfig execute
INFO: At least one JAR was scanned for TLDs yet contained no TLDs. Enable debug logging for this logger for a complete list of JARs that were scanned but no TLDs were found in them. Skipping unneeded JARs during scanning can improve startup time and JSP compilation time.
Jul 30, 2016 2:55:26 PM org.apache.catalina.startup.HostConfig deployWAR
INFO: Deployment of web application archive /Users/Nanda/Documents/tomcat7/webapps/sampleweb_Yuecheng.war has finished in 80 ms
Jul 30, 2016 2:55:26 PM org.apache.catalina.startup.HostConfig deployWAR
INFO: Deploying web application archive /Users/Nanda/Documents/tomcat7/webapps/samplewebBinghan.war
Jul 30, 2016 2:55:26 PM org.apache.catalina.deploy.WebXml setVersion
WARNING: Unknown version string [3.1]. Default version will be used.
Jul 30, 2016 2:55:27 PM org.apache.catalina.startup.TldConfig execute
INFO: At least one JAR was scanned for TLDs yet contained no TLDs. Enable debug logging for this logger for a complete list of JARs that were scanned but no TLDs were found in them. Skipping unneeded JARs during scanning can improve startup time and JSP compilation time.
Jul 30, 2016 2:55:27 PM org.apache.catalina.startup.HostConfig deployWAR
INFO: Deployment of web application archive /Users/Nanda/Documents/tomcat7/webapps/samplewebBinghan.war has finished in 79 ms
Jul 30, 2016 2:55:27 PM org.apache.catalina.startup.HostConfig deployWAR
INFO: Deploying web application archive /Users/Nanda/Documents/tomcat7/webapps/simpleapp.war
Jul 30, 2016 2:55:27 PM org.apache.catalina.deploy.WebXml setVersion
WARNING: Unknown version string [3.1]. Default version will be used.
Jul 30, 2016 2:55:27 PM org.apache.catalina.startup.TldConfig execute
INFO: At least one JAR was scanned for TLDs yet contained no TLDs. Enable debug logging for this logger for a complete list of JARs that were scanned but no TLDs were found in them. Skipping unneeded JARs during scanning can improve startup time and JSP compilation time.
Jul 30, 2016 2:55:27 PM org.apache.jasper.EmbeddedServletOptions <init>
SEVERE: The scratchDir you specified: /Users/Nanda/Documents/tomcat7/work/Catalina/localhost/simpleapp is unusable.
Jul 30, 2016 2:55:27 PM org.apache.catalina.startup.HostConfig deployWAR
INFO: Deployment of web application archive /Users/Nanda/Documents/tomcat7/webapps/simpleapp.war has finished in 77 ms
Jul 30, 2016 2:55:27 PM org.apache.catalina.startup.HostConfig deployDirectory
INFO: Deploying web application directory /Users/Nanda/Documents/tomcat7/webapps/docs
Jul 30, 2016 2:55:27 PM org.apache.catalina.startup.HostConfig deployDirectory
INFO: Deployment of web application directory /Users/Nanda/Documents/tomcat7/webapps/docs has finished in 19 ms
Jul 30, 2016 2:55:27 PM org.apache.catalina.startup.HostConfig deployDirectory
INFO: Deploying web application directory /Users/Nanda/Documents/tomcat7/webapps/examples
Jul 30, 2016 2:55:27 PM org.apache.catalina.startup.HostConfig deployDirectory
INFO: Deployment of web application directory /Users/Nanda/Documents/tomcat7/webapps/examples has finished in 187 ms
Jul 30, 2016 2:55:27 PM org.apache.catalina.startup.HostConfig deployDirectory
INFO: Deploying web application directory /Users/Nanda/Documents/tomcat7/webapps/host-manager
Jul 30, 2016 2:55:27 PM org.apache.catalina.startup.HostConfig deployDirectory
INFO: Deployment of web application directory /Users/Nanda/Documents/tomcat7/webapps/host-manager has finished in 32 ms
Jul 30, 2016 2:55:27 PM org.apache.catalina.startup.HostConfig deployDirectory
INFO: Deploying web application directory /Users/Nanda/Documents/tomcat7/webapps/manager
Jul 30, 2016 2:55:27 PM org.apache.catalina.startup.HostConfig deployDirectory
INFO: Deployment of web application directory /Users/Nanda/Documents/tomcat7/webapps/manager has finished in 39 ms
Jul 30, 2016 2:55:27 PM org.apache.catalina.startup.HostConfig deployDirectory
INFO: Deploying web application directory /Users/Nanda/Documents/tomcat7/webapps/ROOT
Jul 30, 2016 2:55:27 PM org.apache.catalina.startup.HostConfig deployDirectory
INFO: Deployment of web application directory /Users/Nanda/Documents/tomcat7/webapps/ROOT has finished in 26 ms
Jul 30, 2016 2:55:27 PM org.apache.coyote.AbstractProtocol start
INFO: Starting ProtocolHandler ["http-bio-8090"]
Jul 30, 2016 2:55:27 PM org.apache.coyote.AbstractProtocol start
INFO: Starting ProtocolHandler ["ajp-bio-8009"]
Jul 30, 2016 2:55:27 PM org.apache.catalina.startup.Catalina start
INFO: Server startup in 1235 ms
Jul 30, 2016 2:56:04 PM org.apache.catalina.startup.HostConfig deployWAR
INFO: Deploying web application archive /Users/Nanda/Documents/tomcat7/webapps/task101web.war
Jul 30, 2016 2:56:04 PM org.apache.catalina.deploy.WebXml setVersion
WARNING: Unknown version string [3.1]. Default version will be used.
Jul 30, 2016 2:56:04 PM org.apache.catalina.startup.TldConfig execute
INFO: At least one JAR was scanned for TLDs yet contained no TLDs. Enable debug logging for this logger for a complete list of JARs that were scanned but no TLDs were found in them. Skipping unneeded JARs during scanning can improve startup time and JSP compilation time.
Jul 30, 2016 2:56:04 PM org.apache.catalina.startup.HostConfig deployWAR
INFO: Deployment of web application archive /Users/Nanda/Documents/tomcat7/webapps/task101web.war has finished in 107 ms
Jul 30, 2016 3:01:08 PM org.apache.catalina.startup.HostConfig undeploy
INFO: Undeploying context [/simpleapp]
Jul 30, 2016 3:01:08 PM org.apache.catalina.startup.ExpandWar deleteDir
SEVERE: [/Users/Nanda/Documents/tomcat7/webapps/simpleapp/META-INF/maven/helloweb/helloweb] could not be completely deleted. The presence of the remaining files may cause problems
Jul 30, 2016 3:01:08 PM org.apache.catalina.startup.ExpandWar deleteDir
SEVERE: [/Users/Nanda/Documents/tomcat7/webapps/simpleapp/META-INF/maven/helloweb] could not be completely deleted. The presence of the remaining files may cause problems
Jul 30, 2016 3:01:08 PM org.apache.catalina.startup.ExpandWar deleteDir
SEVERE: [/Users/Nanda/Documents/tomcat7/webapps/simpleapp/META-INF/maven] could not be completely deleted. The presence of the remaining files may cause problems
Jul 30, 2016 3:01:08 PM org.apache.catalina.startup.ExpandWar deleteDir
SEVERE: [/Users/Nanda/Documents/tomcat7/webapps/simpleapp/META-INF] could not be completely deleted. The presence of the remaining files may cause problems
Jul 30, 2016 3:01:08 PM org.apache.catalina.startup.ExpandWar deleteDir
SEVERE: [/Users/Nanda/Documents/tomcat7/webapps/simpleapp/WEB-INF/classes/com/marlabs/demo] could not be completely deleted. The presence of the remaining files may cause problems
Jul 30, 2016 3:01:08 PM org.apache.catalina.startup.ExpandWar deleteDir
SEVERE: [/Users/Nanda/Documents/tomcat7/webapps/simpleapp/WEB-INF/classes/com/marlabs] could not be completely deleted. The presence of the remaining files may cause problems
Jul 30, 2016 3:01:08 PM org.apache.catalina.startup.ExpandWar deleteDir
SEVERE: [/Users/Nanda/Documents/tomcat7/webapps/simpleapp/WEB-INF/classes/com] could not be completely deleted. The presence of the remaining files may cause problems
Jul 30, 2016 3:01:08 PM org.apache.catalina.startup.ExpandWar deleteDir
SEVERE: [/Users/Nanda/Documents/tomcat7/webapps/simpleapp/WEB-INF/classes] could not be completely deleted. The presence of the remaining files may cause problems
Jul 30, 2016 3:01:08 PM org.apache.catalina.startup.ExpandWar deleteDir
SEVERE: [/Users/Nanda/Documents/tomcat7/webapps/simpleapp/WEB-INF/lib] could not be completely deleted. The presence of the remaining files may cause problems
Jul 30, 2016 3:01:08 PM org.apache.catalina.startup.ExpandWar deleteDir
SEVERE: [/Users/Nanda/Documents/tomcat7/webapps/simpleapp/WEB-INF] could not be completely deleted. The presence of the remaining files may cause problems
Jul 30, 2016 3:01:08 PM org.apache.catalina.startup.ExpandWar deleteDir
SEVERE: [/Users/Nanda/Documents/tomcat7/webapps/simpleapp] could not be completely deleted. The presence of the remaining files may cause problems
Jul 30, 2016 3:01:08 PM org.apache.catalina.startup.ExpandWar delete
SEVERE: [/Users/Nanda/Documents/tomcat7/webapps/simpleapp] could not be completely deleted. The presence of the remaining files may cause problems
Jul 30, 2016 3:01:08 PM org.apache.catalina.startup.ExpandWar delete
SEVERE: [/Users/Nanda/Documents/tomcat7/webapps/simpleapp/WEB-INF/web.xml] could not be completely deleted. The presence of the remaining files may cause problems
Jul 30, 2016 3:01:08 PM org.apache.catalina.startup.HostConfig deployDirectory
INFO: Deploying web application directory /Users/Nanda/Documents/tomcat7/webapps/simpleapp
Jul 30, 2016 3:01:08 PM org.apache.catalina.deploy.WebXml setVersion
WARNING: Unknown version string [3.1]. Default version will be used.
Jul 30, 2016 3:01:08 PM org.apache.catalina.startup.TldConfig execute
INFO: At least one JAR was scanned for TLDs yet contained no TLDs. Enable debug logging for this logger for a complete list of JARs that were scanned but no TLDs were found in them. Skipping unneeded JARs during scanning can improve startup time and JSP compilation time.
Jul 30, 2016 3:01:08 PM org.apache.catalina.startup.HostConfig deployDirectory
INFO: Deployment of web application directory /Users/Nanda/Documents/tomcat7/webapps/simpleapp has finished in 45 ms
Jul 30, 2016 6:41:49 PM org.apache.catalina.startup.HostConfig undeploy
INFO: Undeploying context [/helloweb]
Jul 30, 2016 6:41:49 PM org.apache.catalina.startup.ExpandWar deleteDir
SEVERE: [/Users/Nanda/Documents/tomcat7/webapps/helloweb/META-INF/maven/helloweb/helloweb] could not be completely deleted. The presence of the remaining files may cause problems
Jul 30, 2016 6:41:49 PM org.apache.catalina.startup.ExpandWar deleteDir
SEVERE: [/Users/Nanda/Documents/tomcat7/webapps/helloweb/META-INF/maven/helloweb] could not be completely deleted. The presence of the remaining files may cause problems
Jul 30, 2016 6:41:49 PM org.apache.catalina.startup.ExpandWar deleteDir
SEVERE: [/Users/Nanda/Documents/tomcat7/webapps/helloweb/META-INF/maven] could not be completely deleted. The presence of the remaining files may cause problems
Jul 30, 2016 6:41:49 PM org.apache.catalina.startup.ExpandWar deleteDir
SEVERE: [/Users/Nanda/Documents/tomcat7/webapps/helloweb/META-INF] could not be completely deleted. The presence of the remaining files may cause problems
Jul 30, 2016 6:41:49 PM org.apache.catalina.startup.ExpandWar deleteDir
SEVERE: [/Users/Nanda/Documents/tomcat7/webapps/helloweb/WEB-INF/classes/com/marlabs/demo] could not be completely deleted. The presence of the remaining files may cause problems
Jul 30, 2016 6:41:49 PM org.apache.catalina.startup.ExpandWar deleteDir
SEVERE: [/Users/Nanda/Documents/tomcat7/webapps/helloweb/WEB-INF/classes/com/marlabs] could not be completely deleted. The presence of the remaining files may cause problems
Jul 30, 2016 6:41:49 PM org.apache.catalina.startup.ExpandWar deleteDir
SEVERE: [/Users/Nanda/Documents/tomcat7/webapps/helloweb/WEB-INF/classes/com] could not be completely deleted. The presence of the remaining files may cause problems
Jul 30, 2016 6:41:49 PM org.apache.catalina.startup.ExpandWar deleteDir
SEVERE: [/Users/Nanda/Documents/tomcat7/webapps/helloweb/WEB-INF/classes] could not be completely deleted. The presence of the remaining files may cause problems
Jul 30, 2016 6:41:49 PM org.apache.catalina.startup.ExpandWar deleteDir
SEVERE: [/Users/Nanda/Documents/tomcat7/webapps/helloweb/WEB-INF/lib] could not be completely deleted. The presence of the remaining files may cause problems
Jul 30, 2016 6:41:49 PM org.apache.catalina.startup.ExpandWar deleteDir
SEVERE: [/Users/Nanda/Documents/tomcat7/webapps/helloweb/WEB-INF] could not be completely deleted. The presence of the remaining files may cause problems
Jul 30, 2016 6:41:49 PM org.apache.catalina.startup.ExpandWar deleteDir
SEVERE: [/Users/Nanda/Documents/tomcat7/webapps/helloweb] could not be completely deleted. The presence of the remaining files may cause problems
Jul 30, 2016 6:41:49 PM org.apache.catalina.startup.ExpandWar delete
SEVERE: [/Users/Nanda/Documents/tomcat7/webapps/helloweb] could not be completely deleted. The presence of the remaining files may cause problems
Jul 30, 2016 6:41:49 PM org.apache.catalina.startup.ExpandWar delete
SEVERE: [/Users/Nanda/Documents/tomcat7/webapps/helloweb/WEB-INF/web.xml] could not be completely deleted. The presence of the remaining files may cause problems
Jul 30, 2016 6:41:50 PM org.apache.catalina.startup.HostConfig undeploy
INFO: Undeploying context [/sampleweb3]
Jul 30, 2016 6:41:50 PM org.apache.catalina.startup.ExpandWar deleteDir
SEVERE: [/Users/Nanda/Documents/tomcat7/webapps/sampleweb3/META-INF/maven/helloweb/helloweb] could not be completely deleted. The presence of the remaining files may cause problems
Jul 30, 2016 6:41:50 PM org.apache.catalina.startup.ExpandWar deleteDir
SEVERE: [/Users/Nanda/Documents/tomcat7/webapps/sampleweb3/META-INF/maven/helloweb] could not be completely deleted. The presence of the remaining files may cause problems
Jul 30, 2016 6:41:50 PM org.apache.catalina.startup.ExpandWar deleteDir
SEVERE: [/Users/Nanda/Documents/tomcat7/webapps/sampleweb3/META-INF/maven] could not be completely deleted. The presence of the remaining files may cause problems
Jul 30, 2016 6:41:50 PM org.apache.catalina.startup.ExpandWar deleteDir
SEVERE: [/Users/Nanda/Documents/tomcat7/webapps/sampleweb3/META-INF] could not be completely deleted. The presence of the remaining files may cause problems
Jul 30, 2016 6:41:50 PM org.apache.catalina.startup.ExpandWar deleteDir
SEVERE: [/Users/Nanda/Documents/tomcat7/webapps/sampleweb3/WEB-INF/classes/com/marlabs/demo] could not be completely deleted. The presence of the remaining files may cause problems
Jul 30, 2016 6:41:50 PM org.apache.catalina.startup.ExpandWar deleteDir
SEVERE: [/Users/Nanda/Documents/tomcat7/webapps/sampleweb3/WEB-INF/classes/com/marlabs] could not be completely deleted. The presence of the remaining files may cause problems
Jul 30, 2016 6:41:50 PM org.apache.catalina.startup.ExpandWar deleteDir
SEVERE: [/Users/Nanda/Documents/tomcat7/webapps/sampleweb3/WEB-INF/classes/com] could not be completely deleted. The presence of the remaining files may cause problems
Jul 30, 2016 6:41:50 PM org.apache.catalina.startup.ExpandWar deleteDir
SEVERE: [/Users/Nanda/Documents/tomcat7/webapps/sampleweb3/WEB-INF/classes] could not be completely deleted. The presence of the remaining files may cause problems
Jul 30, 2016 6:41:50 PM org.apache.catalina.startup.ExpandWar deleteDir
SEVERE: [/Users/Nanda/Documents/tomcat7/webapps/sampleweb3/WEB-INF/lib] could not be completely deleted. The presence of the remaining files may cause problems
Jul 30, 2016 6:41:50 PM org.apache.catalina.startup.ExpandWar deleteDir
SEVERE: [/Users/Nanda/Documents/tomcat7/webapps/sampleweb3/WEB-INF] could not be completely deleted. The presence of the remaining files may cause problems
Jul 30, 2016 6:41:50 PM org.apache.catalina.startup.ExpandWar deleteDir
SEVERE: [/Users/Nanda/Documents/tomcat7/webapps/sampleweb3] could not be completely deleted. The presence of the remaining files may cause problems
Jul 30, 2016 6:41:50 PM org.apache.catalina.startup.ExpandWar delete
SEVERE: [/Users/Nanda/Documents/tomcat7/webapps/sampleweb3] could not be completely deleted. The presence of the remaining files may cause problems
Jul 30, 2016 6:41:50 PM org.apache.catalina.startup.ExpandWar delete
SEVERE: [/Users/Nanda/Documents/tomcat7/webapps/sampleweb3/WEB-INF/web.xml] could not be completely deleted. The presence of the remaining files may cause problems
Jul 30, 2016 6:41:50 PM org.apache.catalina.startup.HostConfig deployDirectory
INFO: Deploying web application directory /Users/Nanda/Documents/tomcat7/webapps/helloweb
Jul 30, 2016 6:41:50 PM org.apache.catalina.startup.TldConfig execute
INFO: At least one JAR was scanned for TLDs yet contained no TLDs. Enable debug logging for this logger for a complete list of JARs that were scanned but no TLDs were found in them. Skipping unneeded JARs during scanning can improve startup time and JSP compilation time.
Jul 30, 2016 6:41:50 PM org.apache.catalina.startup.HostConfig deployDirectory
INFO: Deployment of web application directory /Users/Nanda/Documents/tomcat7/webapps/helloweb has finished in 97 ms
Jul 30, 2016 6:41:50 PM org.apache.catalina.startup.HostConfig deployDirectory
INFO: Deploying web application directory /Users/Nanda/Documents/tomcat7/webapps/sampleweb3
Jul 30, 2016 6:41:50 PM org.apache.catalina.startup.TldConfig execute
INFO: At least one JAR was scanned for TLDs yet contained no TLDs. Enable debug logging for this logger for a complete list of JARs that were scanned but no TLDs were found in them. Skipping unneeded JARs during scanning can improve startup time and JSP compilation time.
Jul 30, 2016 6:41:50 PM org.apache.catalina.startup.HostConfig deployDirectory
INFO: Deployment of web application directory /Users/Nanda/Documents/tomcat7/webapps/sampleweb3 has finished in 77 ms
Jul 30, 2016 6:56:33 PM org.apache.catalina.startup.HostConfig undeploy
INFO: Undeploying context [/task101web]
Jul 30, 2016 6:56:33 PM org.apache.catalina.startup.HostConfig deployWAR
INFO: Deploying web application archive /Users/Nanda/Documents/tomcat7/webapps/task101web.war
Jul 30, 2016 6:56:33 PM org.apache.catalina.startup.TldConfig execute
INFO: At least one JAR was scanned for TLDs yet contained no TLDs. Enable debug logging for this logger for a complete list of JARs that were scanned but no TLDs were found in them. Skipping unneeded JARs during scanning can improve startup time and JSP compilation time.
Jul 30, 2016 6:56:33 PM org.apache.catalina.startup.HostConfig deployWAR
INFO: Deployment of web application archive /Users/Nanda/Documents/tomcat7/webapps/task101web.war has finished in 69 ms
Jul 30, 2016 7:56:34 PM org.apache.catalina.startup.HostConfig undeploy
INFO: Undeploying context [/task101web]
Jul 30, 2016 7:56:34 PM org.apache.catalina.startup.HostConfig deployWAR
INFO: Deploying web application archive /Users/Nanda/Documents/tomcat7/webapps/task101web.war
Jul 30, 2016 7:56:34 PM org.apache.catalina.startup.TldConfig execute
INFO: At least one JAR was scanned for TLDs yet contained no TLDs. Enable debug logging for this logger for a complete list of JARs that were scanned but no TLDs were found in them. Skipping unneeded JARs during scanning can improve startup time and JSP compilation time.
Jul 30, 2016 7:56:34 PM org.apache.catalina.startup.HostConfig deployWAR
INFO: Deployment of web application archive /Users/Nanda/Documents/tomcat7/webapps/task101web.war has finished in 77 ms
Jul 30, 2016 8:01:33 PM org.apache.catalina.util.LifecycleBase stop
INFO: The stop() method was called on component [StandardEngine[Catalina].StandardHost[localhost].StandardContext[/simpleapp]] after stop() had already been called. The second call will be ignored.
Jul 30, 2016 8:41:45 PM org.apache.catalina.util.LifecycleBase stop
INFO: The stop() method was called on component [StandardEngine[Catalina].StandardHost[localhost].StandardContext[/sampleweb3]] after stop() had already been called. The second call will be ignored.
Jul 30, 2016 8:41:46 PM org.apache.catalina.util.LifecycleBase stop
INFO: The stop() method was called on component [StandardEngine[Catalina].StandardHost[localhost].StandardContext[/helloweb]] after stop() had already been called. The second call will be ignored.
Jul 30, 2016 8:56:35 PM org.apache.catalina.startup.HostConfig undeploy
INFO: Undeploying context [/task101web]
Jul 30, 2016 8:56:35 PM org.apache.catalina.startup.HostConfig deployWAR
INFO: Deploying web application archive /Users/Nanda/Documents/tomcat7/webapps/task101web.war
Jul 30, 2016 8:56:35 PM org.apache.catalina.startup.TldConfig execute
INFO: At least one JAR was scanned for TLDs yet contained no TLDs. Enable debug logging for this logger for a complete list of JARs that were scanned but no TLDs were found in them. Skipping unneeded JARs during scanning can improve startup time and JSP compilation time.
Jul 30, 2016 8:56:35 PM org.apache.catalina.startup.HostConfig deployWAR
INFO: Deployment of web application archive /Users/Nanda/Documents/tomcat7/webapps/task101web.war has finished in 160 ms
Jul 30, 2016 9:01:34 PM org.apache.catalina.util.LifecycleBase stop
INFO: The stop() method was called on component [StandardEngine[Catalina].StandardHost[localhost].StandardContext[/simpleapp]] after stop() had already been called. The second call will be ignored.
Jul 30, 2016 9:41:43 PM org.apache.catalina.util.LifecycleBase stop
INFO: The stop() method was called on component [StandardEngine[Catalina].StandardHost[localhost].StandardContext[/sampleweb3]] after stop() had already been called. The second call will be ignored.
Jul 30, 2016 9:41:44 PM org.apache.catalina.util.LifecycleBase stop
INFO: The stop() method was called on component [StandardEngine[Catalina].StandardHost[localhost].StandardContext[/helloweb]] after stop() had already been called. The second call will be ignored.
Jul 30, 2016 9:56:35 PM org.apache.catalina.startup.HostConfig undeploy
INFO: Undeploying context [/task101web]
Jul 30, 2016 9:56:35 PM org.apache.catalina.startup.HostConfig deployWAR
INFO: Deploying web application archive /Users/Nanda/Documents/tomcat7/webapps/task101web.war
Jul 30, 2016 9:56:35 PM org.apache.catalina.startup.TldConfig execute
INFO: At least one JAR was scanned for TLDs yet contained no TLDs. Enable debug logging for this logger for a complete list of JARs that were scanned but no TLDs were found in them. Skipping unneeded JARs during scanning can improve startup time and JSP compilation time.
Jul 30, 2016 9:56:35 PM org.apache.catalina.startup.HostConfig deployWAR
INFO: Deployment of web application archive /Users/Nanda/Documents/tomcat7/webapps/task101web.war has finished in 107 ms
Jul 30, 2016 10:01:45 PM org.apache.catalina.util.LifecycleBase stop
INFO: The stop() method was called on component [StandardEngine[Catalina].StandardHost[localhost].StandardContext[/simpleapp]] after stop() had already been called. The second call will be ignored.
Jul 30, 2016 11:27:08 PM org.apache.catalina.startup.HostConfig undeploy
INFO: Undeploying context [/task101web]
Jul 30, 2016 11:27:08 PM org.apache.catalina.startup.HostConfig deployWAR
INFO: Deploying web application archive /Users/Nanda/Documents/tomcat7/webapps/task101web.war
Jul 30, 2016 11:27:08 PM org.apache.catalina.startup.TldConfig execute
INFO: At least one JAR was scanned for TLDs yet contained no TLDs. Enable debug logging for this logger for a complete list of JARs that were scanned but no TLDs were found in them. Skipping unneeded JARs during scanning can improve startup time and JSP compilation time.
Jul 30, 2016 11:27:08 PM org.apache.catalina.startup.HostConfig deployWAR
INFO: Deployment of web application archive /Users/Nanda/Documents/tomcat7/webapps/task101web.war has finished in 340 ms
Jul 30, 2016 11:27:22 PM org.apache.catalina.util.LifecycleBase stop
INFO: The stop() method was called on component [StandardEngine[Catalina].StandardHost[localhost].StandardContext[/simpleapp]] after stop() had already been called. The second call will be ignored.
Jul 30, 2016 11:27:28 PM org.apache.catalina.util.LifecycleBase stop
INFO: The stop() method was called on component [StandardEngine[Catalina].StandardHost[localhost].StandardContext[/sampleweb3]] after stop() had already been called. The second call will be ignored.
Jul 30, 2016 11:27:39 PM org.apache.catalina.util.LifecycleBase stop
INFO: The stop() method was called on component [StandardEngine[Catalina].StandardHost[localhost].StandardContext[/helloweb]] after stop() had already been called. The second call will be ignored.
