Mar 17, 2016 12:41:17 AM org.apache.catalina.startup.HostConfig undeploy
INFO: Undeploying context [/sampleweb]
Mar 17, 2016 12:41:17 AM org.apache.catalina.startup.HostConfig deployWAR
INFO: Deploying web application archive /Users/Nanda/Documents/tomcat7/webapps/sampleweb.war
Mar 17, 2016 12:41:17 AM org.apache.catalina.startup.TldConfig execute
INFO: At least one JAR was scanned for TLDs yet contained no TLDs. Enable debug logging for this logger for a complete list of JARs that were scanned but no TLDs were found in them. Skipping unneeded JARs during scanning can improve startup time and JSP compilation time.
Mar 17, 2016 12:41:17 AM org.apache.catalina.startup.HostConfig deployWAR
INFO: Deployment of web application archive /Users/Nanda/Documents/tomcat7/webapps/sampleweb.war has finished in 55 ms
Mar 17, 2016 12:41:18 AM org.apache.catalina.startup.HostConfig undeploy
INFO: Undeploying context [/helloweb]
Mar 17, 2016 12:41:18 AM org.apache.catalina.startup.HostConfig deployWAR
INFO: Deploying web application archive /Users/Nanda/Documents/tomcat7/webapps/helloweb.war
Mar 17, 2016 12:41:18 AM org.apache.catalina.startup.TldConfig execute
INFO: At least one JAR was scanned for TLDs yet contained no TLDs. Enable debug logging for this logger for a complete list of JARs that were scanned but no TLDs were found in them. Skipping unneeded JARs during scanning can improve startup time and JSP compilation time.
Mar 17, 2016 12:41:18 AM org.apache.catalina.startup.HostConfig deployWAR
INFO: Deployment of web application archive /Users/Nanda/Documents/tomcat7/webapps/helloweb.war has finished in 55 ms
Mar 17, 2016 11:41:51 AM org.apache.catalina.startup.HostConfig undeploy
INFO: Undeploying context [/sampleweb]
Mar 17, 2016 11:41:51 AM org.apache.catalina.startup.HostConfig deployWAR
INFO: Deploying web application archive /Users/Nanda/Documents/tomcat7/webapps/sampleweb.war
Mar 17, 2016 11:41:51 AM org.apache.catalina.startup.TldConfig execute
INFO: At least one JAR was scanned for TLDs yet contained no TLDs. Enable debug logging for this logger for a complete list of JARs that were scanned but no TLDs were found in them. Skipping unneeded JARs during scanning can improve startup time and JSP compilation time.
Mar 17, 2016 11:41:51 AM org.apache.catalina.startup.HostConfig deployWAR
INFO: Deployment of web application archive /Users/Nanda/Documents/tomcat7/webapps/sampleweb.war has finished in 99 ms
Mar 17, 2016 11:41:51 AM org.apache.catalina.startup.HostConfig undeploy
INFO: Undeploying context [/helloweb]
Mar 17, 2016 11:41:51 AM org.apache.catalina.startup.HostConfig deployWAR
INFO: Deploying web application archive /Users/Nanda/Documents/tomcat7/webapps/helloweb.war
Mar 17, 2016 11:41:51 AM org.apache.catalina.startup.TldConfig execute
INFO: At least one JAR was scanned for TLDs yet contained no TLDs. Enable debug logging for this logger for a complete list of JARs that were scanned but no TLDs were found in them. Skipping unneeded JARs during scanning can improve startup time and JSP compilation time.
Mar 17, 2016 11:41:51 AM org.apache.catalina.startup.HostConfig deployWAR
INFO: Deployment of web application archive /Users/Nanda/Documents/tomcat7/webapps/helloweb.war has finished in 74 ms
Mar 17, 2016 12:46:49 PM org.apache.catalina.startup.HostConfig undeploy
INFO: Undeploying context [/sampleweb]
Mar 17, 2016 12:46:49 PM org.apache.catalina.startup.HostConfig deployWAR
INFO: Deploying web application archive /Users/Nanda/Documents/tomcat7/webapps/sampleweb.war
Mar 17, 2016 12:46:49 PM org.apache.catalina.startup.TldConfig execute
INFO: At least one JAR was scanned for TLDs yet contained no TLDs. Enable debug logging for this logger for a complete list of JARs that were scanned but no TLDs were found in them. Skipping unneeded JARs during scanning can improve startup time and JSP compilation time.
Mar 17, 2016 12:46:49 PM org.apache.catalina.startup.HostConfig deployWAR
INFO: Deployment of web application archive /Users/Nanda/Documents/tomcat7/webapps/sampleweb.war has finished in 57 ms
Mar 17, 2016 12:46:50 PM org.apache.catalina.startup.HostConfig undeploy
INFO: Undeploying context [/helloweb]
Mar 17, 2016 12:46:50 PM org.apache.catalina.startup.HostConfig deployWAR
INFO: Deploying web application archive /Users/Nanda/Documents/tomcat7/webapps/helloweb.war
Mar 17, 2016 12:46:50 PM org.apache.catalina.startup.TldConfig execute
INFO: At least one JAR was scanned for TLDs yet contained no TLDs. Enable debug logging for this logger for a complete list of JARs that were scanned but no TLDs were found in them. Skipping unneeded JARs during scanning can improve startup time and JSP compilation time.
Mar 17, 2016 12:46:50 PM org.apache.catalina.startup.HostConfig deployWAR
INFO: Deployment of web application archive /Users/Nanda/Documents/tomcat7/webapps/helloweb.war has finished in 49 ms
Mar 17, 2016 11:41:27 PM org.apache.catalina.startup.HostConfig undeploy
INFO: Undeploying context [/sampleweb]
Mar 17, 2016 11:41:28 PM org.apache.catalina.startup.HostConfig undeploy
INFO: Undeploying context [/helloweb]
Mar 17, 2016 11:41:28 PM org.apache.catalina.startup.HostConfig deployWAR
INFO: Deploying web application archive /Users/Nanda/Documents/tomcat7/webapps/helloweb.war
Mar 17, 2016 11:41:28 PM org.apache.catalina.startup.TldConfig execute
INFO: At least one JAR was scanned for TLDs yet contained no TLDs. Enable debug logging for this logger for a complete list of JARs that were scanned but no TLDs were found in them. Skipping unneeded JARs during scanning can improve startup time and JSP compilation time.
Mar 17, 2016 11:41:28 PM org.apache.catalina.startup.HostConfig deployWAR
INFO: Deployment of web application archive /Users/Nanda/Documents/tomcat7/webapps/helloweb.war has finished in 127 ms
Mar 17, 2016 11:41:28 PM org.apache.catalina.startup.HostConfig deployWAR
INFO: Deploying web application archive /Users/Nanda/Documents/tomcat7/webapps/sampleweb.war
Mar 17, 2016 11:41:28 PM org.apache.catalina.startup.TldConfig execute
INFO: At least one JAR was scanned for TLDs yet contained no TLDs. Enable debug logging for this logger for a complete list of JARs that were scanned but no TLDs were found in them. Skipping unneeded JARs during scanning can improve startup time and JSP compilation time.
Mar 17, 2016 11:41:28 PM org.apache.catalina.startup.HostConfig deployWAR
INFO: Deployment of web application archive /Users/Nanda/Documents/tomcat7/webapps/sampleweb.war has finished in 71 ms
