Oct 31, 2016 10:34:54 AM org.apache.catalina.startup.HostConfig undeploy
INFO: Undeploying context [/testwebapp]
Oct 31, 2016 10:34:54 AM org.apache.catalina.startup.HostConfig deployWAR
INFO: Deploying web application archive /Users/Nanda/Documents/tomcat7/webapps/testwebapp.war
Oct 31, 2016 10:34:54 AM org.apache.catalina.deploy.WebXml setVersion
WARNING: Unknown version string [3.1]. Default version will be used.
Oct 31, 2016 10:34:54 AM org.apache.catalina.startup.TldConfig execute
INFO: At least one JAR was scanned for TLDs yet contained no TLDs. Enable debug logging for this logger for a complete list of JARs that were scanned but no TLDs were found in them. Skipping unneeded JARs during scanning can improve startup time and JSP compilation time.
Oct 31, 2016 10:34:54 AM org.apache.catalina.startup.HostConfig deployWAR
INFO: Deployment of web application archive /Users/Nanda/Documents/tomcat7/webapps/testwebapp.war has finished in 162 ms
Oct 31, 2016 10:42:01 AM org.apache.catalina.util.LifecycleBase stop
INFO: The stop() method was called on component [StandardEngine[Catalina].StandardHost[localhost].StandardContext[/helloweb]] after stop() had already been called. The second call will be ignored.
Oct 31, 2016 10:42:01 AM org.apache.catalina.util.LifecycleBase stop
INFO: The stop() method was called on component [StandardEngine[Catalina].StandardHost[localhost].StandardContext[/sampleweb3]] after stop() had already been called. The second call will be ignored.
Oct 31, 2016 10:43:53 AM org.apache.catalina.startup.HostConfig undeploy
INFO: Undeploying context [/mydemoapp]
Oct 31, 2016 10:43:53 AM org.apache.catalina.startup.HostConfig deployWAR
INFO: Deploying web application archive /Users/Nanda/Documents/tomcat7/webapps/mydemoapp.war
Oct 31, 2016 10:43:53 AM org.apache.catalina.deploy.WebXml setVersion
WARNING: Unknown version string [3.1]. Default version will be used.
Oct 31, 2016 10:43:53 AM org.apache.catalina.startup.TldConfig execute
INFO: At least one JAR was scanned for TLDs yet contained no TLDs. Enable debug logging for this logger for a complete list of JARs that were scanned but no TLDs were found in them. Skipping unneeded JARs during scanning can improve startup time and JSP compilation time.
Oct 31, 2016 10:43:53 AM org.apache.catalina.startup.HostConfig deployWAR
INFO: Deployment of web application archive /Users/Nanda/Documents/tomcat7/webapps/mydemoapp.war has finished in 89 ms
Oct 31, 2016 10:52:53 AM org.apache.catalina.startup.HostConfig undeploy
INFO: Undeploying context [/testwebapp0101]
Oct 31, 2016 10:52:53 AM org.apache.catalina.startup.HostConfig deployWAR
INFO: Deploying web application archive /Users/Nanda/Documents/tomcat7/webapps/testwebapp0101.war
Oct 31, 2016 10:52:53 AM org.apache.catalina.deploy.WebXml setVersion
WARNING: Unknown version string [3.1]. Default version will be used.
Oct 31, 2016 10:52:53 AM org.apache.catalina.startup.TldConfig execute
INFO: At least one JAR was scanned for TLDs yet contained no TLDs. Enable debug logging for this logger for a complete list of JARs that were scanned but no TLDs were found in them. Skipping unneeded JARs during scanning can improve startup time and JSP compilation time.
Oct 31, 2016 10:52:53 AM org.apache.catalina.startup.HostConfig deployWAR
INFO: Deployment of web application archive /Users/Nanda/Documents/tomcat7/webapps/testwebapp0101.war has finished in 108 ms
Oct 31, 2016 10:56:53 AM org.apache.catalina.startup.HostConfig undeploy
INFO: Undeploying context [/task101web]
Oct 31, 2016 10:56:53 AM org.apache.catalina.startup.HostConfig deployWAR
INFO: Deploying web application archive /Users/Nanda/Documents/tomcat7/webapps/task101web.war
Oct 31, 2016 10:56:53 AM org.apache.catalina.deploy.WebXml setVersion
WARNING: Unknown version string [3.1]. Default version will be used.
Oct 31, 2016 10:56:53 AM org.apache.catalina.startup.TldConfig execute
INFO: At least one JAR was scanned for TLDs yet contained no TLDs. Enable debug logging for this logger for a complete list of JARs that were scanned but no TLDs were found in them. Skipping unneeded JARs during scanning can improve startup time and JSP compilation time.
Oct 31, 2016 10:56:53 AM org.apache.catalina.startup.HostConfig deployWAR
INFO: Deployment of web application archive /Users/Nanda/Documents/tomcat7/webapps/task101web.war has finished in 101 ms
Oct 31, 2016 11:01:52 AM org.apache.catalina.util.LifecycleBase stop
INFO: The stop() method was called on component [StandardEngine[Catalina].StandardHost[localhost].StandardContext[/simpleapp]] after stop() had already been called. The second call will be ignored.
Oct 31, 2016 11:35:24 AM org.apache.catalina.startup.HostConfig undeploy
INFO: Undeploying context [/testwebapp]
Oct 31, 2016 11:35:24 AM org.apache.catalina.startup.HostConfig deployWAR
INFO: Deploying web application archive /Users/Nanda/Documents/tomcat7/webapps/testwebapp.war
Oct 31, 2016 11:35:25 AM org.apache.catalina.deploy.WebXml setVersion
WARNING: Unknown version string [3.1]. Default version will be used.
Oct 31, 2016 11:35:25 AM org.apache.catalina.startup.TldConfig execute
INFO: At least one JAR was scanned for TLDs yet contained no TLDs. Enable debug logging for this logger for a complete list of JARs that were scanned but no TLDs were found in them. Skipping unneeded JARs during scanning can improve startup time and JSP compilation time.
Oct 31, 2016 11:35:25 AM org.apache.catalina.startup.HostConfig deployWAR
INFO: Deployment of web application archive /Users/Nanda/Documents/tomcat7/webapps/testwebapp.war has finished in 117 ms
Oct 31, 2016 11:41:36 AM org.apache.catalina.util.LifecycleBase stop
INFO: The stop() method was called on component [StandardEngine[Catalina].StandardHost[localhost].StandardContext[/helloweb]] after stop() had already been called. The second call will be ignored.
Oct 31, 2016 11:41:36 AM org.apache.catalina.util.LifecycleBase stop
INFO: The stop() method was called on component [StandardEngine[Catalina].StandardHost[localhost].StandardContext[/sampleweb3]] after stop() had already been called. The second call will be ignored.
Oct 31, 2016 11:43:25 AM org.apache.catalina.startup.HostConfig undeploy
INFO: Undeploying context [/mydemoapp]
Oct 31, 2016 11:43:25 AM org.apache.catalina.startup.HostConfig deployWAR
INFO: Deploying web application archive /Users/Nanda/Documents/tomcat7/webapps/mydemoapp.war
Oct 31, 2016 11:43:25 AM org.apache.catalina.deploy.WebXml setVersion
WARNING: Unknown version string [3.1]. Default version will be used.
Oct 31, 2016 11:43:25 AM org.apache.catalina.startup.TldConfig execute
INFO: At least one JAR was scanned for TLDs yet contained no TLDs. Enable debug logging for this logger for a complete list of JARs that were scanned but no TLDs were found in them. Skipping unneeded JARs during scanning can improve startup time and JSP compilation time.
Oct 31, 2016 11:43:25 AM org.apache.catalina.startup.HostConfig deployWAR
INFO: Deployment of web application archive /Users/Nanda/Documents/tomcat7/webapps/mydemoapp.war has finished in 104 ms
Oct 31, 2016 11:52:28 AM org.apache.catalina.startup.HostConfig undeploy
INFO: Undeploying context [/testwebapp0101]
Oct 31, 2016 11:52:28 AM org.apache.catalina.startup.HostConfig deployWAR
INFO: Deploying web application archive /Users/Nanda/Documents/tomcat7/webapps/testwebapp0101.war
Oct 31, 2016 11:52:29 AM org.apache.catalina.deploy.WebXml setVersion
WARNING: Unknown version string [3.1]. Default version will be used.
Oct 31, 2016 11:52:29 AM org.apache.catalina.startup.TldConfig execute
INFO: At least one JAR was scanned for TLDs yet contained no TLDs. Enable debug logging for this logger for a complete list of JARs that were scanned but no TLDs were found in them. Skipping unneeded JARs during scanning can improve startup time and JSP compilation time.
Oct 31, 2016 11:52:29 AM org.apache.catalina.startup.HostConfig deployWAR
INFO: Deployment of web application archive /Users/Nanda/Documents/tomcat7/webapps/testwebapp0101.war has finished in 166 ms
Oct 31, 2016 11:56:24 AM org.apache.catalina.startup.HostConfig undeploy
INFO: Undeploying context [/task101web]
Oct 31, 2016 11:56:24 AM org.apache.catalina.startup.HostConfig deployWAR
INFO: Deploying web application archive /Users/Nanda/Documents/tomcat7/webapps/task101web.war
Oct 31, 2016 11:56:24 AM org.apache.catalina.deploy.WebXml setVersion
WARNING: Unknown version string [3.1]. Default version will be used.
Oct 31, 2016 11:56:25 AM org.apache.catalina.startup.TldConfig execute
INFO: At least one JAR was scanned for TLDs yet contained no TLDs. Enable debug logging for this logger for a complete list of JARs that were scanned but no TLDs were found in them. Skipping unneeded JARs during scanning can improve startup time and JSP compilation time.
Oct 31, 2016 11:56:25 AM org.apache.catalina.startup.HostConfig deployWAR
INFO: Deployment of web application archive /Users/Nanda/Documents/tomcat7/webapps/task101web.war has finished in 76 ms
Oct 31, 2016 12:34:11 PM org.apache.catalina.startup.HostConfig undeploy
INFO: Undeploying context [/testwebapp]
Oct 31, 2016 12:34:11 PM org.apache.catalina.startup.HostConfig deployWAR
INFO: Deploying web application archive /Users/Nanda/Documents/tomcat7/webapps/testwebapp.war
Oct 31, 2016 12:34:11 PM org.apache.catalina.deploy.WebXml setVersion
WARNING: Unknown version string [3.1]. Default version will be used.
Oct 31, 2016 12:34:11 PM org.apache.catalina.startup.TldConfig execute
INFO: At least one JAR was scanned for TLDs yet contained no TLDs. Enable debug logging for this logger for a complete list of JARs that were scanned but no TLDs were found in them. Skipping unneeded JARs during scanning can improve startup time and JSP compilation time.
Oct 31, 2016 12:34:11 PM org.apache.catalina.startup.HostConfig deployWAR
INFO: Deployment of web application archive /Users/Nanda/Documents/tomcat7/webapps/testwebapp.war has finished in 58 ms
Oct 31, 2016 12:46:11 PM org.apache.catalina.startup.HostConfig undeploy
INFO: Undeploying context [/mydemoapp]
Oct 31, 2016 12:46:11 PM org.apache.catalina.startup.HostConfig deployWAR
INFO: Deploying web application archive /Users/Nanda/Documents/tomcat7/webapps/mydemoapp.war
Oct 31, 2016 12:46:11 PM org.apache.catalina.deploy.WebXml setVersion
WARNING: Unknown version string [3.1]. Default version will be used.
Oct 31, 2016 12:46:11 PM org.apache.catalina.startup.TldConfig execute
INFO: At least one JAR was scanned for TLDs yet contained no TLDs. Enable debug logging for this logger for a complete list of JARs that were scanned but no TLDs were found in them. Skipping unneeded JARs during scanning can improve startup time and JSP compilation time.
Oct 31, 2016 12:46:11 PM org.apache.catalina.startup.HostConfig deployWAR
INFO: Deployment of web application archive /Users/Nanda/Documents/tomcat7/webapps/mydemoapp.war has finished in 52 ms
Oct 31, 2016 12:46:18 PM org.apache.catalina.util.LifecycleBase stop
INFO: The stop() method was called on component [StandardEngine[Catalina].StandardHost[localhost].StandardContext[/helloweb]] after stop() had already been called. The second call will be ignored.
Oct 31, 2016 12:46:18 PM org.apache.catalina.util.LifecycleBase stop
INFO: The stop() method was called on component [StandardEngine[Catalina].StandardHost[localhost].StandardContext[/sampleweb3]] after stop() had already been called. The second call will be ignored.
Oct 31, 2016 12:52:11 PM org.apache.catalina.startup.HostConfig undeploy
INFO: Undeploying context [/testwebapp0101]
Oct 31, 2016 12:52:11 PM org.apache.catalina.startup.HostConfig deployWAR
INFO: Deploying web application archive /Users/Nanda/Documents/tomcat7/webapps/testwebapp0101.war
Oct 31, 2016 12:52:11 PM org.apache.catalina.deploy.WebXml setVersion
WARNING: Unknown version string [3.1]. Default version will be used.
Oct 31, 2016 12:52:11 PM org.apache.catalina.startup.TldConfig execute
INFO: At least one JAR was scanned for TLDs yet contained no TLDs. Enable debug logging for this logger for a complete list of JARs that were scanned but no TLDs were found in them. Skipping unneeded JARs during scanning can improve startup time and JSP compilation time.
Oct 31, 2016 12:52:11 PM org.apache.catalina.startup.HostConfig deployWAR
INFO: Deployment of web application archive /Users/Nanda/Documents/tomcat7/webapps/testwebapp0101.war has finished in 64 ms
Oct 31, 2016 12:56:41 PM org.apache.catalina.startup.HostConfig undeploy
INFO: Undeploying context [/task101web]
Oct 31, 2016 12:56:41 PM org.apache.catalina.startup.HostConfig deployWAR
INFO: Deploying web application archive /Users/Nanda/Documents/tomcat7/webapps/task101web.war
Oct 31, 2016 12:56:41 PM org.apache.catalina.deploy.WebXml setVersion
WARNING: Unknown version string [3.1]. Default version will be used.
Oct 31, 2016 12:56:41 PM org.apache.catalina.startup.TldConfig execute
INFO: At least one JAR was scanned for TLDs yet contained no TLDs. Enable debug logging for this logger for a complete list of JARs that were scanned but no TLDs were found in them. Skipping unneeded JARs during scanning can improve startup time and JSP compilation time.
Oct 31, 2016 12:56:41 PM org.apache.catalina.startup.HostConfig deployWAR
INFO: Deployment of web application archive /Users/Nanda/Documents/tomcat7/webapps/task101web.war has finished in 46 ms
Oct 31, 2016 1:01:40 PM org.apache.catalina.util.LifecycleBase stop
INFO: The stop() method was called on component [StandardEngine[Catalina].StandardHost[localhost].StandardContext[/simpleapp]] after stop() had already been called. The second call will be ignored.
Oct 31, 2016 2:28:36 PM org.apache.catalina.startup.HostConfig undeploy
INFO: Undeploying context [/testwebapp]
Oct 31, 2016 2:28:36 PM org.apache.catalina.startup.HostConfig deployWAR
INFO: Deploying web application archive /Users/Nanda/Documents/tomcat7/webapps/testwebapp.war
Oct 31, 2016 2:28:36 PM org.apache.catalina.deploy.WebXml setVersion
WARNING: Unknown version string [3.1]. Default version will be used.
Oct 31, 2016 2:28:36 PM org.apache.catalina.startup.TldConfig execute
INFO: At least one JAR was scanned for TLDs yet contained no TLDs. Enable debug logging for this logger for a complete list of JARs that were scanned but no TLDs were found in them. Skipping unneeded JARs during scanning can improve startup time and JSP compilation time.
Oct 31, 2016 2:28:36 PM org.apache.catalina.startup.HostConfig deployWAR
INFO: Deployment of web application archive /Users/Nanda/Documents/tomcat7/webapps/testwebapp.war has finished in 51 ms
Oct 31, 2016 2:28:40 PM org.apache.catalina.startup.HostConfig undeploy
INFO: Undeploying context [/mydemoapp]
Oct 31, 2016 2:28:40 PM org.apache.catalina.startup.HostConfig deployWAR
INFO: Deploying web application archive /Users/Nanda/Documents/tomcat7/webapps/mydemoapp.war
Oct 31, 2016 2:28:40 PM org.apache.catalina.deploy.WebXml setVersion
WARNING: Unknown version string [3.1]. Default version will be used.
Oct 31, 2016 2:28:40 PM org.apache.catalina.startup.TldConfig execute
INFO: At least one JAR was scanned for TLDs yet contained no TLDs. Enable debug logging for this logger for a complete list of JARs that were scanned but no TLDs were found in them. Skipping unneeded JARs during scanning can improve startup time and JSP compilation time.
Oct 31, 2016 2:28:40 PM org.apache.catalina.startup.HostConfig deployWAR
INFO: Deployment of web application archive /Users/Nanda/Documents/tomcat7/webapps/mydemoapp.war has finished in 56 ms
Oct 31, 2016 2:28:41 PM org.apache.catalina.startup.HostConfig undeploy
INFO: Undeploying context [/testwebapp0101]
Oct 31, 2016 2:28:41 PM org.apache.catalina.startup.HostConfig deployWAR
INFO: Deploying web application archive /Users/Nanda/Documents/tomcat7/webapps/testwebapp0101.war
Oct 31, 2016 2:28:41 PM org.apache.catalina.deploy.WebXml setVersion
WARNING: Unknown version string [3.1]. Default version will be used.
Oct 31, 2016 2:28:41 PM org.apache.catalina.startup.TldConfig execute
INFO: At least one JAR was scanned for TLDs yet contained no TLDs. Enable debug logging for this logger for a complete list of JARs that were scanned but no TLDs were found in them. Skipping unneeded JARs during scanning can improve startup time and JSP compilation time.
Oct 31, 2016 2:28:41 PM org.apache.catalina.startup.HostConfig deployWAR
INFO: Deployment of web application archive /Users/Nanda/Documents/tomcat7/webapps/testwebapp0101.war has finished in 110 ms
Oct 31, 2016 2:28:45 PM org.apache.catalina.startup.HostConfig undeploy
INFO: Undeploying context [/task101web]
Oct 31, 2016 2:28:45 PM org.apache.catalina.util.LifecycleBase stop
INFO: The stop() method was called on component [StandardEngine[Catalina].StandardHost[localhost].StandardContext[/simpleapp]] after stop() had already been called. The second call will be ignored.
Oct 31, 2016 2:28:45 PM org.apache.catalina.startup.HostConfig deployWAR
INFO: Deploying web application archive /Users/Nanda/Documents/tomcat7/webapps/task101web.war
Oct 31, 2016 2:28:45 PM org.apache.catalina.deploy.WebXml setVersion
WARNING: Unknown version string [3.1]. Default version will be used.
Oct 31, 2016 2:28:45 PM org.apache.catalina.startup.TldConfig execute
INFO: At least one JAR was scanned for TLDs yet contained no TLDs. Enable debug logging for this logger for a complete list of JARs that were scanned but no TLDs were found in them. Skipping unneeded JARs during scanning can improve startup time and JSP compilation time.
Oct 31, 2016 2:28:45 PM org.apache.catalina.startup.HostConfig deployWAR
INFO: Deployment of web application archive /Users/Nanda/Documents/tomcat7/webapps/task101web.war has finished in 53 ms
Oct 31, 2016 2:28:49 PM org.apache.catalina.util.LifecycleBase stop
INFO: The stop() method was called on component [StandardEngine[Catalina].StandardHost[localhost].StandardContext[/helloweb]] after stop() had already been called. The second call will be ignored.
Oct 31, 2016 2:28:51 PM org.apache.catalina.util.LifecycleBase stop
INFO: The stop() method was called on component [StandardEngine[Catalina].StandardHost[localhost].StandardContext[/sampleweb3]] after stop() had already been called. The second call will be ignored.
Oct 31, 2016 2:34:35 PM org.apache.catalina.startup.HostConfig undeploy
INFO: Undeploying context [/testwebapp]
Oct 31, 2016 2:34:35 PM org.apache.catalina.startup.HostConfig deployWAR
INFO: Deploying web application archive /Users/Nanda/Documents/tomcat7/webapps/testwebapp.war
Oct 31, 2016 2:34:35 PM org.apache.catalina.deploy.WebXml setVersion
WARNING: Unknown version string [3.1]. Default version will be used.
Oct 31, 2016 2:34:35 PM org.apache.catalina.startup.TldConfig execute
INFO: At least one JAR was scanned for TLDs yet contained no TLDs. Enable debug logging for this logger for a complete list of JARs that were scanned but no TLDs were found in them. Skipping unneeded JARs during scanning can improve startup time and JSP compilation time.
Oct 31, 2016 2:34:35 PM org.apache.catalina.startup.HostConfig deployWAR
INFO: Deployment of web application archive /Users/Nanda/Documents/tomcat7/webapps/testwebapp.war has finished in 49 ms
Oct 31, 2016 2:41:43 PM org.apache.catalina.util.LifecycleBase stop
INFO: The stop() method was called on component [StandardEngine[Catalina].StandardHost[localhost].StandardContext[/helloweb]] after stop() had already been called. The second call will be ignored.
Oct 31, 2016 2:41:43 PM org.apache.catalina.util.LifecycleBase stop
INFO: The stop() method was called on component [StandardEngine[Catalina].StandardHost[localhost].StandardContext[/sampleweb3]] after stop() had already been called. The second call will be ignored.
Oct 31, 2016 2:43:34 PM org.apache.catalina.startup.HostConfig undeploy
INFO: Undeploying context [/mydemoapp]
Oct 31, 2016 2:43:35 PM org.apache.catalina.startup.HostConfig deployWAR
INFO: Deploying web application archive /Users/Nanda/Documents/tomcat7/webapps/mydemoapp.war
Oct 31, 2016 2:43:35 PM org.apache.catalina.deploy.WebXml setVersion
WARNING: Unknown version string [3.1]. Default version will be used.
Oct 31, 2016 2:43:35 PM org.apache.catalina.startup.TldConfig execute
INFO: At least one JAR was scanned for TLDs yet contained no TLDs. Enable debug logging for this logger for a complete list of JARs that were scanned but no TLDs were found in them. Skipping unneeded JARs during scanning can improve startup time and JSP compilation time.
Oct 31, 2016 2:43:35 PM org.apache.catalina.startup.HostConfig deployWAR
INFO: Deployment of web application archive /Users/Nanda/Documents/tomcat7/webapps/mydemoapp.war has finished in 41 ms
Oct 31, 2016 2:52:35 PM org.apache.catalina.startup.HostConfig undeploy
INFO: Undeploying context [/testwebapp0101]
Oct 31, 2016 2:52:35 PM org.apache.catalina.startup.HostConfig deployWAR
INFO: Deploying web application archive /Users/Nanda/Documents/tomcat7/webapps/testwebapp0101.war
Oct 31, 2016 2:52:35 PM org.apache.catalina.deploy.WebXml setVersion
WARNING: Unknown version string [3.1]. Default version will be used.
Oct 31, 2016 2:52:35 PM org.apache.catalina.startup.TldConfig execute
INFO: At least one JAR was scanned for TLDs yet contained no TLDs. Enable debug logging for this logger for a complete list of JARs that were scanned but no TLDs were found in them. Skipping unneeded JARs during scanning can improve startup time and JSP compilation time.
Oct 31, 2016 2:52:35 PM org.apache.catalina.startup.HostConfig deployWAR
INFO: Deployment of web application archive /Users/Nanda/Documents/tomcat7/webapps/testwebapp0101.war has finished in 49 ms
Oct 31, 2016 2:56:35 PM org.apache.catalina.startup.HostConfig undeploy
INFO: Undeploying context [/task101web]
Oct 31, 2016 2:56:35 PM org.apache.catalina.startup.HostConfig deployWAR
INFO: Deploying web application archive /Users/Nanda/Documents/tomcat7/webapps/task101web.war
Oct 31, 2016 2:56:35 PM org.apache.catalina.deploy.WebXml setVersion
WARNING: Unknown version string [3.1]. Default version will be used.
Oct 31, 2016 2:56:35 PM org.apache.catalina.startup.TldConfig execute
INFO: At least one JAR was scanned for TLDs yet contained no TLDs. Enable debug logging for this logger for a complete list of JARs that were scanned but no TLDs were found in them. Skipping unneeded JARs during scanning can improve startup time and JSP compilation time.
Oct 31, 2016 2:56:35 PM org.apache.catalina.startup.HostConfig deployWAR
INFO: Deployment of web application archive /Users/Nanda/Documents/tomcat7/webapps/task101web.war has finished in 47 ms
Oct 31, 2016 3:01:34 PM org.apache.catalina.util.LifecycleBase stop
INFO: The stop() method was called on component [StandardEngine[Catalina].StandardHost[localhost].StandardContext[/simpleapp]] after stop() had already been called. The second call will be ignored.
Oct 31, 2016 4:04:00 PM org.apache.catalina.startup.HostConfig undeploy
INFO: Undeploying context [/testwebapp]
Oct 31, 2016 4:04:00 PM org.apache.catalina.startup.HostConfig deployWAR
INFO: Deploying web application archive /Users/Nanda/Documents/tomcat7/webapps/testwebapp.war
Oct 31, 2016 4:04:00 PM org.apache.catalina.deploy.WebXml setVersion
WARNING: Unknown version string [3.1]. Default version will be used.
Oct 31, 2016 4:04:00 PM org.apache.catalina.startup.TldConfig execute
INFO: At least one JAR was scanned for TLDs yet contained no TLDs. Enable debug logging for this logger for a complete list of JARs that were scanned but no TLDs were found in them. Skipping unneeded JARs during scanning can improve startup time and JSP compilation time.
Oct 31, 2016 4:04:00 PM org.apache.catalina.startup.HostConfig deployWAR
INFO: Deployment of web application archive /Users/Nanda/Documents/tomcat7/webapps/testwebapp.war has finished in 68 ms
Oct 31, 2016 4:04:04 PM org.apache.catalina.startup.HostConfig undeploy
INFO: Undeploying context [/mydemoapp]
Oct 31, 2016 4:04:04 PM org.apache.catalina.startup.HostConfig deployWAR
INFO: Deploying web application archive /Users/Nanda/Documents/tomcat7/webapps/mydemoapp.war
Oct 31, 2016 4:04:05 PM org.apache.catalina.deploy.WebXml setVersion
WARNING: Unknown version string [3.1]. Default version will be used.
Oct 31, 2016 4:04:05 PM org.apache.catalina.startup.TldConfig execute
INFO: At least one JAR was scanned for TLDs yet contained no TLDs. Enable debug logging for this logger for a complete list of JARs that were scanned but no TLDs were found in them. Skipping unneeded JARs during scanning can improve startup time and JSP compilation time.
Oct 31, 2016 4:04:05 PM org.apache.catalina.startup.HostConfig deployWAR
INFO: Deployment of web application archive /Users/Nanda/Documents/tomcat7/webapps/mydemoapp.war has finished in 177 ms
Oct 31, 2016 4:35:53 PM org.apache.catalina.startup.HostConfig undeploy
INFO: Undeploying context [/testwebapp0101]
Oct 31, 2016 4:35:53 PM org.apache.catalina.startup.HostConfig deployWAR
INFO: Deploying web application archive /Users/Nanda/Documents/tomcat7/webapps/testwebapp0101.war
Oct 31, 2016 4:35:53 PM org.apache.catalina.deploy.WebXml setVersion
WARNING: Unknown version string [3.1]. Default version will be used.
Oct 31, 2016 4:35:53 PM org.apache.catalina.startup.TldConfig execute
INFO: At least one JAR was scanned for TLDs yet contained no TLDs. Enable debug logging for this logger for a complete list of JARs that were scanned but no TLDs were found in them. Skipping unneeded JARs during scanning can improve startup time and JSP compilation time.
Oct 31, 2016 4:35:53 PM org.apache.catalina.startup.HostConfig deployWAR
INFO: Deployment of web application archive /Users/Nanda/Documents/tomcat7/webapps/testwebapp0101.war has finished in 68 ms
Oct 31, 2016 4:35:54 PM org.apache.catalina.startup.HostConfig undeploy
INFO: Undeploying context [/task101web]
Oct 31, 2016 4:35:54 PM org.apache.catalina.startup.HostConfig deployWAR
INFO: Deploying web application archive /Users/Nanda/Documents/tomcat7/webapps/task101web.war
Oct 31, 2016 4:35:54 PM org.apache.catalina.deploy.WebXml setVersion
WARNING: Unknown version string [3.1]. Default version will be used.
Oct 31, 2016 4:35:54 PM org.apache.catalina.startup.TldConfig execute
INFO: At least one JAR was scanned for TLDs yet contained no TLDs. Enable debug logging for this logger for a complete list of JARs that were scanned but no TLDs were found in them. Skipping unneeded JARs during scanning can improve startup time and JSP compilation time.
Oct 31, 2016 4:35:54 PM org.apache.catalina.startup.HostConfig deployWAR
INFO: Deployment of web application archive /Users/Nanda/Documents/tomcat7/webapps/task101web.war has finished in 47 ms
Oct 31, 2016 4:38:59 PM org.apache.catalina.startup.HostConfig undeploy
INFO: Undeploying context [/testwebapp]
Oct 31, 2016 4:38:59 PM org.apache.catalina.startup.HostConfig deployWAR
INFO: Deploying web application archive /Users/Nanda/Documents/tomcat7/webapps/testwebapp.war
Oct 31, 2016 4:38:59 PM org.apache.catalina.deploy.WebXml setVersion
WARNING: Unknown version string [3.1]. Default version will be used.
Oct 31, 2016 4:38:59 PM org.apache.catalina.startup.TldConfig execute
INFO: At least one JAR was scanned for TLDs yet contained no TLDs. Enable debug logging for this logger for a complete list of JARs that were scanned but no TLDs were found in them. Skipping unneeded JARs during scanning can improve startup time and JSP compilation time.
Oct 31, 2016 4:38:59 PM org.apache.catalina.startup.HostConfig deployWAR
INFO: Deployment of web application archive /Users/Nanda/Documents/tomcat7/webapps/testwebapp.war has finished in 49 ms
Oct 31, 2016 4:42:03 PM org.apache.catalina.util.LifecycleBase stop
INFO: The stop() method was called on component [StandardEngine[Catalina].StandardHost[localhost].StandardContext[/helloweb]] after stop() had already been called. The second call will be ignored.
Oct 31, 2016 4:42:03 PM org.apache.catalina.util.LifecycleBase stop
INFO: The stop() method was called on component [StandardEngine[Catalina].StandardHost[localhost].StandardContext[/sampleweb3]] after stop() had already been called. The second call will be ignored.
Oct 31, 2016 4:43:54 PM org.apache.catalina.startup.HostConfig undeploy
INFO: Undeploying context [/mydemoapp]
Oct 31, 2016 4:43:54 PM org.apache.catalina.startup.HostConfig deployWAR
INFO: Deploying web application archive /Users/Nanda/Documents/tomcat7/webapps/mydemoapp.war
Oct 31, 2016 4:43:54 PM org.apache.catalina.deploy.WebXml setVersion
WARNING: Unknown version string [3.1]. Default version will be used.
Oct 31, 2016 4:43:54 PM org.apache.catalina.startup.TldConfig execute
INFO: At least one JAR was scanned for TLDs yet contained no TLDs. Enable debug logging for this logger for a complete list of JARs that were scanned but no TLDs were found in them. Skipping unneeded JARs during scanning can improve startup time and JSP compilation time.
Oct 31, 2016 4:43:54 PM org.apache.catalina.startup.HostConfig deployWAR
INFO: Deployment of web application archive /Users/Nanda/Documents/tomcat7/webapps/mydemoapp.war has finished in 44 ms
Oct 31, 2016 4:52:54 PM org.apache.catalina.startup.HostConfig undeploy
INFO: Undeploying context [/testwebapp0101]
Oct 31, 2016 4:52:54 PM org.apache.catalina.startup.HostConfig deployWAR
INFO: Deploying web application archive /Users/Nanda/Documents/tomcat7/webapps/testwebapp0101.war
Oct 31, 2016 4:52:54 PM org.apache.catalina.deploy.WebXml setVersion
WARNING: Unknown version string [3.1]. Default version will be used.
Oct 31, 2016 4:52:54 PM org.apache.catalina.startup.TldConfig execute
INFO: At least one JAR was scanned for TLDs yet contained no TLDs. Enable debug logging for this logger for a complete list of JARs that were scanned but no TLDs were found in them. Skipping unneeded JARs during scanning can improve startup time and JSP compilation time.
Oct 31, 2016 4:52:54 PM org.apache.catalina.startup.HostConfig deployWAR
INFO: Deployment of web application archive /Users/Nanda/Documents/tomcat7/webapps/testwebapp0101.war has finished in 49 ms
Oct 31, 2016 4:56:54 PM org.apache.catalina.startup.HostConfig undeploy
INFO: Undeploying context [/task101web]
Oct 31, 2016 4:56:54 PM org.apache.catalina.startup.HostConfig deployWAR
INFO: Deploying web application archive /Users/Nanda/Documents/tomcat7/webapps/task101web.war
Oct 31, 2016 4:56:54 PM org.apache.catalina.deploy.WebXml setVersion
WARNING: Unknown version string [3.1]. Default version will be used.
Oct 31, 2016 4:56:54 PM org.apache.catalina.startup.TldConfig execute
INFO: At least one JAR was scanned for TLDs yet contained no TLDs. Enable debug logging for this logger for a complete list of JARs that were scanned but no TLDs were found in them. Skipping unneeded JARs during scanning can improve startup time and JSP compilation time.
Oct 31, 2016 4:56:54 PM org.apache.catalina.startup.HostConfig deployWAR
INFO: Deployment of web application archive /Users/Nanda/Documents/tomcat7/webapps/task101web.war has finished in 46 ms
Oct 31, 2016 5:01:54 PM org.apache.catalina.util.LifecycleBase stop
INFO: The stop() method was called on component [StandardEngine[Catalina].StandardHost[localhost].StandardContext[/simpleapp]] after stop() had already been called. The second call will be ignored.
Oct 31, 2016 7:59:20 PM org.apache.catalina.startup.HostConfig undeploy
INFO: Undeploying context [/testwebapp]
Oct 31, 2016 7:59:20 PM org.apache.catalina.startup.HostConfig deployWAR
INFO: Deploying web application archive /Users/Nanda/Documents/tomcat7/webapps/testwebapp.war
Oct 31, 2016 7:59:20 PM org.apache.catalina.deploy.WebXml setVersion
WARNING: Unknown version string [3.1]. Default version will be used.
Oct 31, 2016 7:59:21 PM org.apache.catalina.startup.TldConfig execute
INFO: At least one JAR was scanned for TLDs yet contained no TLDs. Enable debug logging for this logger for a complete list of JARs that were scanned but no TLDs were found in them. Skipping unneeded JARs during scanning can improve startup time and JSP compilation time.
Oct 31, 2016 7:59:21 PM org.apache.catalina.startup.HostConfig deployWAR
INFO: Deployment of web application archive /Users/Nanda/Documents/tomcat7/webapps/testwebapp.war has finished in 82 ms
Oct 31, 2016 7:59:24 PM org.apache.catalina.startup.HostConfig undeploy
INFO: Undeploying context [/mydemoapp]
Oct 31, 2016 7:59:24 PM org.apache.catalina.startup.HostConfig deployWAR
INFO: Deploying web application archive /Users/Nanda/Documents/tomcat7/webapps/mydemoapp.war
Oct 31, 2016 7:59:24 PM org.apache.catalina.deploy.WebXml setVersion
WARNING: Unknown version string [3.1]. Default version will be used.
Oct 31, 2016 7:59:25 PM org.apache.catalina.startup.TldConfig execute
INFO: At least one JAR was scanned for TLDs yet contained no TLDs. Enable debug logging for this logger for a complete list of JARs that were scanned but no TLDs were found in them. Skipping unneeded JARs during scanning can improve startup time and JSP compilation time.
Oct 31, 2016 7:59:25 PM org.apache.catalina.startup.HostConfig deployWAR
INFO: Deployment of web application archive /Users/Nanda/Documents/tomcat7/webapps/mydemoapp.war has finished in 43 ms
Oct 31, 2016 7:59:25 PM org.apache.catalina.startup.HostConfig undeploy
INFO: Undeploying context [/testwebapp0101]
Oct 31, 2016 7:59:25 PM org.apache.catalina.startup.HostConfig deployWAR
INFO: Deploying web application archive /Users/Nanda/Documents/tomcat7/webapps/testwebapp0101.war
Oct 31, 2016 7:59:25 PM org.apache.catalina.deploy.WebXml setVersion
WARNING: Unknown version string [3.1]. Default version will be used.
Oct 31, 2016 7:59:25 PM org.apache.catalina.startup.TldConfig execute
INFO: At least one JAR was scanned for TLDs yet contained no TLDs. Enable debug logging for this logger for a complete list of JARs that were scanned but no TLDs were found in them. Skipping unneeded JARs during scanning can improve startup time and JSP compilation time.
Oct 31, 2016 7:59:25 PM org.apache.catalina.startup.HostConfig deployWAR
INFO: Deployment of web application archive /Users/Nanda/Documents/tomcat7/webapps/testwebapp0101.war has finished in 49 ms
Oct 31, 2016 7:59:30 PM org.apache.catalina.startup.HostConfig undeploy
INFO: Undeploying context [/task101web]
Oct 31, 2016 7:59:30 PM org.apache.catalina.util.LifecycleBase stop
INFO: The stop() method was called on component [StandardEngine[Catalina].StandardHost[localhost].StandardContext[/simpleapp]] after stop() had already been called. The second call will be ignored.
Oct 31, 2016 7:59:30 PM org.apache.catalina.startup.HostConfig deployWAR
INFO: Deploying web application archive /Users/Nanda/Documents/tomcat7/webapps/task101web.war
Oct 31, 2016 7:59:30 PM org.apache.catalina.deploy.WebXml setVersion
WARNING: Unknown version string [3.1]. Default version will be used.
Oct 31, 2016 7:59:30 PM org.apache.catalina.startup.TldConfig execute
INFO: At least one JAR was scanned for TLDs yet contained no TLDs. Enable debug logging for this logger for a complete list of JARs that were scanned but no TLDs were found in them. Skipping unneeded JARs during scanning can improve startup time and JSP compilation time.
Oct 31, 2016 7:59:30 PM org.apache.catalina.startup.HostConfig deployWAR
INFO: Deployment of web application archive /Users/Nanda/Documents/tomcat7/webapps/task101web.war has finished in 68 ms
Oct 31, 2016 7:59:34 PM org.apache.catalina.util.LifecycleBase stop
INFO: The stop() method was called on component [StandardEngine[Catalina].StandardHost[localhost].StandardContext[/helloweb]] after stop() had already been called. The second call will be ignored.
Oct 31, 2016 7:59:38 PM org.apache.catalina.util.LifecycleBase stop
INFO: The stop() method was called on component [StandardEngine[Catalina].StandardHost[localhost].StandardContext[/sampleweb3]] after stop() had already been called. The second call will be ignored.
Oct 31, 2016 8:01:19 PM org.apache.catalina.util.LifecycleBase stop
INFO: The stop() method was called on component [StandardEngine[Catalina].StandardHost[localhost].StandardContext[/simpleapp]] after stop() had already been called. The second call will be ignored.
Oct 31, 2016 8:34:20 PM org.apache.catalina.startup.HostConfig undeploy
INFO: Undeploying context [/testwebapp]
Oct 31, 2016 8:34:20 PM org.apache.catalina.startup.HostConfig deployWAR
INFO: Deploying web application archive /Users/Nanda/Documents/tomcat7/webapps/testwebapp.war
Oct 31, 2016 8:34:20 PM org.apache.catalina.deploy.WebXml setVersion
WARNING: Unknown version string [3.1]. Default version will be used.
Oct 31, 2016 8:34:20 PM org.apache.catalina.startup.TldConfig execute
INFO: At least one JAR was scanned for TLDs yet contained no TLDs. Enable debug logging for this logger for a complete list of JARs that were scanned but no TLDs were found in them. Skipping unneeded JARs during scanning can improve startup time and JSP compilation time.
Oct 31, 2016 8:34:20 PM org.apache.catalina.startup.HostConfig deployWAR
INFO: Deployment of web application archive /Users/Nanda/Documents/tomcat7/webapps/testwebapp.war has finished in 58 ms
Oct 31, 2016 8:41:29 PM org.apache.catalina.util.LifecycleBase stop
INFO: The stop() method was called on component [StandardEngine[Catalina].StandardHost[localhost].StandardContext[/helloweb]] after stop() had already been called. The second call will be ignored.
Oct 31, 2016 8:41:30 PM org.apache.catalina.util.LifecycleBase stop
INFO: The stop() method was called on component [StandardEngine[Catalina].StandardHost[localhost].StandardContext[/sampleweb3]] after stop() had already been called. The second call will be ignored.
Oct 31, 2016 8:43:20 PM org.apache.catalina.startup.HostConfig undeploy
INFO: Undeploying context [/mydemoapp]
Oct 31, 2016 8:43:20 PM org.apache.catalina.startup.HostConfig deployWAR
INFO: Deploying web application archive /Users/Nanda/Documents/tomcat7/webapps/mydemoapp.war
Oct 31, 2016 8:43:20 PM org.apache.catalina.deploy.WebXml setVersion
WARNING: Unknown version string [3.1]. Default version will be used.
Oct 31, 2016 8:43:20 PM org.apache.catalina.startup.TldConfig execute
INFO: At least one JAR was scanned for TLDs yet contained no TLDs. Enable debug logging for this logger for a complete list of JARs that were scanned but no TLDs were found in them. Skipping unneeded JARs during scanning can improve startup time and JSP compilation time.
Oct 31, 2016 8:43:20 PM org.apache.catalina.startup.HostConfig deployWAR
INFO: Deployment of web application archive /Users/Nanda/Documents/tomcat7/webapps/mydemoapp.war has finished in 47 ms
Oct 31, 2016 8:52:19 PM org.apache.catalina.startup.HostConfig undeploy
INFO: Undeploying context [/testwebapp0101]
Oct 31, 2016 8:52:19 PM org.apache.catalina.startup.HostConfig deployWAR
INFO: Deploying web application archive /Users/Nanda/Documents/tomcat7/webapps/testwebapp0101.war
Oct 31, 2016 8:52:19 PM org.apache.catalina.deploy.WebXml setVersion
WARNING: Unknown version string [3.1]. Default version will be used.
Oct 31, 2016 8:52:20 PM org.apache.catalina.startup.TldConfig execute
INFO: At least one JAR was scanned for TLDs yet contained no TLDs. Enable debug logging for this logger for a complete list of JARs that were scanned but no TLDs were found in them. Skipping unneeded JARs during scanning can improve startup time and JSP compilation time.
Oct 31, 2016 8:52:20 PM org.apache.catalina.startup.HostConfig deployWAR
INFO: Deployment of web application archive /Users/Nanda/Documents/tomcat7/webapps/testwebapp0101.war has finished in 51 ms
Oct 31, 2016 8:56:20 PM org.apache.catalina.startup.HostConfig undeploy
INFO: Undeploying context [/task101web]
Oct 31, 2016 8:56:20 PM org.apache.catalina.startup.HostConfig deployWAR
INFO: Deploying web application archive /Users/Nanda/Documents/tomcat7/webapps/task101web.war
Oct 31, 2016 8:56:20 PM org.apache.catalina.deploy.WebXml setVersion
WARNING: Unknown version string [3.1]. Default version will be used.
Oct 31, 2016 8:56:20 PM org.apache.catalina.startup.TldConfig execute
INFO: At least one JAR was scanned for TLDs yet contained no TLDs. Enable debug logging for this logger for a complete list of JARs that were scanned but no TLDs were found in them. Skipping unneeded JARs during scanning can improve startup time and JSP compilation time.
Oct 31, 2016 8:56:20 PM org.apache.catalina.startup.HostConfig deployWAR
INFO: Deployment of web application archive /Users/Nanda/Documents/tomcat7/webapps/task101web.war has finished in 69 ms
Oct 31, 2016 10:55:32 PM org.apache.catalina.util.LifecycleBase stop
INFO: The stop() method was called on component [StandardEngine[Catalina].StandardHost[localhost].StandardContext[/simpleapp]] after stop() had already been called. The second call will be ignored.
Oct 31, 2016 10:55:36 PM org.apache.catalina.startup.HostConfig undeploy
INFO: Undeploying context [/testwebapp]
Oct 31, 2016 10:55:36 PM org.apache.catalina.startup.HostConfig deployWAR
INFO: Deploying web application archive /Users/Nanda/Documents/tomcat7/webapps/testwebapp.war
Oct 31, 2016 10:55:36 PM org.apache.catalina.deploy.WebXml setVersion
WARNING: Unknown version string [3.1]. Default version will be used.
Oct 31, 2016 10:55:36 PM org.apache.catalina.startup.TldConfig execute
INFO: At least one JAR was scanned for TLDs yet contained no TLDs. Enable debug logging for this logger for a complete list of JARs that were scanned but no TLDs were found in them. Skipping unneeded JARs during scanning can improve startup time and JSP compilation time.
Oct 31, 2016 10:55:36 PM org.apache.catalina.startup.HostConfig deployWAR
INFO: Deployment of web application archive /Users/Nanda/Documents/tomcat7/webapps/testwebapp.war has finished in 79 ms
Oct 31, 2016 10:55:38 PM org.apache.catalina.startup.HostConfig undeploy
INFO: Undeploying context [/mydemoapp]
Oct 31, 2016 10:55:38 PM org.apache.catalina.startup.HostConfig deployWAR
INFO: Deploying web application archive /Users/Nanda/Documents/tomcat7/webapps/mydemoapp.war
Oct 31, 2016 10:55:38 PM org.apache.catalina.deploy.WebXml setVersion
WARNING: Unknown version string [3.1]. Default version will be used.
Oct 31, 2016 10:55:38 PM org.apache.catalina.startup.TldConfig execute
INFO: At least one JAR was scanned for TLDs yet contained no TLDs. Enable debug logging for this logger for a complete list of JARs that were scanned but no TLDs were found in them. Skipping unneeded JARs during scanning can improve startup time and JSP compilation time.
Oct 31, 2016 10:55:38 PM org.apache.catalina.startup.HostConfig deployWAR
INFO: Deployment of web application archive /Users/Nanda/Documents/tomcat7/webapps/mydemoapp.war has finished in 47 ms
Oct 31, 2016 10:55:41 PM org.apache.catalina.startup.HostConfig undeploy
INFO: Undeploying context [/testwebapp0101]
Oct 31, 2016 10:55:41 PM org.apache.catalina.startup.HostConfig deployWAR
INFO: Deploying web application archive /Users/Nanda/Documents/tomcat7/webapps/testwebapp0101.war
Oct 31, 2016 10:55:41 PM org.apache.catalina.deploy.WebXml setVersion
WARNING: Unknown version string [3.1]. Default version will be used.
Oct 31, 2016 10:55:41 PM org.apache.catalina.startup.TldConfig execute
INFO: At least one JAR was scanned for TLDs yet contained no TLDs. Enable debug logging for this logger for a complete list of JARs that were scanned but no TLDs were found in them. Skipping unneeded JARs during scanning can improve startup time and JSP compilation time.
Oct 31, 2016 10:55:41 PM org.apache.catalina.startup.HostConfig deployWAR
INFO: Deployment of web application archive /Users/Nanda/Documents/tomcat7/webapps/testwebapp0101.war has finished in 69 ms
Oct 31, 2016 10:55:43 PM org.apache.catalina.startup.HostConfig undeploy
INFO: Undeploying context [/task101web]
Oct 31, 2016 10:55:43 PM org.apache.catalina.startup.HostConfig deployWAR
INFO: Deploying web application archive /Users/Nanda/Documents/tomcat7/webapps/task101web.war
Oct 31, 2016 10:55:43 PM org.apache.catalina.deploy.WebXml setVersion
WARNING: Unknown version string [3.1]. Default version will be used.
Oct 31, 2016 10:55:43 PM org.apache.catalina.startup.TldConfig execute
INFO: At least one JAR was scanned for TLDs yet contained no TLDs. Enable debug logging for this logger for a complete list of JARs that were scanned but no TLDs were found in them. Skipping unneeded JARs during scanning can improve startup time and JSP compilation time.
Oct 31, 2016 10:55:43 PM org.apache.catalina.startup.HostConfig deployWAR
INFO: Deployment of web application archive /Users/Nanda/Documents/tomcat7/webapps/task101web.war has finished in 71 ms
Oct 31, 2016 10:55:45 PM org.apache.catalina.util.LifecycleBase stop
INFO: The stop() method was called on component [StandardEngine[Catalina].StandardHost[localhost].StandardContext[/simpleapp]] after stop() had already been called. The second call will be ignored.
Oct 31, 2016 10:55:48 PM org.apache.catalina.util.LifecycleBase stop
INFO: The stop() method was called on component [StandardEngine[Catalina].StandardHost[localhost].StandardContext[/helloweb]] after stop() had already been called. The second call will be ignored.
Oct 31, 2016 10:55:50 PM org.apache.catalina.util.LifecycleBase stop
INFO: The stop() method was called on component [StandardEngine[Catalina].StandardHost[localhost].StandardContext[/sampleweb3]] after stop() had already been called. The second call will be ignored.
Oct 31, 2016 10:56:28 PM org.apache.catalina.startup.HostConfig undeploy
INFO: Undeploying context [/task101web]
Oct 31, 2016 10:56:28 PM org.apache.catalina.startup.HostConfig deployWAR
INFO: Deploying web application archive /Users/Nanda/Documents/tomcat7/webapps/task101web.war
Oct 31, 2016 10:56:28 PM org.apache.catalina.deploy.WebXml setVersion
WARNING: Unknown version string [3.1]. Default version will be used.
Oct 31, 2016 10:56:28 PM org.apache.catalina.startup.TldConfig execute
INFO: At least one JAR was scanned for TLDs yet contained no TLDs. Enable debug logging for this logger for a complete list of JARs that were scanned but no TLDs were found in them. Skipping unneeded JARs during scanning can improve startup time and JSP compilation time.
Oct 31, 2016 10:56:28 PM org.apache.catalina.startup.HostConfig deployWAR
INFO: Deployment of web application archive /Users/Nanda/Documents/tomcat7/webapps/task101web.war has finished in 46 ms
Oct 31, 2016 11:01:27 PM org.apache.catalina.util.LifecycleBase stop
INFO: The stop() method was called on component [StandardEngine[Catalina].StandardHost[localhost].StandardContext[/simpleapp]] after stop() had already been called. The second call will be ignored.
