Mar 21, 2016 7:49:06 AM org.apache.catalina.startup.HostConfig undeploy
INFO: Undeploying context [/helloweb]
Mar 21, 2016 7:49:06 AM org.apache.catalina.startup.HostConfig undeploy
INFO: Undeploying context [/sampleweb]
Mar 21, 2016 7:49:06 AM org.apache.catalina.startup.HostConfig deployWAR
INFO: Deploying web application archive /Users/Nanda/Documents/tomcat7/webapps/sampleweb.war
Mar 21, 2016 7:49:06 AM org.apache.catalina.startup.TldConfig execute
INFO: At least one JAR was scanned for TLDs yet contained no TLDs. Enable debug logging for this logger for a complete list of JARs that were scanned but no TLDs were found in them. Skipping unneeded JARs during scanning can improve startup time and JSP compilation time.
Mar 21, 2016 7:49:06 AM org.apache.catalina.startup.HostConfig deployWAR
INFO: Deployment of web application archive /Users/Nanda/Documents/tomcat7/webapps/sampleweb.war has finished in 115 ms
Mar 21, 2016 7:49:06 AM org.apache.catalina.startup.HostConfig deployWAR
INFO: Deploying web application archive /Users/Nanda/Documents/tomcat7/webapps/helloweb.war
Mar 21, 2016 7:49:07 AM org.apache.catalina.startup.TldConfig execute
INFO: At least one JAR was scanned for TLDs yet contained no TLDs. Enable debug logging for this logger for a complete list of JARs that were scanned but no TLDs were found in them. Skipping unneeded JARs during scanning can improve startup time and JSP compilation time.
Mar 21, 2016 7:49:07 AM org.apache.catalina.startup.HostConfig deployWAR
INFO: Deployment of web application archive /Users/Nanda/Documents/tomcat7/webapps/helloweb.war has finished in 63 ms
Mar 21, 2016 8:44:57 AM org.apache.catalina.startup.HostConfig undeploy
INFO: Undeploying context [/sampleweb]
Mar 21, 2016 8:44:57 AM org.apache.catalina.startup.HostConfig deployWAR
INFO: Deploying web application archive /Users/Nanda/Documents/tomcat7/webapps/sampleweb.war
Mar 21, 2016 8:44:57 AM org.apache.catalina.startup.TldConfig execute
INFO: At least one JAR was scanned for TLDs yet contained no TLDs. Enable debug logging for this logger for a complete list of JARs that were scanned but no TLDs were found in them. Skipping unneeded JARs during scanning can improve startup time and JSP compilation time.
Mar 21, 2016 8:44:57 AM org.apache.catalina.startup.HostConfig deployWAR
INFO: Deployment of web application archive /Users/Nanda/Documents/tomcat7/webapps/sampleweb.war has finished in 45 ms
Mar 21, 2016 8:44:58 AM org.apache.catalina.startup.HostConfig undeploy
INFO: Undeploying context [/helloweb]
Mar 21, 2016 8:44:58 AM org.apache.catalina.startup.HostConfig deployWAR
INFO: Deploying web application archive /Users/Nanda/Documents/tomcat7/webapps/helloweb.war
Mar 21, 2016 8:44:58 AM org.apache.catalina.startup.TldConfig execute
INFO: At least one JAR was scanned for TLDs yet contained no TLDs. Enable debug logging for this logger for a complete list of JARs that were scanned but no TLDs were found in them. Skipping unneeded JARs during scanning can improve startup time and JSP compilation time.
Mar 21, 2016 8:44:58 AM org.apache.catalina.startup.HostConfig deployWAR
INFO: Deployment of web application archive /Users/Nanda/Documents/tomcat7/webapps/helloweb.war has finished in 52 ms
Mar 21, 2016 9:42:42 AM org.apache.catalina.startup.HostConfig undeploy
INFO: Undeploying context [/sampleweb]
Mar 21, 2016 9:42:42 AM org.apache.catalina.startup.HostConfig deployWAR
INFO: Deploying web application archive /Users/Nanda/Documents/tomcat7/webapps/sampleweb.war
Mar 21, 2016 9:42:42 AM org.apache.catalina.startup.TldConfig execute
INFO: At least one JAR was scanned for TLDs yet contained no TLDs. Enable debug logging for this logger for a complete list of JARs that were scanned but no TLDs were found in them. Skipping unneeded JARs during scanning can improve startup time and JSP compilation time.
Mar 21, 2016 9:42:42 AM org.apache.catalina.startup.HostConfig deployWAR
INFO: Deployment of web application archive /Users/Nanda/Documents/tomcat7/webapps/sampleweb.war has finished in 115 ms
Mar 21, 2016 9:42:42 AM org.apache.catalina.startup.HostConfig undeploy
INFO: Undeploying context [/helloweb]
Mar 21, 2016 9:42:42 AM org.apache.catalina.startup.HostConfig deployWAR
INFO: Deploying web application archive /Users/Nanda/Documents/tomcat7/webapps/helloweb.war
Mar 21, 2016 9:42:42 AM org.apache.catalina.startup.TldConfig execute
INFO: At least one JAR was scanned for TLDs yet contained no TLDs. Enable debug logging for this logger for a complete list of JARs that were scanned but no TLDs were found in them. Skipping unneeded JARs during scanning can improve startup time and JSP compilation time.
Mar 21, 2016 9:42:42 AM org.apache.catalina.startup.HostConfig deployWAR
INFO: Deployment of web application archive /Users/Nanda/Documents/tomcat7/webapps/helloweb.war has finished in 110 ms
Mar 21, 2016 9:43:41 AM org.apache.catalina.startup.HostConfig undeploy
INFO: Undeploying context [/sampleweb_Yuecheng]
Mar 21, 2016 9:43:41 AM org.apache.catalina.startup.HostConfig deployWAR
INFO: Deploying web application archive /Users/Nanda/Documents/tomcat7/webapps/sampleweb_Yuecheng.war
Mar 21, 2016 9:43:41 AM org.apache.catalina.startup.TldConfig execute
INFO: At least one JAR was scanned for TLDs yet contained no TLDs. Enable debug logging for this logger for a complete list of JARs that were scanned but no TLDs were found in them. Skipping unneeded JARs during scanning can improve startup time and JSP compilation time.
Mar 21, 2016 9:43:41 AM org.apache.catalina.startup.HostConfig deployWAR
INFO: Deployment of web application archive /Users/Nanda/Documents/tomcat7/webapps/sampleweb_Yuecheng.war has finished in 98 ms
Mar 21, 2016 10:42:14 AM org.apache.catalina.startup.HostConfig undeploy
INFO: Undeploying context [/sampleweb]
Mar 21, 2016 10:42:14 AM org.apache.catalina.startup.HostConfig deployWAR
INFO: Deploying web application archive /Users/Nanda/Documents/tomcat7/webapps/sampleweb.war
Mar 21, 2016 10:42:14 AM org.apache.catalina.startup.TldConfig execute
INFO: At least one JAR was scanned for TLDs yet contained no TLDs. Enable debug logging for this logger for a complete list of JARs that were scanned but no TLDs were found in them. Skipping unneeded JARs during scanning can improve startup time and JSP compilation time.
Mar 21, 2016 10:42:14 AM org.apache.catalina.startup.HostConfig deployWAR
INFO: Deployment of web application archive /Users/Nanda/Documents/tomcat7/webapps/sampleweb.war has finished in 50 ms
Mar 21, 2016 10:42:14 AM org.apache.catalina.startup.HostConfig undeploy
INFO: Undeploying context [/helloweb]
Mar 21, 2016 10:42:14 AM org.apache.catalina.startup.HostConfig deployWAR
INFO: Deploying web application archive /Users/Nanda/Documents/tomcat7/webapps/helloweb.war
Mar 21, 2016 10:42:14 AM org.apache.catalina.startup.TldConfig execute
INFO: At least one JAR was scanned for TLDs yet contained no TLDs. Enable debug logging for this logger for a complete list of JARs that were scanned but no TLDs were found in them. Skipping unneeded JARs during scanning can improve startup time and JSP compilation time.
Mar 21, 2016 10:42:14 AM org.apache.catalina.startup.HostConfig deployWAR
INFO: Deployment of web application archive /Users/Nanda/Documents/tomcat7/webapps/helloweb.war has finished in 46 ms
Mar 21, 2016 10:43:37 AM org.apache.catalina.startup.HostConfig undeploy
INFO: Undeploying context [/sampleweb_Yuecheng]
Mar 21, 2016 10:43:38 AM org.apache.catalina.startup.HostConfig deployWAR
INFO: Deploying web application archive /Users/Nanda/Documents/tomcat7/webapps/sampleweb_Yuecheng.war
Mar 21, 2016 10:43:38 AM org.apache.catalina.startup.TldConfig execute
INFO: At least one JAR was scanned for TLDs yet contained no TLDs. Enable debug logging for this logger for a complete list of JARs that were scanned but no TLDs were found in them. Skipping unneeded JARs during scanning can improve startup time and JSP compilation time.
Mar 21, 2016 10:43:38 AM org.apache.catalina.startup.HostConfig deployWAR
INFO: Deployment of web application archive /Users/Nanda/Documents/tomcat7/webapps/sampleweb_Yuecheng.war has finished in 51 ms
Mar 21, 2016 4:10:51 PM org.apache.catalina.core.StandardServer await
INFO: A valid shutdown command was received via the shutdown port. Stopping the Server instance.
Mar 21, 2016 4:10:51 PM org.apache.coyote.AbstractProtocol pause
INFO: Pausing ProtocolHandler ["http-bio-8090"]
Mar 21, 2016 4:10:51 PM org.apache.coyote.AbstractProtocol pause
INFO: Pausing ProtocolHandler ["ajp-bio-8009"]
Mar 21, 2016 4:10:51 PM org.apache.catalina.core.StandardService stopInternal
INFO: Stopping service Catalina
Mar 21, 2016 4:10:51 PM org.apache.coyote.AbstractProtocol stop
INFO: Stopping ProtocolHandler ["http-bio-8090"]
Mar 21, 2016 4:10:51 PM org.apache.coyote.AbstractProtocol stop
INFO: Stopping ProtocolHandler ["ajp-bio-8009"]
Mar 21, 2016 4:10:51 PM org.apache.coyote.AbstractProtocol destroy
INFO: Destroying ProtocolHandler ["http-bio-8090"]
Mar 21, 2016 4:10:51 PM org.apache.coyote.AbstractProtocol destroy
INFO: Destroying ProtocolHandler ["ajp-bio-8009"]
