Feb 16, 2018 4:53:54 PM org.apache.catalina.startup.VersionLoggerListener log
INFO: Server version:        Apache Tomcat/7.0.67
Feb 16, 2018 4:53:54 PM org.apache.catalina.startup.VersionLoggerListener log
INFO: Server built:          Dec 7 2015 13:07:11 UTC
Feb 16, 2018 4:53:54 PM org.apache.catalina.startup.VersionLoggerListener log
INFO: Server number:         7.0.67.0
Feb 16, 2018 4:53:54 PM org.apache.catalina.startup.VersionLoggerListener log
INFO: OS Name:               Windows 10
Feb 16, 2018 4:53:54 PM org.apache.catalina.startup.VersionLoggerListener log
INFO: OS Version:            10.0
Feb 16, 2018 4:53:54 PM org.apache.catalina.startup.VersionLoggerListener log
INFO: Architecture:          amd64
Feb 16, 2018 4:53:54 PM org.apache.catalina.startup.VersionLoggerListener log
INFO: Java Home:             C:\Program Files\Java\jdk1.8.0_144\jre
Feb 16, 2018 4:53:54 PM org.apache.catalina.startup.VersionLoggerListener log
INFO: JVM Version:           1.8.0_144-b01
Feb 16, 2018 4:53:54 PM org.apache.catalina.startup.VersionLoggerListener log
INFO: JVM Vendor:            Oracle Corporation
Feb 16, 2018 4:53:54 PM org.apache.catalina.startup.VersionLoggerListener log
INFO: CATALINA_BASE:         C:\tomcat7
Feb 16, 2018 4:53:54 PM org.apache.catalina.startup.VersionLoggerListener log
INFO: CATALINA_HOME:         C:\tomcat7
Feb 16, 2018 4:53:54 PM org.apache.catalina.startup.VersionLoggerListener log
INFO: Command line argument: -Djava.util.logging.config.file=C:\tomcat7\conf\logging.properties
Feb 16, 2018 4:53:54 PM org.apache.catalina.startup.VersionLoggerListener log
INFO: Command line argument: -Djava.util.logging.manager=org.apache.juli.ClassLoaderLogManager
Feb 16, 2018 4:53:54 PM org.apache.catalina.startup.VersionLoggerListener log
INFO: Command line argument: -Djava.endorsed.dirs=C:\tomcat7\endorsed
Feb 16, 2018 4:53:54 PM org.apache.catalina.startup.VersionLoggerListener log
INFO: Command line argument: -Dcatalina.base=C:\tomcat7
Feb 16, 2018 4:53:54 PM org.apache.catalina.startup.VersionLoggerListener log
INFO: Command line argument: -Dcatalina.home=C:\tomcat7
Feb 16, 2018 4:53:54 PM org.apache.catalina.startup.VersionLoggerListener log
INFO: Command line argument: -Djava.io.tmpdir=C:\tomcat7\temp
Feb 16, 2018 4:53:54 PM org.apache.catalina.core.AprLifecycleListener lifecycleEvent
INFO: The APR based Apache Tomcat Native library which allows optimal performance in production environments was not found on the java.library.path: C:\Program Files\Java\jdk1.8.0_144\bin;C:\WINDOWS\Sun\Java\bin;C:\WINDOWS\system32;C:\WINDOWS;C:\ProgramData\Oracle\Java\javapath;C:\Program Files (x86)\Intel\iCLS Client\;C:\Program Files\Intel\iCLS Client\;C:\WINDOWS\system32;C:\WINDOWS;C:\WINDOWS\System32\Wbem;C:\WINDOWS\System32\WindowsPowerShell\v1.0\;C:\Program Files (x86)\Intel\Intel(R) Management Engine Components\DAL;C:\Program Files\Intel\Intel(R) Management Engine Components\DAL;C:\Program Files (x86)\Intel\Intel(R) Management Engine Components\IPT;C:\Program Files\Intel\Intel(R) Management Engine Components\IPT;C:\Program Files\Intel\WiFi\bin\;C:\Program Files\Common Files\Intel\WirelessCommon\;C:\Program Files\Java\jdk1.8.0_144;C:\Users\manid\Devops\apache-maven-3.5.0\bin;C:\Program Files\nodejs\;C:\Program Files\Java\jdk1.7.0_80;C:\Program Files\Git\cmd;C:\Program Files\Git\mingw64\bin;C:\Program Files\Git\usr\bin;C:\Users\manid\AppData\Local\Microsoft\WindowsApps;C:\Users\manid\AppData\Local\GitHubDesktop\bin;C:\Users\manid\AppData\Roaming\npm;C:\Program Files\Microsoft VS Code\bin;C:\Users\manid\AppData\Local\Microsoft\WindowsApps;;.
Feb 16, 2018 4:53:55 PM org.apache.coyote.AbstractProtocol init
INFO: Initializing ProtocolHandler ["http-bio-8090"]
Feb 16, 2018 4:53:55 PM org.apache.coyote.AbstractProtocol init
INFO: Initializing ProtocolHandler ["ajp-bio-8009"]
Feb 16, 2018 4:53:55 PM org.apache.catalina.startup.Catalina load
INFO: Initialization processed in 1794 ms
Feb 16, 2018 4:53:55 PM org.apache.catalina.core.StandardService startInternal
INFO: Starting service Catalina
Feb 16, 2018 4:53:55 PM org.apache.catalina.core.StandardEngine startInternal
INFO: Starting Servlet Engine: Apache Tomcat/7.0.67
Feb 16, 2018 4:53:55 PM org.apache.catalina.startup.HostConfig deployWAR
INFO: Deploying web application archive C:\tomcat7\webapps\Andy.war
Feb 16, 2018 4:53:55 PM org.apache.catalina.deploy.WebXml setVersion
WARNING: Unknown version string [3.1]. Default version will be used.
Feb 16, 2018 4:53:56 PM org.apache.catalina.startup.TldConfig execute
INFO: At least one JAR was scanned for TLDs yet contained no TLDs. Enable debug logging for this logger for a complete list of JARs that were scanned but no TLDs were found in them. Skipping unneeded JARs during scanning can improve startup time and JSP compilation time.
Feb 16, 2018 4:53:56 PM org.apache.catalina.util.SessionIdGeneratorBase createSecureRandom
INFO: Creation of SecureRandom instance for session ID generation using [SHA1PRNG] took [116] milliseconds.
Feb 16, 2018 4:53:56 PM org.apache.catalina.startup.HostConfig deployWAR
INFO: Deployment of web application archive C:\tomcat7\webapps\Andy.war has finished in 764 ms
Feb 16, 2018 4:53:56 PM org.apache.catalina.startup.HostConfig deployDirectory
INFO: Deploying web application directory C:\tomcat7\webapps\docs
Feb 16, 2018 4:53:56 PM org.apache.catalina.startup.HostConfig deployDirectory
INFO: Deployment of web application directory C:\tomcat7\webapps\docs has finished in 95 ms
Feb 16, 2018 4:53:56 PM org.apache.catalina.startup.HostConfig deployDirectory
INFO: Deploying web application directory C:\tomcat7\webapps\examples
Feb 16, 2018 4:53:56 PM org.apache.catalina.startup.HostConfig deployDirectory
INFO: Deployment of web application directory C:\tomcat7\webapps\examples has finished in 319 ms
Feb 16, 2018 4:53:56 PM org.apache.catalina.startup.HostConfig deployDirectory
INFO: Deploying web application directory C:\tomcat7\webapps\hangdong
Feb 16, 2018 4:53:56 PM org.apache.catalina.deploy.WebXml setVersion
WARNING: Unknown version string [3.1]. Default version will be used.
Feb 16, 2018 4:53:56 PM org.apache.catalina.startup.TldConfig execute
INFO: At least one JAR was scanned for TLDs yet contained no TLDs. Enable debug logging for this logger for a complete list of JARs that were scanned but no TLDs were found in them. Skipping unneeded JARs during scanning can improve startup time and JSP compilation time.
Feb 16, 2018 4:53:56 PM org.apache.catalina.startup.HostConfig deployDirectory
INFO: Deployment of web application directory C:\tomcat7\webapps\hangdong has finished in 200 ms
Feb 16, 2018 4:53:56 PM org.apache.catalina.startup.HostConfig deployDirectory
INFO: Deploying web application directory C:\tomcat7\webapps\helloweb
Feb 16, 2018 4:53:56 PM org.apache.catalina.deploy.WebXml setVersion
WARNING: Unknown version string [3.1]. Default version will be used.
Feb 16, 2018 4:53:57 PM org.apache.catalina.startup.TldConfig execute
INFO: At least one JAR was scanned for TLDs yet contained no TLDs. Enable debug logging for this logger for a complete list of JARs that were scanned but no TLDs were found in them. Skipping unneeded JARs during scanning can improve startup time and JSP compilation time.
Feb 16, 2018 4:53:57 PM org.apache.catalina.startup.HostConfig deployDirectory
INFO: Deployment of web application directory C:\tomcat7\webapps\helloweb has finished in 191 ms
Feb 16, 2018 4:53:57 PM org.apache.catalina.startup.HostConfig deployDirectory
INFO: Deploying web application directory C:\tomcat7\webapps\host-manager
Feb 16, 2018 4:53:57 PM org.apache.catalina.startup.HostConfig deployDirectory
INFO: Deployment of web application directory C:\tomcat7\webapps\host-manager has finished in 81 ms
Feb 16, 2018 4:53:57 PM org.apache.catalina.startup.HostConfig deployDirectory
INFO: Deploying web application directory C:\tomcat7\webapps\manager
Feb 16, 2018 4:53:57 PM org.apache.catalina.startup.HostConfig deployDirectory
INFO: Deployment of web application directory C:\tomcat7\webapps\manager has finished in 56 ms
Feb 16, 2018 4:53:57 PM org.apache.catalina.startup.HostConfig deployDirectory
INFO: Deploying web application directory C:\tomcat7\webapps\mydemoapp
Feb 16, 2018 4:53:57 PM org.apache.catalina.deploy.WebXml setVersion
WARNING: Unknown version string [3.1]. Default version will be used.
Feb 16, 2018 4:53:57 PM org.apache.catalina.startup.TldConfig execute
INFO: At least one JAR was scanned for TLDs yet contained no TLDs. Enable debug logging for this logger for a complete list of JARs that were scanned but no TLDs were found in them. Skipping unneeded JARs during scanning can improve startup time and JSP compilation time.
Feb 16, 2018 4:53:57 PM org.apache.catalina.startup.HostConfig deployDirectory
INFO: Deployment of web application directory C:\tomcat7\webapps\mydemoapp has finished in 120 ms
Feb 16, 2018 4:53:57 PM org.apache.catalina.startup.HostConfig deployDirectory
INFO: Deploying web application directory C:\tomcat7\webapps\ROOT
Feb 16, 2018 4:53:57 PM org.apache.catalina.startup.HostConfig deployDirectory
INFO: Deployment of web application directory C:\tomcat7\webapps\ROOT has finished in 34 ms
Feb 16, 2018 4:53:57 PM org.apache.catalina.startup.HostConfig deployDirectory
INFO: Deploying web application directory C:\tomcat7\webapps\sampleweb
Feb 16, 2018 4:53:57 PM org.apache.catalina.deploy.WebXml setVersion
WARNING: Unknown version string [3.1]. Default version will be used.
Feb 16, 2018 4:53:57 PM org.apache.catalina.startup.TldConfig execute
INFO: At least one JAR was scanned for TLDs yet contained no TLDs. Enable debug logging for this logger for a complete list of JARs that were scanned but no TLDs were found in them. Skipping unneeded JARs during scanning can improve startup time and JSP compilation time.
Feb 16, 2018 4:53:57 PM org.apache.catalina.startup.HostConfig deployDirectory
INFO: Deployment of web application directory C:\tomcat7\webapps\sampleweb has finished in 177 ms
Feb 16, 2018 4:53:57 PM org.apache.catalina.startup.HostConfig deployDirectory
INFO: Deploying web application directory C:\tomcat7\webapps\sampleweb2
Feb 16, 2018 4:53:57 PM org.apache.catalina.deploy.WebXml setVersion
WARNING: Unknown version string [3.1]. Default version will be used.
Feb 16, 2018 4:53:57 PM org.apache.catalina.startup.TldConfig execute
INFO: At least one JAR was scanned for TLDs yet contained no TLDs. Enable debug logging for this logger for a complete list of JARs that were scanned but no TLDs were found in them. Skipping unneeded JARs during scanning can improve startup time and JSP compilation time.
Feb 16, 2018 4:53:57 PM org.apache.catalina.startup.HostConfig deployDirectory
INFO: Deployment of web application directory C:\tomcat7\webapps\sampleweb2 has finished in 140 ms
Feb 16, 2018 4:53:57 PM org.apache.catalina.startup.HostConfig deployDirectory
INFO: Deploying web application directory C:\tomcat7\webapps\sampleweb3
Feb 16, 2018 4:53:57 PM org.apache.catalina.deploy.WebXml setVersion
WARNING: Unknown version string [3.1]. Default version will be used.
Feb 16, 2018 4:53:57 PM org.apache.catalina.startup.TldConfig execute
INFO: At least one JAR was scanned for TLDs yet contained no TLDs. Enable debug logging for this logger for a complete list of JARs that were scanned but no TLDs were found in them. Skipping unneeded JARs during scanning can improve startup time and JSP compilation time.
Feb 16, 2018 4:53:57 PM org.apache.catalina.startup.HostConfig deployDirectory
INFO: Deployment of web application directory C:\tomcat7\webapps\sampleweb3 has finished in 195 ms
Feb 16, 2018 4:53:57 PM org.apache.catalina.startup.HostConfig deployDirectory
INFO: Deploying web application directory C:\tomcat7\webapps\samplewebBinghan
Feb 16, 2018 4:53:57 PM org.apache.catalina.deploy.WebXml setVersion
WARNING: Unknown version string [3.1]. Default version will be used.
Feb 16, 2018 4:53:58 PM org.apache.catalina.startup.TldConfig execute
INFO: At least one JAR was scanned for TLDs yet contained no TLDs. Enable debug logging for this logger for a complete list of JARs that were scanned but no TLDs were found in them. Skipping unneeded JARs during scanning can improve startup time and JSP compilation time.
Feb 16, 2018 4:53:58 PM org.apache.catalina.startup.HostConfig deployDirectory
INFO: Deployment of web application directory C:\tomcat7\webapps\samplewebBinghan has finished in 326 ms
Feb 16, 2018 4:53:58 PM org.apache.catalina.startup.HostConfig deployDirectory
INFO: Deploying web application directory C:\tomcat7\webapps\sampleweb_Yuecheng
Feb 16, 2018 4:53:58 PM org.apache.catalina.deploy.WebXml setVersion
WARNING: Unknown version string [3.1]. Default version will be used.
Feb 16, 2018 4:53:58 PM org.apache.catalina.startup.TldConfig execute
INFO: At least one JAR was scanned for TLDs yet contained no TLDs. Enable debug logging for this logger for a complete list of JARs that were scanned but no TLDs were found in them. Skipping unneeded JARs during scanning can improve startup time and JSP compilation time.
Feb 16, 2018 4:53:58 PM org.apache.catalina.startup.HostConfig deployDirectory
INFO: Deployment of web application directory C:\tomcat7\webapps\sampleweb_Yuecheng has finished in 310 ms
Feb 16, 2018 4:53:58 PM org.apache.catalina.startup.HostConfig deployDirectory
INFO: Deploying web application directory C:\tomcat7\webapps\simpleapp
Feb 16, 2018 4:53:58 PM org.apache.catalina.deploy.WebXml setVersion
WARNING: Unknown version string [3.1]. Default version will be used.
Feb 16, 2018 4:53:58 PM org.apache.catalina.startup.TldConfig execute
INFO: At least one JAR was scanned for TLDs yet contained no TLDs. Enable debug logging for this logger for a complete list of JARs that were scanned but no TLDs were found in them. Skipping unneeded JARs during scanning can improve startup time and JSP compilation time.
Feb 16, 2018 4:53:58 PM org.apache.catalina.startup.HostConfig deployDirectory
INFO: Deployment of web application directory C:\tomcat7\webapps\simpleapp has finished in 331 ms
Feb 16, 2018 4:53:58 PM org.apache.catalina.startup.HostConfig deployDirectory
INFO: Deploying web application directory C:\tomcat7\webapps\task101web
Feb 16, 2018 4:53:58 PM org.apache.catalina.deploy.WebXml setVersion
WARNING: Unknown version string [3.1]. Default version will be used.
Feb 16, 2018 4:53:59 PM org.apache.catalina.startup.TldConfig execute
INFO: At least one JAR was scanned for TLDs yet contained no TLDs. Enable debug logging for this logger for a complete list of JARs that were scanned but no TLDs were found in them. Skipping unneeded JARs during scanning can improve startup time and JSP compilation time.
Feb 16, 2018 4:53:59 PM org.apache.catalina.startup.HostConfig deployDirectory
INFO: Deployment of web application directory C:\tomcat7\webapps\task101web has finished in 316 ms
Feb 16, 2018 4:53:59 PM org.apache.coyote.AbstractProtocol start
INFO: Starting ProtocolHandler ["http-bio-8090"]
Feb 16, 2018 4:53:59 PM org.apache.coyote.AbstractProtocol start
INFO: Starting ProtocolHandler ["ajp-bio-8009"]
Feb 16, 2018 4:53:59 PM org.apache.catalina.startup.Catalina start
INFO: Server startup in 3873 ms
