Oct 26, 2016 8:42:09 PM org.apache.catalina.startup.VersionLoggerListener log
INFO: Server version:        Apache Tomcat/7.0.67
Oct 26, 2016 8:42:09 PM org.apache.catalina.startup.VersionLoggerListener log
INFO: Server built:          Dec 7 2015 13:07:11 UTC
Oct 26, 2016 8:42:09 PM org.apache.catalina.startup.VersionLoggerListener log
INFO: Server number:         7.0.67.0
Oct 26, 2016 8:42:09 PM org.apache.catalina.startup.VersionLoggerListener log
INFO: OS Name:               Mac OS X
Oct 26, 2016 8:42:09 PM org.apache.catalina.startup.VersionLoggerListener log
INFO: OS Version:            10.11.1
Oct 26, 2016 8:42:09 PM org.apache.catalina.startup.VersionLoggerListener log
INFO: Architecture:          x86_64
Oct 26, 2016 8:42:09 PM org.apache.catalina.startup.VersionLoggerListener log
INFO: Java Home:             /Library/Java/JavaVirtualMachines/jdk1.8.0_65.jdk/Contents/Home/jre
Oct 26, 2016 8:42:09 PM org.apache.catalina.startup.VersionLoggerListener log
INFO: JVM Version:           1.8.0_65-b17
Oct 26, 2016 8:42:09 PM org.apache.catalina.startup.VersionLoggerListener log
INFO: JVM Vendor:            Oracle Corporation
Oct 26, 2016 8:42:09 PM org.apache.catalina.startup.VersionLoggerListener log
INFO: CATALINA_BASE:         /Users/Nanda/Documents/tomcat7
Oct 26, 2016 8:42:09 PM org.apache.catalina.startup.VersionLoggerListener log
INFO: CATALINA_HOME:         /Users/Nanda/Documents/tomcat7
Oct 26, 2016 8:42:09 PM org.apache.catalina.startup.VersionLoggerListener log
INFO: Command line argument: -Djava.util.logging.config.file=/Users/Nanda/Documents/tomcat7/conf/logging.properties
Oct 26, 2016 8:42:09 PM org.apache.catalina.startup.VersionLoggerListener log
INFO: Command line argument: -Djava.util.logging.manager=org.apache.juli.ClassLoaderLogManager
Oct 26, 2016 8:42:09 PM org.apache.catalina.startup.VersionLoggerListener log
INFO: Command line argument: -Djava.endorsed.dirs=/Users/Nanda/Documents/tomcat7/endorsed
Oct 26, 2016 8:42:09 PM org.apache.catalina.startup.VersionLoggerListener log
INFO: Command line argument: -Dcatalina.base=/Users/Nanda/Documents/tomcat7
Oct 26, 2016 8:42:09 PM org.apache.catalina.startup.VersionLoggerListener log
INFO: Command line argument: -Dcatalina.home=/Users/Nanda/Documents/tomcat7
Oct 26, 2016 8:42:09 PM org.apache.catalina.startup.VersionLoggerListener log
INFO: Command line argument: -Djava.io.tmpdir=/Users/Nanda/Documents/tomcat7/temp
Oct 26, 2016 8:42:09 PM org.apache.catalina.core.AprLifecycleListener lifecycleEvent
INFO: The APR based Apache Tomcat Native library which allows optimal performance in production environments was not found on the java.library.path: /Users/Nanda/Library/Java/Extensions:/Library/Java/Extensions:/Network/Library/Java/Extensions:/System/Library/Java/Extensions:/usr/lib/java:.
Oct 26, 2016 8:42:09 PM org.apache.coyote.AbstractProtocol init
INFO: Initializing ProtocolHandler ["http-bio-8090"]
Oct 26, 2016 8:42:09 PM org.apache.coyote.AbstractProtocol init
INFO: Initializing ProtocolHandler ["ajp-bio-8009"]
Oct 26, 2016 8:42:09 PM org.apache.catalina.startup.Catalina load
INFO: Initialization processed in 692 ms
Oct 26, 2016 8:42:09 PM org.apache.catalina.core.StandardService startInternal
INFO: Starting service Catalina
Oct 26, 2016 8:42:09 PM org.apache.catalina.core.StandardEngine startInternal
INFO: Starting Servlet Engine: Apache Tomcat/7.0.67
Oct 26, 2016 8:42:09 PM org.apache.catalina.startup.HostConfig deployWAR
INFO: Deploying web application archive /Users/Nanda/Documents/tomcat7/webapps/Andy.war
Oct 26, 2016 8:42:09 PM org.apache.catalina.deploy.WebXml setVersion
WARNING: Unknown version string [3.1]. Default version will be used.
Oct 26, 2016 8:42:10 PM org.apache.catalina.startup.TldConfig execute
INFO: At least one JAR was scanned for TLDs yet contained no TLDs. Enable debug logging for this logger for a complete list of JARs that were scanned but no TLDs were found in them. Skipping unneeded JARs during scanning can improve startup time and JSP compilation time.
Oct 26, 2016 8:42:10 PM org.apache.catalina.startup.HostConfig deployWAR
INFO: Deployment of web application archive /Users/Nanda/Documents/tomcat7/webapps/Andy.war has finished in 491 ms
Oct 26, 2016 8:42:10 PM org.apache.catalina.startup.HostConfig deployWAR
INFO: Deploying web application archive /Users/Nanda/Documents/tomcat7/webapps/hangdong.war
Oct 26, 2016 8:42:10 PM org.apache.catalina.deploy.WebXml setVersion
WARNING: Unknown version string [3.1]. Default version will be used.
Oct 26, 2016 8:42:10 PM org.apache.catalina.startup.TldConfig execute
INFO: At least one JAR was scanned for TLDs yet contained no TLDs. Enable debug logging for this logger for a complete list of JARs that were scanned but no TLDs were found in them. Skipping unneeded JARs during scanning can improve startup time and JSP compilation time.
Oct 26, 2016 8:42:10 PM org.apache.catalina.startup.HostConfig deployWAR
INFO: Deployment of web application archive /Users/Nanda/Documents/tomcat7/webapps/hangdong.war has finished in 153 ms
Oct 26, 2016 8:42:10 PM org.apache.catalina.startup.HostConfig deployWAR
INFO: Deploying web application archive /Users/Nanda/Documents/tomcat7/webapps/sampleweb.war
Oct 26, 2016 8:42:10 PM org.apache.catalina.deploy.WebXml setVersion
WARNING: Unknown version string [3.1]. Default version will be used.
Oct 26, 2016 8:42:10 PM org.apache.catalina.startup.TldConfig execute
INFO: At least one JAR was scanned for TLDs yet contained no TLDs. Enable debug logging for this logger for a complete list of JARs that were scanned but no TLDs were found in them. Skipping unneeded JARs during scanning can improve startup time and JSP compilation time.
Oct 26, 2016 8:42:10 PM org.apache.catalina.startup.HostConfig deployWAR
INFO: Deployment of web application archive /Users/Nanda/Documents/tomcat7/webapps/sampleweb.war has finished in 130 ms
Oct 26, 2016 8:42:10 PM org.apache.catalina.startup.HostConfig deployWAR
INFO: Deploying web application archive /Users/Nanda/Documents/tomcat7/webapps/sampleweb2.war
Oct 26, 2016 8:42:10 PM org.apache.catalina.deploy.WebXml setVersion
WARNING: Unknown version string [3.1]. Default version will be used.
Oct 26, 2016 8:42:10 PM org.apache.catalina.startup.TldConfig execute
INFO: At least one JAR was scanned for TLDs yet contained no TLDs. Enable debug logging for this logger for a complete list of JARs that were scanned but no TLDs were found in them. Skipping unneeded JARs during scanning can improve startup time and JSP compilation time.
Oct 26, 2016 8:42:10 PM org.apache.catalina.startup.HostConfig deployWAR
INFO: Deployment of web application archive /Users/Nanda/Documents/tomcat7/webapps/sampleweb2.war has finished in 134 ms
Oct 26, 2016 8:42:10 PM org.apache.catalina.startup.HostConfig deployWAR
INFO: Deploying web application archive /Users/Nanda/Documents/tomcat7/webapps/sampleweb_Yuecheng.war
Oct 26, 2016 8:42:10 PM org.apache.catalina.deploy.WebXml setVersion
WARNING: Unknown version string [3.1]. Default version will be used.
Oct 26, 2016 8:42:10 PM org.apache.catalina.startup.TldConfig execute
INFO: At least one JAR was scanned for TLDs yet contained no TLDs. Enable debug logging for this logger for a complete list of JARs that were scanned but no TLDs were found in them. Skipping unneeded JARs during scanning can improve startup time and JSP compilation time.
Oct 26, 2016 8:42:10 PM org.apache.catalina.startup.HostConfig deployWAR
INFO: Deployment of web application archive /Users/Nanda/Documents/tomcat7/webapps/sampleweb_Yuecheng.war has finished in 131 ms
Oct 26, 2016 8:42:10 PM org.apache.catalina.startup.HostConfig deployWAR
INFO: Deploying web application archive /Users/Nanda/Documents/tomcat7/webapps/samplewebBinghan.war
Oct 26, 2016 8:42:10 PM org.apache.catalina.deploy.WebXml setVersion
WARNING: Unknown version string [3.1]. Default version will be used.
Oct 26, 2016 8:42:10 PM org.apache.catalina.startup.TldConfig execute
INFO: At least one JAR was scanned for TLDs yet contained no TLDs. Enable debug logging for this logger for a complete list of JARs that were scanned but no TLDs were found in them. Skipping unneeded JARs during scanning can improve startup time and JSP compilation time.
Oct 26, 2016 8:42:10 PM org.apache.catalina.startup.HostConfig deployWAR
INFO: Deployment of web application archive /Users/Nanda/Documents/tomcat7/webapps/samplewebBinghan.war has finished in 110 ms
Oct 26, 2016 8:42:10 PM org.apache.catalina.startup.HostConfig deployWAR
INFO: Deploying web application archive /Users/Nanda/Documents/tomcat7/webapps/task101web.war
Oct 26, 2016 8:42:10 PM org.apache.catalina.deploy.WebXml setVersion
WARNING: Unknown version string [3.1]. Default version will be used.
Oct 26, 2016 8:42:10 PM org.apache.catalina.startup.TldConfig execute
INFO: At least one JAR was scanned for TLDs yet contained no TLDs. Enable debug logging for this logger for a complete list of JARs that were scanned but no TLDs were found in them. Skipping unneeded JARs during scanning can improve startup time and JSP compilation time.
Oct 26, 2016 8:42:10 PM org.apache.catalina.startup.HostConfig deployWAR
INFO: Deployment of web application archive /Users/Nanda/Documents/tomcat7/webapps/task101web.war has finished in 113 ms
Oct 26, 2016 8:42:10 PM org.apache.catalina.startup.HostConfig deployWAR
INFO: Deploying web application archive /Users/Nanda/Documents/tomcat7/webapps/testwebapp.war
Oct 26, 2016 8:42:10 PM org.apache.catalina.deploy.WebXml setVersion
WARNING: Unknown version string [3.1]. Default version will be used.
Oct 26, 2016 8:42:11 PM org.apache.catalina.startup.TldConfig execute
INFO: At least one JAR was scanned for TLDs yet contained no TLDs. Enable debug logging for this logger for a complete list of JARs that were scanned but no TLDs were found in them. Skipping unneeded JARs during scanning can improve startup time and JSP compilation time.
Oct 26, 2016 8:42:11 PM org.apache.catalina.startup.HostConfig deployWAR
INFO: Deployment of web application archive /Users/Nanda/Documents/tomcat7/webapps/testwebapp.war has finished in 106 ms
Oct 26, 2016 8:42:11 PM org.apache.catalina.startup.HostConfig deployWAR
INFO: Deploying web application archive /Users/Nanda/Documents/tomcat7/webapps/testwebapp0101.war
Oct 26, 2016 8:42:11 PM org.apache.catalina.deploy.WebXml setVersion
WARNING: Unknown version string [3.1]. Default version will be used.
Oct 26, 2016 8:42:11 PM org.apache.catalina.startup.TldConfig execute
INFO: At least one JAR was scanned for TLDs yet contained no TLDs. Enable debug logging for this logger for a complete list of JARs that were scanned but no TLDs were found in them. Skipping unneeded JARs during scanning can improve startup time and JSP compilation time.
Oct 26, 2016 8:42:11 PM org.apache.catalina.startup.HostConfig deployWAR
INFO: Deployment of web application archive /Users/Nanda/Documents/tomcat7/webapps/testwebapp0101.war has finished in 122 ms
Oct 26, 2016 8:42:11 PM org.apache.catalina.startup.HostConfig deployWAR
INFO: Deploying web application archive /Users/Nanda/Documents/tomcat7/webapps/testwebapp_vamsi.war
Oct 26, 2016 8:42:11 PM org.apache.catalina.deploy.WebXml setVersion
WARNING: Unknown version string [3.1]. Default version will be used.
Oct 26, 2016 8:42:11 PM org.apache.catalina.startup.TldConfig execute
INFO: At least one JAR was scanned for TLDs yet contained no TLDs. Enable debug logging for this logger for a complete list of JARs that were scanned but no TLDs were found in them. Skipping unneeded JARs during scanning can improve startup time and JSP compilation time.
Oct 26, 2016 8:42:11 PM org.apache.catalina.startup.HostConfig deployWAR
INFO: Deployment of web application archive /Users/Nanda/Documents/tomcat7/webapps/testwebapp_vamsi.war has finished in 158 ms
Oct 26, 2016 8:42:11 PM org.apache.catalina.startup.HostConfig deployWAR
INFO: Deploying web application archive /Users/Nanda/Documents/tomcat7/webapps/testwebappgok.war
Oct 26, 2016 8:42:11 PM org.apache.catalina.deploy.WebXml setVersion
WARNING: Unknown version string [3.1]. Default version will be used.
Oct 26, 2016 8:42:11 PM org.apache.catalina.startup.TldConfig execute
INFO: At least one JAR was scanned for TLDs yet contained no TLDs. Enable debug logging for this logger for a complete list of JARs that were scanned but no TLDs were found in them. Skipping unneeded JARs during scanning can improve startup time and JSP compilation time.
Oct 26, 2016 8:42:11 PM org.apache.catalina.startup.HostConfig deployWAR
INFO: Deployment of web application archive /Users/Nanda/Documents/tomcat7/webapps/testwebappgok.war has finished in 107 ms
Oct 26, 2016 8:42:11 PM org.apache.catalina.startup.HostConfig deployWAR
INFO: Deploying web application archive /Users/Nanda/Documents/tomcat7/webapps/testwebappJP.war
Oct 26, 2016 8:42:11 PM org.apache.catalina.deploy.WebXml setVersion
WARNING: Unknown version string [3.1]. Default version will be used.
Oct 26, 2016 8:42:11 PM org.apache.catalina.startup.TldConfig execute
INFO: At least one JAR was scanned for TLDs yet contained no TLDs. Enable debug logging for this logger for a complete list of JARs that were scanned but no TLDs were found in them. Skipping unneeded JARs during scanning can improve startup time and JSP compilation time.
Oct 26, 2016 8:42:11 PM org.apache.catalina.startup.HostConfig deployWAR
INFO: Deployment of web application archive /Users/Nanda/Documents/tomcat7/webapps/testwebappJP.war has finished in 127 ms
Oct 26, 2016 8:42:11 PM org.apache.catalina.startup.HostConfig deployWAR
INFO: Deploying web application archive /Users/Nanda/Documents/tomcat7/webapps/testwebappmihir.war
Oct 26, 2016 8:42:11 PM org.apache.catalina.deploy.WebXml setVersion
WARNING: Unknown version string [3.1]. Default version will be used.
Oct 26, 2016 8:42:11 PM org.apache.catalina.startup.TldConfig execute
INFO: At least one JAR was scanned for TLDs yet contained no TLDs. Enable debug logging for this logger for a complete list of JARs that were scanned but no TLDs were found in them. Skipping unneeded JARs during scanning can improve startup time and JSP compilation time.
Oct 26, 2016 8:42:11 PM org.apache.catalina.startup.HostConfig deployWAR
INFO: Deployment of web application archive /Users/Nanda/Documents/tomcat7/webapps/testwebappmihir.war has finished in 126 ms
Oct 26, 2016 8:42:11 PM org.apache.catalina.startup.HostConfig deployWAR
INFO: Deploying web application archive /Users/Nanda/Documents/tomcat7/webapps/testWebAppPony.war
Oct 26, 2016 8:42:11 PM org.apache.catalina.deploy.WebXml setVersion
WARNING: Unknown version string [3.1]. Default version will be used.
Oct 26, 2016 8:42:11 PM org.apache.catalina.startup.TldConfig execute
INFO: At least one JAR was scanned for TLDs yet contained no TLDs. Enable debug logging for this logger for a complete list of JARs that were scanned but no TLDs were found in them. Skipping unneeded JARs during scanning can improve startup time and JSP compilation time.
Oct 26, 2016 8:42:11 PM org.apache.catalina.startup.HostConfig deployWAR
INFO: Deployment of web application archive /Users/Nanda/Documents/tomcat7/webapps/testWebAppPony.war has finished in 120 ms
Oct 26, 2016 8:42:11 PM org.apache.catalina.startup.HostConfig deployWAR
INFO: Deploying web application archive /Users/Nanda/Documents/tomcat7/webapps/testwebappVincent.war
Oct 26, 2016 8:42:11 PM org.apache.catalina.deploy.WebXml setVersion
WARNING: Unknown version string [3.1]. Default version will be used.
Oct 26, 2016 8:42:11 PM org.apache.catalina.startup.TldConfig execute
INFO: At least one JAR was scanned for TLDs yet contained no TLDs. Enable debug logging for this logger for a complete list of JARs that were scanned but no TLDs were found in them. Skipping unneeded JARs during scanning can improve startup time and JSP compilation time.
Oct 26, 2016 8:42:11 PM org.apache.catalina.startup.HostConfig deployWAR
INFO: Deployment of web application archive /Users/Nanda/Documents/tomcat7/webapps/testwebappVincent.war has finished in 135 ms
Oct 26, 2016 8:42:11 PM org.apache.catalina.startup.HostConfig deployDirectory
INFO: Deploying web application directory /Users/Nanda/Documents/tomcat7/webapps/docs
Oct 26, 2016 8:42:11 PM org.apache.catalina.startup.HostConfig deployDirectory
INFO: Deployment of web application directory /Users/Nanda/Documents/tomcat7/webapps/docs has finished in 45 ms
Oct 26, 2016 8:42:11 PM org.apache.catalina.startup.HostConfig deployDirectory
INFO: Deploying web application directory /Users/Nanda/Documents/tomcat7/webapps/examples
Oct 26, 2016 8:42:12 PM org.apache.catalina.startup.HostConfig deployDirectory
INFO: Deployment of web application directory /Users/Nanda/Documents/tomcat7/webapps/examples has finished in 332 ms
Oct 26, 2016 8:42:12 PM org.apache.catalina.startup.HostConfig deployDirectory
INFO: Deploying web application directory /Users/Nanda/Documents/tomcat7/webapps/helloweb
Oct 26, 2016 8:42:12 PM org.apache.catalina.deploy.WebXml setVersion
WARNING: Unknown version string [3.1]. Default version will be used.
Oct 26, 2016 8:42:12 PM org.apache.catalina.startup.TldConfig execute
INFO: At least one JAR was scanned for TLDs yet contained no TLDs. Enable debug logging for this logger for a complete list of JARs that were scanned but no TLDs were found in them. Skipping unneeded JARs during scanning can improve startup time and JSP compilation time.
Oct 26, 2016 8:42:12 PM org.apache.catalina.startup.HostConfig deployDirectory
INFO: Deployment of web application directory /Users/Nanda/Documents/tomcat7/webapps/helloweb has finished in 119 ms
Oct 26, 2016 8:42:12 PM org.apache.catalina.startup.HostConfig deployDirectory
INFO: Deploying web application directory /Users/Nanda/Documents/tomcat7/webapps/host-manager
Oct 26, 2016 8:42:12 PM org.apache.catalina.startup.HostConfig deployDirectory
INFO: Deployment of web application directory /Users/Nanda/Documents/tomcat7/webapps/host-manager has finished in 43 ms
Oct 26, 2016 8:42:12 PM org.apache.catalina.startup.HostConfig deployDirectory
INFO: Deploying web application directory /Users/Nanda/Documents/tomcat7/webapps/manager
Oct 26, 2016 8:42:12 PM org.apache.catalina.startup.HostConfig deployDirectory
INFO: Deployment of web application directory /Users/Nanda/Documents/tomcat7/webapps/manager has finished in 45 ms
Oct 26, 2016 8:42:12 PM org.apache.catalina.startup.HostConfig deployDirectory
INFO: Deploying web application directory /Users/Nanda/Documents/tomcat7/webapps/ROOT
Oct 26, 2016 8:42:12 PM org.apache.catalina.startup.HostConfig deployDirectory
INFO: Deployment of web application directory /Users/Nanda/Documents/tomcat7/webapps/ROOT has finished in 32 ms
Oct 26, 2016 8:42:12 PM org.apache.catalina.startup.HostConfig deployDirectory
INFO: Deploying web application directory /Users/Nanda/Documents/tomcat7/webapps/sampleweb3
Oct 26, 2016 8:42:12 PM org.apache.catalina.deploy.WebXml setVersion
WARNING: Unknown version string [3.1]. Default version will be used.
Oct 26, 2016 8:42:12 PM org.apache.catalina.startup.TldConfig execute
INFO: At least one JAR was scanned for TLDs yet contained no TLDs. Enable debug logging for this logger for a complete list of JARs that were scanned but no TLDs were found in them. Skipping unneeded JARs during scanning can improve startup time and JSP compilation time.
Oct 26, 2016 8:42:12 PM org.apache.catalina.startup.HostConfig deployDirectory
INFO: Deployment of web application directory /Users/Nanda/Documents/tomcat7/webapps/sampleweb3 has finished in 124 ms
Oct 26, 2016 8:42:12 PM org.apache.catalina.startup.HostConfig deployDirectory
INFO: Deploying web application directory /Users/Nanda/Documents/tomcat7/webapps/simpleapp
Oct 26, 2016 8:42:12 PM org.apache.catalina.deploy.WebXml setVersion
WARNING: Unknown version string [3.1]. Default version will be used.
Oct 26, 2016 8:42:12 PM org.apache.catalina.startup.TldConfig execute
INFO: At least one JAR was scanned for TLDs yet contained no TLDs. Enable debug logging for this logger for a complete list of JARs that were scanned but no TLDs were found in them. Skipping unneeded JARs during scanning can improve startup time and JSP compilation time.
Oct 26, 2016 8:42:12 PM org.apache.catalina.startup.HostConfig deployDirectory
INFO: Deployment of web application directory /Users/Nanda/Documents/tomcat7/webapps/simpleapp has finished in 122 ms
Oct 26, 2016 8:42:12 PM org.apache.coyote.AbstractProtocol start
INFO: Starting ProtocolHandler ["http-bio-8090"]
Oct 26, 2016 8:42:12 PM org.apache.coyote.AbstractProtocol start
INFO: Starting ProtocolHandler ["ajp-bio-8009"]
Oct 26, 2016 8:42:12 PM org.apache.catalina.startup.Catalina start
INFO: Server startup in 3232 ms
Oct 26, 2016 8:43:46 PM org.apache.catalina.startup.HostConfig deployWAR
INFO: Deploying web application archive /Users/Nanda/Documents/tomcat7/webapps/mydemoapp.war
Oct 26, 2016 8:43:46 PM org.apache.catalina.deploy.WebXml setVersion
WARNING: Unknown version string [3.1]. Default version will be used.
Oct 26, 2016 8:43:46 PM org.apache.catalina.startup.TldConfig execute
INFO: At least one JAR was scanned for TLDs yet contained no TLDs. Enable debug logging for this logger for a complete list of JARs that were scanned but no TLDs were found in them. Skipping unneeded JARs during scanning can improve startup time and JSP compilation time.
Oct 26, 2016 8:43:46 PM org.apache.catalina.startup.HostConfig deployWAR
INFO: Deployment of web application archive /Users/Nanda/Documents/tomcat7/webapps/mydemoapp.war has finished in 191 ms
Oct 26, 2016 9:53:37 PM org.apache.catalina.loader.WebappClassLoaderBase clearReferencesThreads
SEVERE: The web application [/testwebapp] appears to have started a thread named [Abandoned connection cleanup thread] but has failed to stop it. This is very likely to create a memory leak.
Oct 26, 2016 9:53:37 PM org.apache.catalina.startup.HostConfig undeploy
INFO: Undeploying context [/testwebapp]
Oct 26, 2016 9:53:38 PM org.apache.catalina.startup.HostConfig deployWAR
INFO: Deploying web application archive /Users/Nanda/Documents/tomcat7/webapps/testwebapp.war
Oct 26, 2016 9:53:38 PM org.apache.catalina.deploy.WebXml setVersion
WARNING: Unknown version string [3.1]. Default version will be used.
Oct 26, 2016 9:53:38 PM org.apache.catalina.startup.TldConfig execute
INFO: At least one JAR was scanned for TLDs yet contained no TLDs. Enable debug logging for this logger for a complete list of JARs that were scanned but no TLDs were found in them. Skipping unneeded JARs during scanning can improve startup time and JSP compilation time.
Oct 26, 2016 9:53:38 PM org.apache.catalina.startup.HostConfig deployWAR
INFO: Deployment of web application archive /Users/Nanda/Documents/tomcat7/webapps/testwebapp.war has finished in 328 ms
Oct 26, 2016 9:53:55 PM org.apache.catalina.loader.WebappClassLoaderBase clearReferencesJdbc
SEVERE: The web application [/mydemoapp] registered the JDBC driver [com.mysql.jdbc.Driver] but failed to unregister it when the web application was stopped. To prevent a memory leak, the JDBC Driver has been forcibly unregistered.
Oct 26, 2016 9:53:55 PM org.apache.catalina.loader.WebappClassLoaderBase clearReferencesThreads
SEVERE: The web application [/mydemoapp] appears to have started a thread named [Abandoned connection cleanup thread] but has failed to stop it. This is very likely to create a memory leak.
Oct 26, 2016 9:53:56 PM org.apache.catalina.startup.HostConfig undeploy
INFO: Undeploying context [/mydemoapp]
Oct 26, 2016 9:53:56 PM org.apache.catalina.startup.HostConfig deployWAR
INFO: Deploying web application archive /Users/Nanda/Documents/tomcat7/webapps/mydemoapp.war
Oct 26, 2016 9:53:56 PM org.apache.catalina.deploy.WebXml setVersion
WARNING: Unknown version string [3.1]. Default version will be used.
Oct 26, 2016 9:53:56 PM org.apache.catalina.startup.TldConfig execute
INFO: At least one JAR was scanned for TLDs yet contained no TLDs. Enable debug logging for this logger for a complete list of JARs that were scanned but no TLDs were found in them. Skipping unneeded JARs during scanning can improve startup time and JSP compilation time.
Oct 26, 2016 9:53:56 PM org.apache.catalina.startup.HostConfig deployWAR
INFO: Deployment of web application archive /Users/Nanda/Documents/tomcat7/webapps/mydemoapp.war has finished in 293 ms
Oct 26, 2016 9:53:57 PM org.apache.catalina.startup.HostConfig undeploy
INFO: Undeploying context [/testwebapp0101]
Oct 26, 2016 9:53:57 PM org.apache.catalina.startup.HostConfig deployWAR
INFO: Deploying web application archive /Users/Nanda/Documents/tomcat7/webapps/testwebapp0101.war
Oct 26, 2016 9:53:57 PM org.apache.catalina.deploy.WebXml setVersion
WARNING: Unknown version string [3.1]. Default version will be used.
Oct 26, 2016 9:53:57 PM org.apache.catalina.startup.TldConfig execute
INFO: At least one JAR was scanned for TLDs yet contained no TLDs. Enable debug logging for this logger for a complete list of JARs that were scanned but no TLDs were found in them. Skipping unneeded JARs during scanning can improve startup time and JSP compilation time.
Oct 26, 2016 9:53:57 PM org.apache.catalina.startup.HostConfig deployWAR
INFO: Deployment of web application archive /Users/Nanda/Documents/tomcat7/webapps/testwebapp0101.war has finished in 295 ms
Oct 26, 2016 10:47:12 PM org.apache.catalina.startup.HostConfig undeploy
INFO: Undeploying context [/task101web]
Oct 26, 2016 10:47:12 PM org.apache.catalina.startup.HostConfig deployWAR
INFO: Deploying web application archive /Users/Nanda/Documents/tomcat7/webapps/task101web.war
Oct 26, 2016 10:47:12 PM org.apache.catalina.deploy.WebXml setVersion
WARNING: Unknown version string [3.1]. Default version will be used.
Oct 26, 2016 10:47:12 PM org.apache.catalina.startup.TldConfig execute
INFO: At least one JAR was scanned for TLDs yet contained no TLDs. Enable debug logging for this logger for a complete list of JARs that were scanned but no TLDs were found in them. Skipping unneeded JARs during scanning can improve startup time and JSP compilation time.
Oct 26, 2016 10:47:12 PM org.apache.catalina.startup.HostConfig deployWAR
INFO: Deployment of web application archive /Users/Nanda/Documents/tomcat7/webapps/task101web.war has finished in 442 ms
Oct 26, 2016 10:47:31 PM org.apache.catalina.startup.HostConfig undeploy
INFO: Undeploying context [/testwebapp]
Oct 26, 2016 10:47:31 PM org.apache.catalina.startup.HostConfig deployWAR
INFO: Deploying web application archive /Users/Nanda/Documents/tomcat7/webapps/testwebapp.war
Oct 26, 2016 10:47:31 PM org.apache.catalina.deploy.WebXml setVersion
WARNING: Unknown version string [3.1]. Default version will be used.
Oct 26, 2016 10:47:32 PM org.apache.catalina.startup.TldConfig execute
INFO: At least one JAR was scanned for TLDs yet contained no TLDs. Enable debug logging for this logger for a complete list of JARs that were scanned but no TLDs were found in them. Skipping unneeded JARs during scanning can improve startup time and JSP compilation time.
Oct 26, 2016 10:47:32 PM org.apache.catalina.startup.HostConfig deployWAR
INFO: Deployment of web application archive /Users/Nanda/Documents/tomcat7/webapps/testwebapp.war has finished in 270 ms
Oct 26, 2016 11:57:52 PM org.apache.catalina.startup.HostConfig undeploy
INFO: Undeploying context [/task101web]
Oct 26, 2016 11:57:52 PM org.apache.catalina.startup.HostConfig deployWAR
INFO: Deploying web application archive /Users/Nanda/Documents/tomcat7/webapps/task101web.war
Oct 26, 2016 11:57:52 PM org.apache.catalina.deploy.WebXml setVersion
WARNING: Unknown version string [3.1]. Default version will be used.
Oct 26, 2016 11:57:52 PM org.apache.catalina.startup.TldConfig execute
INFO: At least one JAR was scanned for TLDs yet contained no TLDs. Enable debug logging for this logger for a complete list of JARs that were scanned but no TLDs were found in them. Skipping unneeded JARs during scanning can improve startup time and JSP compilation time.
Oct 26, 2016 11:57:52 PM org.apache.catalina.startup.HostConfig deployWAR
INFO: Deployment of web application archive /Users/Nanda/Documents/tomcat7/webapps/task101web.war has finished in 81 ms
Oct 26, 2016 11:57:52 PM org.apache.catalina.startup.HostConfig undeploy
INFO: Undeploying context [/testwebapp0101]
Oct 26, 2016 11:57:52 PM org.apache.catalina.startup.HostConfig deployWAR
INFO: Deploying web application archive /Users/Nanda/Documents/tomcat7/webapps/testwebapp0101.war
Oct 26, 2016 11:57:52 PM org.apache.catalina.deploy.WebXml setVersion
WARNING: Unknown version string [3.1]. Default version will be used.
Oct 26, 2016 11:57:52 PM org.apache.catalina.startup.TldConfig execute
INFO: At least one JAR was scanned for TLDs yet contained no TLDs. Enable debug logging for this logger for a complete list of JARs that were scanned but no TLDs were found in them. Skipping unneeded JARs during scanning can improve startup time and JSP compilation time.
Oct 26, 2016 11:57:52 PM org.apache.catalina.startup.HostConfig deployWAR
INFO: Deployment of web application archive /Users/Nanda/Documents/tomcat7/webapps/testwebapp0101.war has finished in 89 ms
Oct 26, 2016 11:58:04 PM org.apache.catalina.util.LifecycleBase stop
INFO: The stop() method was called on component [StandardEngine[Catalina].StandardHost[localhost].StandardContext[/simpleapp]] after stop() had already been called. The second call will be ignored.
Oct 26, 2016 11:58:24 PM org.apache.catalina.startup.HostConfig undeploy
INFO: Undeploying context [/testwebapp]
Oct 26, 2016 11:58:24 PM org.apache.catalina.startup.HostConfig deployWAR
INFO: Deploying web application archive /Users/Nanda/Documents/tomcat7/webapps/testwebapp.war
Oct 26, 2016 11:58:24 PM org.apache.catalina.deploy.WebXml setVersion
WARNING: Unknown version string [3.1]. Default version will be used.
Oct 26, 2016 11:58:24 PM org.apache.catalina.startup.TldConfig execute
INFO: At least one JAR was scanned for TLDs yet contained no TLDs. Enable debug logging for this logger for a complete list of JARs that were scanned but no TLDs were found in them. Skipping unneeded JARs during scanning can improve startup time and JSP compilation time.
Oct 26, 2016 11:58:24 PM org.apache.catalina.startup.HostConfig deployWAR
INFO: Deployment of web application archive /Users/Nanda/Documents/tomcat7/webapps/testwebapp.war has finished in 96 ms
Oct 26, 2016 11:58:31 PM org.apache.catalina.startup.HostConfig undeploy
INFO: Undeploying context [/testwebapp0101]
Oct 26, 2016 11:58:31 PM org.apache.catalina.startup.HostConfig deployWAR
INFO: Deploying web application archive /Users/Nanda/Documents/tomcat7/webapps/testwebapp0101.war
Oct 26, 2016 11:58:32 PM org.apache.catalina.deploy.WebXml setVersion
WARNING: Unknown version string [3.1]. Default version will be used.
Oct 26, 2016 11:58:32 PM org.apache.catalina.startup.TldConfig execute
INFO: At least one JAR was scanned for TLDs yet contained no TLDs. Enable debug logging for this logger for a complete list of JARs that were scanned but no TLDs were found in them. Skipping unneeded JARs during scanning can improve startup time and JSP compilation time.
Oct 26, 2016 11:58:32 PM org.apache.catalina.startup.HostConfig deployWAR
INFO: Deployment of web application archive /Users/Nanda/Documents/tomcat7/webapps/testwebapp0101.war has finished in 128 ms
Oct 26, 2016 11:58:32 PM org.apache.catalina.startup.HostConfig undeploy
INFO: Undeploying context [/mydemoapp]
Oct 26, 2016 11:58:32 PM org.apache.catalina.startup.HostConfig deployWAR
INFO: Deploying web application archive /Users/Nanda/Documents/tomcat7/webapps/mydemoapp.war
Oct 26, 2016 11:58:32 PM org.apache.catalina.deploy.WebXml setVersion
WARNING: Unknown version string [3.1]. Default version will be used.
Oct 26, 2016 11:58:32 PM org.apache.catalina.startup.TldConfig execute
INFO: At least one JAR was scanned for TLDs yet contained no TLDs. Enable debug logging for this logger for a complete list of JARs that were scanned but no TLDs were found in them. Skipping unneeded JARs during scanning can improve startup time and JSP compilation time.
Oct 26, 2016 11:58:32 PM org.apache.catalina.startup.HostConfig deployWAR
INFO: Deployment of web application archive /Users/Nanda/Documents/tomcat7/webapps/mydemoapp.war has finished in 71 ms
Oct 26, 2016 11:58:39 PM org.apache.catalina.startup.HostConfig undeploy
INFO: Undeploying context [/task101web]
Oct 26, 2016 11:58:39 PM org.apache.catalina.startup.HostConfig deployWAR
INFO: Deploying web application archive /Users/Nanda/Documents/tomcat7/webapps/task101web.war
Oct 26, 2016 11:58:39 PM org.apache.catalina.deploy.WebXml setVersion
WARNING: Unknown version string [3.1]. Default version will be used.
Oct 26, 2016 11:58:39 PM org.apache.catalina.startup.TldConfig execute
INFO: At least one JAR was scanned for TLDs yet contained no TLDs. Enable debug logging for this logger for a complete list of JARs that were scanned but no TLDs were found in them. Skipping unneeded JARs during scanning can improve startup time and JSP compilation time.
Oct 26, 2016 11:58:39 PM org.apache.catalina.startup.HostConfig deployWAR
INFO: Deployment of web application archive /Users/Nanda/Documents/tomcat7/webapps/task101web.war has finished in 89 ms
Oct 26, 2016 11:58:39 PM org.apache.catalina.util.LifecycleBase stop
INFO: The stop() method was called on component [StandardEngine[Catalina].StandardHost[localhost].StandardContext[/helloweb]] after stop() had already been called. The second call will be ignored.
Oct 26, 2016 11:58:45 PM org.apache.catalina.util.LifecycleBase stop
INFO: The stop() method was called on component [StandardEngine[Catalina].StandardHost[localhost].StandardContext[/sampleweb3]] after stop() had already been called. The second call will be ignored.
