May 25, 2016 12:52:39 AM org.apache.catalina.startup.HostConfig undeploy
INFO: Undeploying context [/simpleapp]
May 25, 2016 12:52:39 AM org.apache.catalina.startup.HostConfig deployWAR
INFO: Deploying web application archive /Users/Nanda/Documents/tomcat7/webapps/simpleapp.war
May 25, 2016 1:46:38 AM org.apache.catalina.startup.TldConfig execute
INFO: At least one JAR was scanned for TLDs yet contained no TLDs. Enable debug logging for this logger for a complete list of JARs that were scanned but no TLDs were found in them. Skipping unneeded JARs during scanning can improve startup time and JSP compilation time.
May 25, 2016 1:46:38 AM org.apache.catalina.startup.HostConfig deployWAR
INFO: Deployment of web application archive /Users/Nanda/Documents/tomcat7/webapps/simpleapp.war has finished in 3,238,338 ms
May 25, 2016 1:46:44 AM org.apache.catalina.startup.HostConfig undeploy
INFO: Undeploying context [/sampleweb3]
May 25, 2016 1:46:44 AM org.apache.catalina.startup.HostConfig deployWAR
INFO: Deploying web application archive /Users/Nanda/Documents/tomcat7/webapps/sampleweb3.war
May 25, 2016 1:46:44 AM org.apache.catalina.startup.TldConfig execute
INFO: At least one JAR was scanned for TLDs yet contained no TLDs. Enable debug logging for this logger for a complete list of JARs that were scanned but no TLDs were found in them. Skipping unneeded JARs during scanning can improve startup time and JSP compilation time.
May 25, 2016 1:46:44 AM org.apache.catalina.startup.HostConfig deployWAR
INFO: Deployment of web application archive /Users/Nanda/Documents/tomcat7/webapps/sampleweb3.war has finished in 63 ms
May 25, 2016 1:46:44 AM org.apache.catalina.startup.HostConfig undeploy
INFO: Undeploying context [/helloweb]
May 25, 2016 1:46:44 AM org.apache.catalina.startup.HostConfig deployWAR
INFO: Deploying web application archive /Users/Nanda/Documents/tomcat7/webapps/helloweb.war
May 25, 2016 1:46:44 AM org.apache.catalina.startup.TldConfig execute
INFO: At least one JAR was scanned for TLDs yet contained no TLDs. Enable debug logging for this logger for a complete list of JARs that were scanned but no TLDs were found in them. Skipping unneeded JARs during scanning can improve startup time and JSP compilation time.
May 25, 2016 1:46:44 AM org.apache.catalina.startup.HostConfig deployWAR
INFO: Deployment of web application archive /Users/Nanda/Documents/tomcat7/webapps/helloweb.war has finished in 57 ms
May 25, 2016 3:14:12 AM org.apache.catalina.startup.HostConfig undeploy
INFO: Undeploying context [/simpleapp]
May 25, 2016 3:14:12 AM org.apache.catalina.startup.HostConfig deployWAR
INFO: Deploying web application archive /Users/Nanda/Documents/tomcat7/webapps/simpleapp.war
May 25, 2016 3:14:13 AM org.apache.catalina.startup.TldConfig execute
INFO: At least one JAR was scanned for TLDs yet contained no TLDs. Enable debug logging for this logger for a complete list of JARs that were scanned but no TLDs were found in them. Skipping unneeded JARs during scanning can improve startup time and JSP compilation time.
May 25, 2016 3:14:13 AM org.apache.catalina.startup.HostConfig deployWAR
INFO: Deployment of web application archive /Users/Nanda/Documents/tomcat7/webapps/simpleapp.war has finished in 128 ms
May 25, 2016 3:14:16 AM org.apache.catalina.startup.HostConfig undeploy
INFO: Undeploying context [/simpleapp]
May 25, 2016 3:14:16 AM org.apache.catalina.startup.HostConfig deployWAR
INFO: Deploying web application archive /Users/Nanda/Documents/tomcat7/webapps/simpleapp.war
May 25, 2016 3:14:16 AM org.apache.catalina.startup.TldConfig execute
INFO: At least one JAR was scanned for TLDs yet contained no TLDs. Enable debug logging for this logger for a complete list of JARs that were scanned but no TLDs were found in them. Skipping unneeded JARs during scanning can improve startup time and JSP compilation time.
May 25, 2016 3:14:16 AM org.apache.catalina.startup.HostConfig deployWAR
INFO: Deployment of web application archive /Users/Nanda/Documents/tomcat7/webapps/simpleapp.war has finished in 116 ms
May 25, 2016 3:14:24 AM org.apache.catalina.startup.HostConfig undeploy
INFO: Undeploying context [/sampleweb3]
May 25, 2016 3:14:24 AM org.apache.catalina.startup.HostConfig deployWAR
INFO: Deploying web application archive /Users/Nanda/Documents/tomcat7/webapps/sampleweb3.war
May 25, 2016 3:14:24 AM org.apache.catalina.startup.TldConfig execute
INFO: At least one JAR was scanned for TLDs yet contained no TLDs. Enable debug logging for this logger for a complete list of JARs that were scanned but no TLDs were found in them. Skipping unneeded JARs during scanning can improve startup time and JSP compilation time.
May 25, 2016 3:14:24 AM org.apache.catalina.startup.HostConfig deployWAR
INFO: Deployment of web application archive /Users/Nanda/Documents/tomcat7/webapps/sampleweb3.war has finished in 97 ms
May 25, 2016 3:14:24 AM org.apache.catalina.startup.HostConfig undeploy
INFO: Undeploying context [/helloweb]
May 25, 2016 3:14:24 AM org.apache.catalina.startup.HostConfig deployWAR
INFO: Deploying web application archive /Users/Nanda/Documents/tomcat7/webapps/helloweb.war
May 25, 2016 3:14:24 AM org.apache.catalina.startup.TldConfig execute
INFO: At least one JAR was scanned for TLDs yet contained no TLDs. Enable debug logging for this logger for a complete list of JARs that were scanned but no TLDs were found in them. Skipping unneeded JARs during scanning can improve startup time and JSP compilation time.
May 25, 2016 3:14:24 AM org.apache.catalina.startup.HostConfig deployWAR
INFO: Deployment of web application archive /Users/Nanda/Documents/tomcat7/webapps/helloweb.war has finished in 110 ms
May 25, 2016 6:52:39 AM org.apache.catalina.startup.HostConfig undeploy
INFO: Undeploying context [/simpleapp]
May 25, 2016 6:52:39 AM org.apache.catalina.startup.HostConfig deployWAR
INFO: Deploying web application archive /Users/Nanda/Documents/tomcat7/webapps/simpleapp.war
May 25, 2016 6:52:39 AM org.apache.catalina.startup.TldConfig execute
INFO: At least one JAR was scanned for TLDs yet contained no TLDs. Enable debug logging for this logger for a complete list of JARs that were scanned but no TLDs were found in them. Skipping unneeded JARs during scanning can improve startup time and JSP compilation time.
May 25, 2016 6:52:39 AM org.apache.catalina.startup.HostConfig deployWAR
INFO: Deployment of web application archive /Users/Nanda/Documents/tomcat7/webapps/simpleapp.war has finished in 175 ms
May 25, 2016 6:52:43 AM org.apache.catalina.startup.HostConfig undeploy
INFO: Undeploying context [/sampleweb3]
May 25, 2016 6:52:43 AM org.apache.catalina.startup.HostConfig deployWAR
INFO: Deploying web application archive /Users/Nanda/Documents/tomcat7/webapps/sampleweb3.war
May 25, 2016 6:52:43 AM org.apache.catalina.startup.TldConfig execute
INFO: At least one JAR was scanned for TLDs yet contained no TLDs. Enable debug logging for this logger for a complete list of JARs that were scanned but no TLDs were found in them. Skipping unneeded JARs during scanning can improve startup time and JSP compilation time.
May 25, 2016 6:52:43 AM org.apache.catalina.startup.HostConfig deployWAR
INFO: Deployment of web application archive /Users/Nanda/Documents/tomcat7/webapps/sampleweb3.war has finished in 255 ms
May 25, 2016 6:52:44 AM org.apache.catalina.startup.HostConfig undeploy
INFO: Undeploying context [/helloweb]
May 25, 2016 6:52:44 AM org.apache.catalina.startup.HostConfig deployWAR
INFO: Deploying web application archive /Users/Nanda/Documents/tomcat7/webapps/helloweb.war
May 25, 2016 6:52:44 AM org.apache.catalina.startup.TldConfig execute
INFO: At least one JAR was scanned for TLDs yet contained no TLDs. Enable debug logging for this logger for a complete list of JARs that were scanned but no TLDs were found in them. Skipping unneeded JARs during scanning can improve startup time and JSP compilation time.
May 25, 2016 6:52:44 AM org.apache.catalina.startup.HostConfig deployWAR
INFO: Deployment of web application archive /Users/Nanda/Documents/tomcat7/webapps/helloweb.war has finished in 78 ms
May 25, 2016 6:53:05 AM org.apache.catalina.startup.HostConfig undeploy
INFO: Undeploying context [/sampleweb3]
May 25, 2016 6:53:05 AM org.apache.catalina.startup.HostConfig deployWAR
INFO: Deploying web application archive /Users/Nanda/Documents/tomcat7/webapps/sampleweb3.war
May 25, 2016 6:53:05 AM org.apache.catalina.startup.TldConfig execute
INFO: At least one JAR was scanned for TLDs yet contained no TLDs. Enable debug logging for this logger for a complete list of JARs that were scanned but no TLDs were found in them. Skipping unneeded JARs during scanning can improve startup time and JSP compilation time.
May 25, 2016 6:53:05 AM org.apache.catalina.startup.HostConfig deployWAR
INFO: Deployment of web application archive /Users/Nanda/Documents/tomcat7/webapps/sampleweb3.war has finished in 77 ms
May 25, 2016 6:53:06 AM org.apache.catalina.startup.HostConfig undeploy
INFO: Undeploying context [/helloweb]
May 25, 2016 6:53:06 AM org.apache.catalina.startup.HostConfig deployWAR
INFO: Deploying web application archive /Users/Nanda/Documents/tomcat7/webapps/helloweb.war
May 25, 2016 6:53:06 AM org.apache.catalina.startup.TldConfig execute
INFO: At least one JAR was scanned for TLDs yet contained no TLDs. Enable debug logging for this logger for a complete list of JARs that were scanned but no TLDs were found in them. Skipping unneeded JARs during scanning can improve startup time and JSP compilation time.
May 25, 2016 6:53:06 AM org.apache.catalina.startup.HostConfig deployWAR
INFO: Deployment of web application archive /Users/Nanda/Documents/tomcat7/webapps/helloweb.war has finished in 72 ms
May 25, 2016 7:32:17 AM org.apache.catalina.startup.HostConfig undeploy
INFO: Undeploying context [/simpleapp]
May 25, 2016 7:32:17 AM org.apache.catalina.startup.HostConfig deployWAR
INFO: Deploying web application archive /Users/Nanda/Documents/tomcat7/webapps/simpleapp.war
May 25, 2016 7:32:17 AM org.apache.catalina.startup.TldConfig execute
INFO: At least one JAR was scanned for TLDs yet contained no TLDs. Enable debug logging for this logger for a complete list of JARs that were scanned but no TLDs were found in them. Skipping unneeded JARs during scanning can improve startup time and JSP compilation time.
May 25, 2016 7:32:17 AM org.apache.catalina.startup.HostConfig deployWAR
INFO: Deployment of web application archive /Users/Nanda/Documents/tomcat7/webapps/simpleapp.war has finished in 71 ms
May 25, 2016 7:41:26 AM org.apache.catalina.startup.HostConfig undeploy
INFO: Undeploying context [/sampleweb3]
May 25, 2016 7:41:26 AM org.apache.catalina.startup.HostConfig deployWAR
INFO: Deploying web application archive /Users/Nanda/Documents/tomcat7/webapps/sampleweb3.war
May 25, 2016 7:41:26 AM org.apache.catalina.startup.TldConfig execute
INFO: At least one JAR was scanned for TLDs yet contained no TLDs. Enable debug logging for this logger for a complete list of JARs that were scanned but no TLDs were found in them. Skipping unneeded JARs during scanning can improve startup time and JSP compilation time.
May 25, 2016 7:41:26 AM org.apache.catalina.startup.HostConfig deployWAR
INFO: Deployment of web application archive /Users/Nanda/Documents/tomcat7/webapps/sampleweb3.war has finished in 68 ms
May 25, 2016 7:41:27 AM org.apache.catalina.startup.HostConfig undeploy
INFO: Undeploying context [/helloweb]
May 25, 2016 7:41:27 AM org.apache.catalina.startup.HostConfig deployWAR
INFO: Deploying web application archive /Users/Nanda/Documents/tomcat7/webapps/helloweb.war
May 25, 2016 7:41:27 AM org.apache.catalina.startup.TldConfig execute
INFO: At least one JAR was scanned for TLDs yet contained no TLDs. Enable debug logging for this logger for a complete list of JARs that were scanned but no TLDs were found in them. Skipping unneeded JARs during scanning can improve startup time and JSP compilation time.
May 25, 2016 7:41:27 AM org.apache.catalina.startup.HostConfig deployWAR
INFO: Deployment of web application archive /Users/Nanda/Documents/tomcat7/webapps/helloweb.war has finished in 65 ms
May 25, 2016 9:06:01 AM org.apache.catalina.startup.HostConfig undeploy
INFO: Undeploying context [/simpleapp]
May 25, 2016 9:06:01 AM org.apache.catalina.startup.HostConfig deployWAR
INFO: Deploying web application archive /Users/Nanda/Documents/tomcat7/webapps/simpleapp.war
May 25, 2016 9:06:01 AM org.apache.catalina.startup.TldConfig execute
INFO: At least one JAR was scanned for TLDs yet contained no TLDs. Enable debug logging for this logger for a complete list of JARs that were scanned but no TLDs were found in them. Skipping unneeded JARs during scanning can improve startup time and JSP compilation time.
May 25, 2016 9:06:01 AM org.apache.catalina.startup.HostConfig deployWAR
INFO: Deployment of web application archive /Users/Nanda/Documents/tomcat7/webapps/simpleapp.war has finished in 69 ms
May 25, 2016 9:06:10 AM org.apache.catalina.startup.HostConfig undeploy
INFO: Undeploying context [/sampleweb3]
May 25, 2016 9:06:10 AM org.apache.catalina.startup.HostConfig deployWAR
INFO: Deploying web application archive /Users/Nanda/Documents/tomcat7/webapps/sampleweb3.war
May 25, 2016 9:06:10 AM org.apache.catalina.startup.TldConfig execute
INFO: At least one JAR was scanned for TLDs yet contained no TLDs. Enable debug logging for this logger for a complete list of JARs that were scanned but no TLDs were found in them. Skipping unneeded JARs during scanning can improve startup time and JSP compilation time.
May 25, 2016 9:06:10 AM org.apache.catalina.startup.HostConfig deployWAR
INFO: Deployment of web application archive /Users/Nanda/Documents/tomcat7/webapps/sampleweb3.war has finished in 113 ms
May 25, 2016 9:06:11 AM org.apache.catalina.startup.HostConfig undeploy
INFO: Undeploying context [/helloweb]
May 25, 2016 9:06:11 AM org.apache.catalina.startup.HostConfig deployWAR
INFO: Deploying web application archive /Users/Nanda/Documents/tomcat7/webapps/helloweb.war
May 25, 2016 9:06:11 AM org.apache.catalina.startup.TldConfig execute
INFO: At least one JAR was scanned for TLDs yet contained no TLDs. Enable debug logging for this logger for a complete list of JARs that were scanned but no TLDs were found in them. Skipping unneeded JARs during scanning can improve startup time and JSP compilation time.
May 25, 2016 9:06:11 AM org.apache.catalina.startup.HostConfig deployWAR
INFO: Deployment of web application archive /Users/Nanda/Documents/tomcat7/webapps/helloweb.war has finished in 158 ms
May 25, 2016 9:47:23 AM org.apache.catalina.startup.HostConfig undeploy
INFO: Undeploying context [/sampleweb3]
May 25, 2016 9:47:23 AM org.apache.catalina.startup.HostConfig deployWAR
INFO: Deploying web application archive /Users/Nanda/Documents/tomcat7/webapps/sampleweb3.war
May 25, 2016 9:47:23 AM org.apache.catalina.startup.TldConfig execute
INFO: At least one JAR was scanned for TLDs yet contained no TLDs. Enable debug logging for this logger for a complete list of JARs that were scanned but no TLDs were found in them. Skipping unneeded JARs during scanning can improve startup time and JSP compilation time.
May 25, 2016 9:47:23 AM org.apache.catalina.startup.HostConfig deployWAR
INFO: Deployment of web application archive /Users/Nanda/Documents/tomcat7/webapps/sampleweb3.war has finished in 49 ms
May 25, 2016 9:47:23 AM org.apache.catalina.startup.HostConfig undeploy
INFO: Undeploying context [/helloweb]
May 25, 2016 9:47:23 AM org.apache.catalina.startup.HostConfig deployWAR
INFO: Deploying web application archive /Users/Nanda/Documents/tomcat7/webapps/helloweb.war
May 25, 2016 9:47:23 AM org.apache.catalina.startup.TldConfig execute
INFO: At least one JAR was scanned for TLDs yet contained no TLDs. Enable debug logging for this logger for a complete list of JARs that were scanned but no TLDs were found in them. Skipping unneeded JARs during scanning can improve startup time and JSP compilation time.
May 25, 2016 9:47:23 AM org.apache.catalina.startup.HostConfig deployWAR
INFO: Deployment of web application archive /Users/Nanda/Documents/tomcat7/webapps/helloweb.war has finished in 49 ms
May 25, 2016 10:01:16 AM org.apache.catalina.startup.HostConfig undeploy
INFO: Undeploying context [/simpleapp]
May 25, 2016 10:01:16 AM org.apache.catalina.startup.HostConfig deployWAR
INFO: Deploying web application archive /Users/Nanda/Documents/tomcat7/webapps/simpleapp.war
May 25, 2016 10:01:16 AM org.apache.catalina.startup.TldConfig execute
INFO: At least one JAR was scanned for TLDs yet contained no TLDs. Enable debug logging for this logger for a complete list of JARs that were scanned but no TLDs were found in them. Skipping unneeded JARs during scanning can improve startup time and JSP compilation time.
May 25, 2016 10:01:16 AM org.apache.catalina.startup.HostConfig deployWAR
INFO: Deployment of web application archive /Users/Nanda/Documents/tomcat7/webapps/simpleapp.war has finished in 58 ms
May 25, 2016 10:41:40 AM org.apache.catalina.startup.HostConfig undeploy
INFO: Undeploying context [/sampleweb3]
May 25, 2016 10:41:40 AM org.apache.catalina.startup.HostConfig deployWAR
INFO: Deploying web application archive /Users/Nanda/Documents/tomcat7/webapps/sampleweb3.war
May 25, 2016 10:41:40 AM org.apache.catalina.startup.TldConfig execute
INFO: At least one JAR was scanned for TLDs yet contained no TLDs. Enable debug logging for this logger for a complete list of JARs that were scanned but no TLDs were found in them. Skipping unneeded JARs during scanning can improve startup time and JSP compilation time.
May 25, 2016 10:41:40 AM org.apache.catalina.startup.HostConfig deployWAR
INFO: Deployment of web application archive /Users/Nanda/Documents/tomcat7/webapps/sampleweb3.war has finished in 52 ms
May 25, 2016 10:41:41 AM org.apache.catalina.startup.HostConfig undeploy
INFO: Undeploying context [/helloweb]
May 25, 2016 10:41:41 AM org.apache.catalina.startup.HostConfig deployWAR
INFO: Deploying web application archive /Users/Nanda/Documents/tomcat7/webapps/helloweb.war
May 25, 2016 10:41:41 AM org.apache.catalina.startup.TldConfig execute
INFO: At least one JAR was scanned for TLDs yet contained no TLDs. Enable debug logging for this logger for a complete list of JARs that were scanned but no TLDs were found in them. Skipping unneeded JARs during scanning can improve startup time and JSP compilation time.
May 25, 2016 10:41:41 AM org.apache.catalina.startup.HostConfig deployWAR
INFO: Deployment of web application archive /Users/Nanda/Documents/tomcat7/webapps/helloweb.war has finished in 46 ms
May 25, 2016 11:01:33 AM org.apache.catalina.startup.HostConfig undeploy
INFO: Undeploying context [/simpleapp]
May 25, 2016 11:01:33 AM org.apache.catalina.startup.HostConfig deployWAR
INFO: Deploying web application archive /Users/Nanda/Documents/tomcat7/webapps/simpleapp.war
May 25, 2016 11:01:33 AM org.apache.catalina.startup.TldConfig execute
INFO: At least one JAR was scanned for TLDs yet contained no TLDs. Enable debug logging for this logger for a complete list of JARs that were scanned but no TLDs were found in them. Skipping unneeded JARs during scanning can improve startup time and JSP compilation time.
May 25, 2016 11:01:33 AM org.apache.catalina.startup.HostConfig deployWAR
INFO: Deployment of web application archive /Users/Nanda/Documents/tomcat7/webapps/simpleapp.war has finished in 48 ms
May 25, 2016 11:41:40 AM org.apache.catalina.startup.HostConfig undeploy
INFO: Undeploying context [/sampleweb3]
May 25, 2016 11:41:40 AM org.apache.catalina.startup.HostConfig deployWAR
INFO: Deploying web application archive /Users/Nanda/Documents/tomcat7/webapps/sampleweb3.war
May 25, 2016 11:41:40 AM org.apache.catalina.startup.TldConfig execute
INFO: At least one JAR was scanned for TLDs yet contained no TLDs. Enable debug logging for this logger for a complete list of JARs that were scanned but no TLDs were found in them. Skipping unneeded JARs during scanning can improve startup time and JSP compilation time.
May 25, 2016 11:41:40 AM org.apache.catalina.startup.HostConfig deployWAR
INFO: Deployment of web application archive /Users/Nanda/Documents/tomcat7/webapps/sampleweb3.war has finished in 70 ms
May 25, 2016 11:41:41 AM org.apache.catalina.startup.HostConfig undeploy
INFO: Undeploying context [/helloweb]
May 25, 2016 11:41:41 AM org.apache.catalina.startup.HostConfig deployWAR
INFO: Deploying web application archive /Users/Nanda/Documents/tomcat7/webapps/helloweb.war
May 25, 2016 11:41:41 AM org.apache.catalina.startup.TldConfig execute
INFO: At least one JAR was scanned for TLDs yet contained no TLDs. Enable debug logging for this logger for a complete list of JARs that were scanned but no TLDs were found in them. Skipping unneeded JARs during scanning can improve startup time and JSP compilation time.
May 25, 2016 11:41:41 AM org.apache.catalina.startup.HostConfig deployWAR
INFO: Deployment of web application archive /Users/Nanda/Documents/tomcat7/webapps/helloweb.war has finished in 56 ms
May 25, 2016 11:59:49 AM org.apache.coyote.AbstractProtocol pause
INFO: Pausing ProtocolHandler ["http-bio-8090"]
May 25, 2016 11:59:49 AM org.apache.coyote.AbstractProtocol pause
INFO: Pausing ProtocolHandler ["ajp-bio-8009"]
May 25, 2016 11:59:49 AM org.apache.catalina.core.StandardService stopInternal
INFO: Stopping service Catalina
May 25, 2016 11:59:50 AM org.apache.coyote.AbstractProtocol stop
INFO: Stopping ProtocolHandler ["http-bio-8090"]
May 25, 2016 11:59:50 AM org.apache.coyote.AbstractProtocol stop
INFO: Stopping ProtocolHandler ["ajp-bio-8009"]
May 25, 2016 11:59:50 AM org.apache.coyote.AbstractProtocol destroy
INFO: Destroying ProtocolHandler ["http-bio-8090"]
May 25, 2016 11:59:50 AM org.apache.coyote.AbstractProtocol destroy
INFO: Destroying ProtocolHandler ["ajp-bio-8009"]
