Mar 20, 2016 12:41:35 AM org.apache.catalina.core.ApplicationContext log
INFO: Manager: list: Listing contexts for virtual host 'localhost'
Mar 20, 2016 12:41:35 AM org.apache.catalina.core.ApplicationContext log
INFO: Manager: list: Listing contexts for virtual host 'localhost'
Mar 20, 2016 12:41:35 AM org.apache.catalina.core.ApplicationContext log
INFO: Manager: list: Listing contexts for virtual host 'localhost'
Mar 20, 2016 12:41:35 AM org.apache.catalina.core.ApplicationContext log
INFO: Manager: undeploy: Undeploying web application at '/sampleweb'
Mar 20, 2016 12:41:35 AM org.apache.catalina.core.ApplicationContext log
INFO: Manager: list: Listing contexts for virtual host 'localhost'
Mar 20, 2016 12:41:35 AM org.apache.catalina.core.ApplicationContext log
INFO: Manager: undeploy: Undeploying web application at '/helloweb'
Mar 20, 2016 12:41:36 AM org.apache.catalina.core.ApplicationContext log
INFO: Manager: deploy: Deploying web application '/helloweb'
Mar 20, 2016 12:41:36 AM org.apache.catalina.core.ApplicationContext log
INFO: Manager: Uploading WAR file to /Users/Nanda/Documents/tomcat7/webapps/helloweb.war
Mar 20, 2016 12:41:36 AM org.apache.catalina.core.ApplicationContext log
INFO: Manager: deploy: Deploying web application '/sampleweb'
Mar 20, 2016 12:41:36 AM org.apache.catalina.core.ApplicationContext log
INFO: Manager: Uploading WAR file to /Users/Nanda/Documents/tomcat7/webapps/sampleweb.war
Mar 20, 2016 9:42:12 AM org.apache.catalina.core.ApplicationContext log
INFO: Manager: list: Listing contexts for virtual host 'localhost'
Mar 20, 2016 9:42:12 AM org.apache.catalina.core.ApplicationContext log
INFO: Manager: list: Listing contexts for virtual host 'localhost'
Mar 20, 2016 9:42:12 AM org.apache.catalina.core.ApplicationContext log
INFO: Manager: list: Listing contexts for virtual host 'localhost'
Mar 20, 2016 9:42:12 AM org.apache.catalina.core.ApplicationContext log
INFO: Manager: list: Listing contexts for virtual host 'localhost'
Mar 20, 2016 9:42:12 AM org.apache.catalina.core.ApplicationContext log
INFO: Manager: undeploy: Undeploying web application at '/sampleweb'
Mar 20, 2016 9:42:12 AM org.apache.catalina.core.ApplicationContext log
INFO: Manager: undeploy: Undeploying web application at '/helloweb'
Mar 20, 2016 9:42:13 AM org.apache.catalina.core.ApplicationContext log
INFO: Manager: deploy: Deploying web application '/sampleweb'
Mar 20, 2016 9:42:13 AM org.apache.catalina.core.ApplicationContext log
INFO: Manager: Uploading WAR file to /Users/Nanda/Documents/tomcat7/webapps/sampleweb.war
Mar 20, 2016 9:42:13 AM org.apache.catalina.core.ApplicationContext log
INFO: Manager: deploy: Deploying web application '/helloweb'
Mar 20, 2016 9:42:13 AM org.apache.catalina.core.ApplicationContext log
INFO: Manager: Uploading WAR file to /Users/Nanda/Documents/tomcat7/webapps/helloweb.war
Mar 20, 2016 6:43:19 PM org.apache.catalina.core.ApplicationContext log
INFO: Manager: list: Listing contexts for virtual host 'localhost'
Mar 20, 2016 6:43:19 PM org.apache.catalina.core.ApplicationContext log
INFO: Manager: list: Listing contexts for virtual host 'localhost'
Mar 20, 2016 6:43:19 PM org.apache.catalina.core.ApplicationContext log
INFO: Manager: list: Listing contexts for virtual host 'localhost'
Mar 20, 2016 6:43:19 PM org.apache.catalina.core.ApplicationContext log
INFO: Manager: list: Listing contexts for virtual host 'localhost'
Mar 20, 2016 6:43:19 PM org.apache.catalina.core.ApplicationContext log
INFO: Manager: undeploy: Undeploying web application at '/helloweb'
Mar 20, 2016 6:43:19 PM org.apache.catalina.core.ApplicationContext log
INFO: Manager: undeploy: Undeploying web application at '/sampleweb'
Mar 20, 2016 6:43:20 PM org.apache.catalina.core.ApplicationContext log
INFO: Manager: deploy: Deploying web application '/helloweb'
Mar 20, 2016 6:43:20 PM org.apache.catalina.core.ApplicationContext log
INFO: Manager: Uploading WAR file to /Users/Nanda/Documents/tomcat7/webapps/helloweb.war
Mar 20, 2016 6:43:20 PM org.apache.catalina.core.ApplicationContext log
INFO: Manager: deploy: Deploying web application '/sampleweb'
Mar 20, 2016 6:43:20 PM org.apache.catalina.core.ApplicationContext log
INFO: Manager: Uploading WAR file to /Users/Nanda/Documents/tomcat7/webapps/sampleweb.war
Mar 20, 2016 6:44:13 PM org.apache.catalina.core.ApplicationContext log
INFO: Manager: list: Listing contexts for virtual host 'localhost'
Mar 20, 2016 6:44:13 PM org.apache.catalina.core.ApplicationContext log
INFO: Manager: list: Listing contexts for virtual host 'localhost'
Mar 20, 2016 6:44:13 PM org.apache.catalina.core.ApplicationContext log
INFO: Manager: undeploy: Undeploying web application at '/sampleweb'
Mar 20, 2016 6:44:13 PM org.apache.catalina.core.ApplicationContext log
INFO: Manager: list: Listing contexts for virtual host 'localhost'
Mar 20, 2016 6:44:13 PM org.apache.catalina.core.ApplicationContext log
INFO: Manager: list: Listing contexts for virtual host 'localhost'
Mar 20, 2016 6:44:13 PM org.apache.catalina.core.ApplicationContext log
INFO: Manager: undeploy: Undeploying web application at '/helloweb'
Mar 20, 2016 6:44:13 PM org.apache.catalina.core.ApplicationContext log
INFO: Manager: deploy: Deploying web application '/sampleweb'
Mar 20, 2016 6:44:13 PM org.apache.catalina.core.ApplicationContext log
INFO: Manager: Uploading WAR file to /Users/Nanda/Documents/tomcat7/webapps/sampleweb.war
Mar 20, 2016 6:44:14 PM org.apache.catalina.core.ApplicationContext log
INFO: Manager: deploy: Deploying web application '/helloweb'
Mar 20, 2016 6:44:14 PM org.apache.catalina.core.ApplicationContext log
INFO: Manager: Uploading WAR file to /Users/Nanda/Documents/tomcat7/webapps/helloweb.war
Mar 20, 2016 7:41:34 PM org.apache.catalina.core.ApplicationContext log
INFO: Manager: list: Listing contexts for virtual host 'localhost'
Mar 20, 2016 7:41:34 PM org.apache.catalina.core.ApplicationContext log
INFO: Manager: list: Listing contexts for virtual host 'localhost'
Mar 20, 2016 7:41:34 PM org.apache.catalina.core.ApplicationContext log
INFO: Manager: undeploy: Undeploying web application at '/sampleweb'
Mar 20, 2016 7:41:35 PM org.apache.catalina.core.ApplicationContext log
INFO: Manager: list: Listing contexts for virtual host 'localhost'
Mar 20, 2016 7:41:35 PM org.apache.catalina.core.ApplicationContext log
INFO: Manager: list: Listing contexts for virtual host 'localhost'
Mar 20, 2016 7:41:35 PM org.apache.catalina.core.ApplicationContext log
INFO: Manager: undeploy: Undeploying web application at '/helloweb'
Mar 20, 2016 7:41:35 PM org.apache.catalina.core.ApplicationContext log
INFO: Manager: deploy: Deploying web application '/sampleweb'
Mar 20, 2016 7:41:35 PM org.apache.catalina.core.ApplicationContext log
INFO: Manager: Uploading WAR file to /Users/Nanda/Documents/tomcat7/webapps/sampleweb.war
Mar 20, 2016 7:41:35 PM org.apache.catalina.core.ApplicationContext log
INFO: Manager: deploy: Deploying web application '/helloweb'
Mar 20, 2016 7:41:35 PM org.apache.catalina.core.ApplicationContext log
INFO: Manager: Uploading WAR file to /Users/Nanda/Documents/tomcat7/webapps/helloweb.war
Mar 20, 2016 8:41:58 PM org.apache.catalina.core.ApplicationContext log
INFO: Manager: list: Listing contexts for virtual host 'localhost'
Mar 20, 2016 8:41:58 PM org.apache.catalina.core.ApplicationContext log
INFO: Manager: list: Listing contexts for virtual host 'localhost'
Mar 20, 2016 8:41:58 PM org.apache.catalina.core.ApplicationContext log
INFO: Manager: undeploy: Undeploying web application at '/sampleweb'
Mar 20, 2016 8:41:59 PM org.apache.catalina.core.ApplicationContext log
INFO: Manager: deploy: Deploying web application '/sampleweb'
Mar 20, 2016 8:41:59 PM org.apache.catalina.core.ApplicationContext log
INFO: Manager: Uploading WAR file to /Users/Nanda/Documents/tomcat7/webapps/sampleweb.war
Mar 20, 2016 8:41:59 PM org.apache.catalina.core.ApplicationContext log
INFO: Manager: list: Listing contexts for virtual host 'localhost'
Mar 20, 2016 8:41:59 PM org.apache.catalina.core.ApplicationContext log
INFO: Manager: list: Listing contexts for virtual host 'localhost'
Mar 20, 2016 8:41:59 PM org.apache.catalina.core.ApplicationContext log
INFO: Manager: undeploy: Undeploying web application at '/helloweb'
Mar 20, 2016 8:41:59 PM org.apache.catalina.core.ApplicationContext log
INFO: Manager: deploy: Deploying web application '/helloweb'
Mar 20, 2016 8:41:59 PM org.apache.catalina.core.ApplicationContext log
INFO: Manager: Uploading WAR file to /Users/Nanda/Documents/tomcat7/webapps/helloweb.war
Mar 20, 2016 10:23:58 PM org.apache.catalina.core.ApplicationContext log
INFO: Manager: list: Listing contexts for virtual host 'localhost'
Mar 20, 2016 10:23:58 PM org.apache.catalina.core.ApplicationContext log
INFO: Manager: list: Listing contexts for virtual host 'localhost'
Mar 20, 2016 10:23:58 PM org.apache.catalina.core.ApplicationContext log
INFO: Manager: undeploy: Undeploying web application at '/sampleweb'
Mar 20, 2016 10:23:59 PM org.apache.catalina.core.ApplicationContext log
INFO: Manager: list: Listing contexts for virtual host 'localhost'
Mar 20, 2016 10:23:59 PM org.apache.catalina.core.ApplicationContext log
INFO: Manager: list: Listing contexts for virtual host 'localhost'
Mar 20, 2016 10:23:59 PM org.apache.catalina.core.ApplicationContext log
INFO: Manager: undeploy: Undeploying web application at '/helloweb'
Mar 20, 2016 10:23:59 PM org.apache.catalina.core.ApplicationContext log
INFO: Manager: deploy: Deploying web application '/sampleweb'
Mar 20, 2016 10:23:59 PM org.apache.catalina.core.ApplicationContext log
INFO: Manager: Uploading WAR file to /Users/Nanda/Documents/tomcat7/webapps/sampleweb.war
Mar 20, 2016 10:23:59 PM org.apache.catalina.core.ApplicationContext log
INFO: Manager: deploy: Deploying web application '/helloweb'
Mar 20, 2016 10:23:59 PM org.apache.catalina.core.ApplicationContext log
INFO: Manager: Uploading WAR file to /Users/Nanda/Documents/tomcat7/webapps/helloweb.war
Mar 20, 2016 10:41:44 PM org.apache.catalina.core.ApplicationContext log
INFO: Manager: list: Listing contexts for virtual host 'localhost'
Mar 20, 2016 10:41:44 PM org.apache.catalina.core.ApplicationContext log
INFO: Manager: list: Listing contexts for virtual host 'localhost'
Mar 20, 2016 10:41:44 PM org.apache.catalina.core.ApplicationContext log
INFO: Manager: undeploy: Undeploying web application at '/sampleweb'
Mar 20, 2016 10:41:44 PM org.apache.catalina.core.ApplicationContext log
INFO: Manager: list: Listing contexts for virtual host 'localhost'
Mar 20, 2016 10:41:44 PM org.apache.catalina.core.ApplicationContext log
INFO: Manager: list: Listing contexts for virtual host 'localhost'
Mar 20, 2016 10:41:44 PM org.apache.catalina.core.ApplicationContext log
INFO: Manager: undeploy: Undeploying web application at '/helloweb'
Mar 20, 2016 10:41:44 PM org.apache.catalina.core.ApplicationContext log
INFO: Manager: deploy: Deploying web application '/sampleweb'
Mar 20, 2016 10:41:44 PM org.apache.catalina.core.ApplicationContext log
INFO: Manager: Uploading WAR file to /Users/Nanda/Documents/tomcat7/webapps/sampleweb.war
Mar 20, 2016 10:41:45 PM org.apache.catalina.core.ApplicationContext log
INFO: Manager: deploy: Deploying web application '/helloweb'
Mar 20, 2016 10:41:45 PM org.apache.catalina.core.ApplicationContext log
INFO: Manager: Uploading WAR file to /Users/Nanda/Documents/tomcat7/webapps/helloweb.war
