May 11, 2016 12:41:26 AM org.apache.catalina.core.ApplicationContext log
INFO: Manager: list: Listing contexts for virtual host 'localhost'
May 11, 2016 12:41:26 AM org.apache.catalina.core.ApplicationContext log
INFO: Manager: list: Listing contexts for virtual host 'localhost'
May 11, 2016 12:41:26 AM org.apache.catalina.core.ApplicationContext log
INFO: Manager: undeploy: Undeploying web application at '/sampleweb3'
May 11, 2016 12:41:26 AM org.apache.catalina.core.ApplicationContext log
INFO: Manager: list: Listing contexts for virtual host 'localhost'
May 11, 2016 12:41:26 AM org.apache.catalina.core.ApplicationContext log
INFO: Manager: list: Listing contexts for virtual host 'localhost'
May 11, 2016 12:41:26 AM org.apache.catalina.core.ApplicationContext log
INFO: Manager: undeploy: Undeploying web application at '/helloweb'
May 11, 2016 12:41:26 AM org.apache.catalina.core.ApplicationContext log
INFO: Manager: deploy: Deploying web application '/sampleweb3'
May 11, 2016 12:41:26 AM org.apache.catalina.core.ApplicationContext log
INFO: Manager: Uploading WAR file to /Users/Nanda/Documents/tomcat7/webapps/sampleweb3.war
May 11, 2016 12:41:27 AM org.apache.catalina.core.ApplicationContext log
INFO: Manager: deploy: Deploying web application '/helloweb'
May 11, 2016 12:41:27 AM org.apache.catalina.core.ApplicationContext log
INFO: Manager: Uploading WAR file to /Users/Nanda/Documents/tomcat7/webapps/helloweb.war
May 11, 2016 9:56:53 AM org.apache.catalina.core.ApplicationContext log
INFO: Manager: list: Listing contexts for virtual host 'localhost'
May 11, 2016 9:56:53 AM org.apache.catalina.core.ApplicationContext log
INFO: Manager: list: Listing contexts for virtual host 'localhost'
May 11, 2016 9:56:53 AM org.apache.catalina.core.ApplicationContext log
INFO: Manager: undeploy: Undeploying web application at '/sampleweb3'
May 11, 2016 9:56:53 AM org.apache.catalina.core.ApplicationContext log
INFO: Manager: list: Listing contexts for virtual host 'localhost'
May 11, 2016 9:56:53 AM org.apache.catalina.core.ApplicationContext log
INFO: Manager: list: Listing contexts for virtual host 'localhost'
May 11, 2016 9:56:53 AM org.apache.catalina.core.ApplicationContext log
INFO: Manager: undeploy: Undeploying web application at '/helloweb'
May 11, 2016 9:56:54 AM org.apache.catalina.core.ApplicationContext log
INFO: Manager: deploy: Deploying web application '/sampleweb3'
May 11, 2016 9:56:54 AM org.apache.catalina.core.ApplicationContext log
INFO: Manager: Uploading WAR file to /Users/Nanda/Documents/tomcat7/webapps/sampleweb3.war
May 11, 2016 9:56:54 AM org.apache.catalina.core.ApplicationContext log
INFO: Manager: deploy: Deploying web application '/helloweb'
May 11, 2016 9:56:54 AM org.apache.catalina.core.ApplicationContext log
INFO: Manager: Uploading WAR file to /Users/Nanda/Documents/tomcat7/webapps/helloweb.war
May 11, 2016 10:41:53 AM org.apache.catalina.core.ApplicationContext log
INFO: Manager: list: Listing contexts for virtual host 'localhost'
May 11, 2016 10:41:53 AM org.apache.catalina.core.ApplicationContext log
INFO: Manager: list: Listing contexts for virtual host 'localhost'
May 11, 2016 10:41:53 AM org.apache.catalina.core.ApplicationContext log
INFO: Manager: undeploy: Undeploying web application at '/sampleweb3'
May 11, 2016 10:41:54 AM org.apache.catalina.core.ApplicationContext log
INFO: Manager: deploy: Deploying web application '/sampleweb3'
May 11, 2016 10:41:54 AM org.apache.catalina.core.ApplicationContext log
INFO: Manager: Uploading WAR file to /Users/Nanda/Documents/tomcat7/webapps/sampleweb3.war
May 11, 2016 10:41:54 AM org.apache.catalina.core.ApplicationContext log
INFO: Manager: list: Listing contexts for virtual host 'localhost'
May 11, 2016 10:41:54 AM org.apache.catalina.core.ApplicationContext log
INFO: Manager: list: Listing contexts for virtual host 'localhost'
May 11, 2016 10:41:54 AM org.apache.catalina.core.ApplicationContext log
INFO: Manager: undeploy: Undeploying web application at '/helloweb'
May 11, 2016 10:41:55 AM org.apache.catalina.core.ApplicationContext log
INFO: Manager: deploy: Deploying web application '/helloweb'
May 11, 2016 10:41:55 AM org.apache.catalina.core.ApplicationContext log
INFO: Manager: Uploading WAR file to /Users/Nanda/Documents/tomcat7/webapps/helloweb.war
