May 25, 2016 12:52:39 AM org.apache.catalina.core.ApplicationContext log
INFO: Manager: list: Listing contexts for virtual host 'localhost'
May 25, 2016 12:52:39 AM org.apache.catalina.core.ApplicationContext log
INFO: Manager: list: Listing contexts for virtual host 'localhost'
May 25, 2016 12:52:39 AM org.apache.catalina.core.ApplicationContext log
INFO: Manager: undeploy: Undeploying web application at '/simpleapp'
May 25, 2016 12:52:39 AM org.apache.catalina.core.ApplicationContext log
INFO: Manager: deploy: Deploying web application '/simpleapp'
May 25, 2016 12:52:39 AM org.apache.catalina.core.ApplicationContext log
INFO: Manager: Uploading WAR file to /Users/Nanda/Documents/tomcat7/webapps/simpleapp.war
May 25, 2016 1:46:43 AM org.apache.catalina.core.ApplicationContext log
INFO: Manager: list: Listing contexts for virtual host 'localhost'
May 25, 2016 1:46:43 AM org.apache.catalina.core.ApplicationContext log
INFO: Manager: list: Listing contexts for virtual host 'localhost'
May 25, 2016 1:46:43 AM org.apache.catalina.core.ApplicationContext log
INFO: Manager: undeploy: Undeploying web application at '/sampleweb3'
May 25, 2016 1:46:44 AM org.apache.catalina.core.ApplicationContext log
INFO: Manager: list: Listing contexts for virtual host 'localhost'
May 25, 2016 1:46:44 AM org.apache.catalina.core.ApplicationContext log
INFO: Manager: list: Listing contexts for virtual host 'localhost'
May 25, 2016 1:46:44 AM org.apache.catalina.core.ApplicationContext log
INFO: Manager: undeploy: Undeploying web application at '/helloweb'
May 25, 2016 1:46:44 AM org.apache.catalina.core.ApplicationContext log
INFO: Manager: deploy: Deploying web application '/sampleweb3'
May 25, 2016 1:46:44 AM org.apache.catalina.core.ApplicationContext log
INFO: Manager: Uploading WAR file to /Users/Nanda/Documents/tomcat7/webapps/sampleweb3.war
May 25, 2016 1:46:44 AM org.apache.catalina.core.ApplicationContext log
INFO: Manager: deploy: Deploying web application '/helloweb'
May 25, 2016 1:46:44 AM org.apache.catalina.core.ApplicationContext log
INFO: Manager: Uploading WAR file to /Users/Nanda/Documents/tomcat7/webapps/helloweb.war
May 25, 2016 3:14:12 AM org.apache.catalina.core.ApplicationContext log
INFO: Manager: list: Listing contexts for virtual host 'localhost'
May 25, 2016 3:14:12 AM org.apache.catalina.core.ApplicationContext log
INFO: Manager: list: Listing contexts for virtual host 'localhost'
May 25, 2016 3:14:12 AM org.apache.catalina.core.ApplicationContext log
INFO: Manager: undeploy: Undeploying web application at '/simpleapp'
May 25, 2016 3:14:12 AM org.apache.catalina.core.ApplicationContext log
INFO: Manager: deploy: Deploying web application '/simpleapp'
May 25, 2016 3:14:12 AM org.apache.catalina.core.ApplicationContext log
INFO: Manager: Uploading WAR file to /Users/Nanda/Documents/tomcat7/webapps/simpleapp.war
May 25, 2016 3:14:16 AM org.apache.catalina.core.ApplicationContext log
INFO: Manager: list: Listing contexts for virtual host 'localhost'
May 25, 2016 3:14:16 AM org.apache.catalina.core.ApplicationContext log
INFO: Manager: list: Listing contexts for virtual host 'localhost'
May 25, 2016 3:14:16 AM org.apache.catalina.core.ApplicationContext log
INFO: Manager: undeploy: Undeploying web application at '/simpleapp'
May 25, 2016 3:14:16 AM org.apache.catalina.core.ApplicationContext log
INFO: Manager: deploy: Deploying web application '/simpleapp'
May 25, 2016 3:14:16 AM org.apache.catalina.core.ApplicationContext log
INFO: Manager: Uploading WAR file to /Users/Nanda/Documents/tomcat7/webapps/simpleapp.war
May 25, 2016 3:14:23 AM org.apache.catalina.core.ApplicationContext log
INFO: Manager: list: Listing contexts for virtual host 'localhost'
May 25, 2016 3:14:23 AM org.apache.catalina.core.ApplicationContext log
INFO: Manager: list: Listing contexts for virtual host 'localhost'
May 25, 2016 3:14:23 AM org.apache.catalina.core.ApplicationContext log
INFO: Manager: undeploy: Undeploying web application at '/sampleweb3'
May 25, 2016 3:14:24 AM org.apache.catalina.core.ApplicationContext log
INFO: Manager: list: Listing contexts for virtual host 'localhost'
May 25, 2016 3:14:24 AM org.apache.catalina.core.ApplicationContext log
INFO: Manager: list: Listing contexts for virtual host 'localhost'
May 25, 2016 3:14:24 AM org.apache.catalina.core.ApplicationContext log
INFO: Manager: undeploy: Undeploying web application at '/helloweb'
May 25, 2016 3:14:24 AM org.apache.catalina.core.ApplicationContext log
INFO: Manager: deploy: Deploying web application '/sampleweb3'
May 25, 2016 3:14:24 AM org.apache.catalina.core.ApplicationContext log
INFO: Manager: Uploading WAR file to /Users/Nanda/Documents/tomcat7/webapps/sampleweb3.war
May 25, 2016 3:14:24 AM org.apache.catalina.core.ApplicationContext log
INFO: Manager: deploy: Deploying web application '/helloweb'
May 25, 2016 3:14:24 AM org.apache.catalina.core.ApplicationContext log
INFO: Manager: Uploading WAR file to /Users/Nanda/Documents/tomcat7/webapps/helloweb.war
May 25, 2016 6:52:39 AM org.apache.catalina.core.ApplicationContext log
INFO: Manager: list: Listing contexts for virtual host 'localhost'
May 25, 2016 6:52:39 AM org.apache.catalina.core.ApplicationContext log
INFO: Manager: list: Listing contexts for virtual host 'localhost'
May 25, 2016 6:52:39 AM org.apache.catalina.core.ApplicationContext log
INFO: Manager: undeploy: Undeploying web application at '/simpleapp'
May 25, 2016 6:52:39 AM org.apache.catalina.core.ApplicationContext log
INFO: Manager: deploy: Deploying web application '/simpleapp'
May 25, 2016 6:52:39 AM org.apache.catalina.core.ApplicationContext log
INFO: Manager: Uploading WAR file to /Users/Nanda/Documents/tomcat7/webapps/simpleapp.war
May 25, 2016 6:52:43 AM org.apache.catalina.core.ApplicationContext log
INFO: Manager: list: Listing contexts for virtual host 'localhost'
May 25, 2016 6:52:43 AM org.apache.catalina.core.ApplicationContext log
INFO: Manager: list: Listing contexts for virtual host 'localhost'
May 25, 2016 6:52:43 AM org.apache.catalina.core.ApplicationContext log
INFO: Manager: undeploy: Undeploying web application at '/sampleweb3'
May 25, 2016 6:52:43 AM org.apache.catalina.core.ApplicationContext log
INFO: Manager: deploy: Deploying web application '/sampleweb3'
May 25, 2016 6:52:43 AM org.apache.catalina.core.ApplicationContext log
INFO: Manager: Uploading WAR file to /Users/Nanda/Documents/tomcat7/webapps/sampleweb3.war
May 25, 2016 6:52:44 AM org.apache.catalina.core.ApplicationContext log
INFO: Manager: list: Listing contexts for virtual host 'localhost'
May 25, 2016 6:52:44 AM org.apache.catalina.core.ApplicationContext log
INFO: Manager: list: Listing contexts for virtual host 'localhost'
May 25, 2016 6:52:44 AM org.apache.catalina.core.ApplicationContext log
INFO: Manager: undeploy: Undeploying web application at '/helloweb'
May 25, 2016 6:52:44 AM org.apache.catalina.core.ApplicationContext log
INFO: Manager: deploy: Deploying web application '/helloweb'
May 25, 2016 6:52:44 AM org.apache.catalina.core.ApplicationContext log
INFO: Manager: Uploading WAR file to /Users/Nanda/Documents/tomcat7/webapps/helloweb.war
May 25, 2016 6:53:05 AM org.apache.catalina.core.ApplicationContext log
INFO: Manager: list: Listing contexts for virtual host 'localhost'
May 25, 2016 6:53:05 AM org.apache.catalina.core.ApplicationContext log
INFO: Manager: list: Listing contexts for virtual host 'localhost'
May 25, 2016 6:53:05 AM org.apache.catalina.core.ApplicationContext log
INFO: Manager: undeploy: Undeploying web application at '/sampleweb3'
May 25, 2016 6:53:05 AM org.apache.catalina.core.ApplicationContext log
INFO: Manager: deploy: Deploying web application '/sampleweb3'
May 25, 2016 6:53:05 AM org.apache.catalina.core.ApplicationContext log
INFO: Manager: Uploading WAR file to /Users/Nanda/Documents/tomcat7/webapps/sampleweb3.war
May 25, 2016 6:53:06 AM org.apache.catalina.core.ApplicationContext log
INFO: Manager: list: Listing contexts for virtual host 'localhost'
May 25, 2016 6:53:06 AM org.apache.catalina.core.ApplicationContext log
INFO: Manager: list: Listing contexts for virtual host 'localhost'
May 25, 2016 6:53:06 AM org.apache.catalina.core.ApplicationContext log
INFO: Manager: undeploy: Undeploying web application at '/helloweb'
May 25, 2016 6:53:06 AM org.apache.catalina.core.ApplicationContext log
INFO: Manager: deploy: Deploying web application '/helloweb'
May 25, 2016 6:53:06 AM org.apache.catalina.core.ApplicationContext log
INFO: Manager: Uploading WAR file to /Users/Nanda/Documents/tomcat7/webapps/helloweb.war
May 25, 2016 7:32:16 AM org.apache.catalina.core.ApplicationContext log
INFO: Manager: list: Listing contexts for virtual host 'localhost'
May 25, 2016 7:32:16 AM org.apache.catalina.core.ApplicationContext log
INFO: Manager: list: Listing contexts for virtual host 'localhost'
May 25, 2016 7:32:16 AM org.apache.catalina.core.ApplicationContext log
INFO: Manager: undeploy: Undeploying web application at '/simpleapp'
May 25, 2016 7:32:17 AM org.apache.catalina.core.ApplicationContext log
INFO: Manager: deploy: Deploying web application '/simpleapp'
May 25, 2016 7:32:17 AM org.apache.catalina.core.ApplicationContext log
INFO: Manager: Uploading WAR file to /Users/Nanda/Documents/tomcat7/webapps/simpleapp.war
May 25, 2016 7:41:26 AM org.apache.catalina.core.ApplicationContext log
INFO: Manager: list: Listing contexts for virtual host 'localhost'
May 25, 2016 7:41:26 AM org.apache.catalina.core.ApplicationContext log
INFO: Manager: list: Listing contexts for virtual host 'localhost'
May 25, 2016 7:41:26 AM org.apache.catalina.core.ApplicationContext log
INFO: Manager: undeploy: Undeploying web application at '/sampleweb3'
May 25, 2016 7:41:26 AM org.apache.catalina.core.ApplicationContext log
INFO: Manager: list: Listing contexts for virtual host 'localhost'
May 25, 2016 7:41:26 AM org.apache.catalina.core.ApplicationContext log
INFO: Manager: list: Listing contexts for virtual host 'localhost'
May 25, 2016 7:41:26 AM org.apache.catalina.core.ApplicationContext log
INFO: Manager: undeploy: Undeploying web application at '/helloweb'
May 25, 2016 7:41:26 AM org.apache.catalina.core.ApplicationContext log
INFO: Manager: deploy: Deploying web application '/sampleweb3'
May 25, 2016 7:41:26 AM org.apache.catalina.core.ApplicationContext log
INFO: Manager: Uploading WAR file to /Users/Nanda/Documents/tomcat7/webapps/sampleweb3.war
May 25, 2016 7:41:27 AM org.apache.catalina.core.ApplicationContext log
INFO: Manager: deploy: Deploying web application '/helloweb'
May 25, 2016 7:41:27 AM org.apache.catalina.core.ApplicationContext log
INFO: Manager: Uploading WAR file to /Users/Nanda/Documents/tomcat7/webapps/helloweb.war
May 25, 2016 9:06:01 AM org.apache.catalina.core.ApplicationContext log
INFO: Manager: list: Listing contexts for virtual host 'localhost'
May 25, 2016 9:06:01 AM org.apache.catalina.core.ApplicationContext log
INFO: Manager: list: Listing contexts for virtual host 'localhost'
May 25, 2016 9:06:01 AM org.apache.catalina.core.ApplicationContext log
INFO: Manager: undeploy: Undeploying web application at '/simpleapp'
May 25, 2016 9:06:01 AM org.apache.catalina.core.ApplicationContext log
INFO: Manager: deploy: Deploying web application '/simpleapp'
May 25, 2016 9:06:01 AM org.apache.catalina.core.ApplicationContext log
INFO: Manager: Uploading WAR file to /Users/Nanda/Documents/tomcat7/webapps/simpleapp.war
May 25, 2016 9:06:09 AM org.apache.catalina.core.ApplicationContext log
INFO: Manager: list: Listing contexts for virtual host 'localhost'
May 25, 2016 9:06:09 AM org.apache.catalina.core.ApplicationContext log
INFO: Manager: list: Listing contexts for virtual host 'localhost'
May 25, 2016 9:06:09 AM org.apache.catalina.core.ApplicationContext log
INFO: Manager: undeploy: Undeploying web application at '/sampleweb3'
May 25, 2016 9:06:10 AM org.apache.catalina.core.ApplicationContext log
INFO: Manager: deploy: Deploying web application '/sampleweb3'
May 25, 2016 9:06:10 AM org.apache.catalina.core.ApplicationContext log
INFO: Manager: Uploading WAR file to /Users/Nanda/Documents/tomcat7/webapps/sampleweb3.war
May 25, 2016 9:06:10 AM org.apache.catalina.core.ApplicationContext log
INFO: Manager: list: Listing contexts for virtual host 'localhost'
May 25, 2016 9:06:10 AM org.apache.catalina.core.ApplicationContext log
INFO: Manager: list: Listing contexts for virtual host 'localhost'
May 25, 2016 9:06:10 AM org.apache.catalina.core.ApplicationContext log
INFO: Manager: undeploy: Undeploying web application at '/helloweb'
May 25, 2016 9:06:11 AM org.apache.catalina.core.ApplicationContext log
INFO: Manager: deploy: Deploying web application '/helloweb'
May 25, 2016 9:06:11 AM org.apache.catalina.core.ApplicationContext log
INFO: Manager: Uploading WAR file to /Users/Nanda/Documents/tomcat7/webapps/helloweb.war
May 25, 2016 9:47:22 AM org.apache.catalina.core.ApplicationContext log
INFO: Manager: list: Listing contexts for virtual host 'localhost'
May 25, 2016 9:47:22 AM org.apache.catalina.core.ApplicationContext log
INFO: Manager: list: Listing contexts for virtual host 'localhost'
May 25, 2016 9:47:22 AM org.apache.catalina.core.ApplicationContext log
INFO: Manager: undeploy: Undeploying web application at '/sampleweb3'
May 25, 2016 9:47:23 AM org.apache.catalina.core.ApplicationContext log
INFO: Manager: list: Listing contexts for virtual host 'localhost'
May 25, 2016 9:47:23 AM org.apache.catalina.core.ApplicationContext log
INFO: Manager: list: Listing contexts for virtual host 'localhost'
May 25, 2016 9:47:23 AM org.apache.catalina.core.ApplicationContext log
INFO: Manager: undeploy: Undeploying web application at '/helloweb'
May 25, 2016 9:47:23 AM org.apache.catalina.core.ApplicationContext log
INFO: Manager: deploy: Deploying web application '/sampleweb3'
May 25, 2016 9:47:23 AM org.apache.catalina.core.ApplicationContext log
INFO: Manager: Uploading WAR file to /Users/Nanda/Documents/tomcat7/webapps/sampleweb3.war
May 25, 2016 9:47:23 AM org.apache.catalina.core.ApplicationContext log
INFO: Manager: deploy: Deploying web application '/helloweb'
May 25, 2016 9:47:23 AM org.apache.catalina.core.ApplicationContext log
INFO: Manager: Uploading WAR file to /Users/Nanda/Documents/tomcat7/webapps/helloweb.war
May 25, 2016 10:01:15 AM org.apache.catalina.core.ApplicationContext log
INFO: Manager: list: Listing contexts for virtual host 'localhost'
May 25, 2016 10:01:15 AM org.apache.catalina.core.ApplicationContext log
INFO: Manager: list: Listing contexts for virtual host 'localhost'
May 25, 2016 10:01:15 AM org.apache.catalina.core.ApplicationContext log
INFO: Manager: undeploy: Undeploying web application at '/simpleapp'
May 25, 2016 10:01:16 AM org.apache.catalina.core.ApplicationContext log
INFO: Manager: deploy: Deploying web application '/simpleapp'
May 25, 2016 10:01:16 AM org.apache.catalina.core.ApplicationContext log
INFO: Manager: Uploading WAR file to /Users/Nanda/Documents/tomcat7/webapps/simpleapp.war
May 25, 2016 10:41:40 AM org.apache.catalina.core.ApplicationContext log
INFO: Manager: list: Listing contexts for virtual host 'localhost'
May 25, 2016 10:41:40 AM org.apache.catalina.core.ApplicationContext log
INFO: Manager: list: Listing contexts for virtual host 'localhost'
May 25, 2016 10:41:40 AM org.apache.catalina.core.ApplicationContext log
INFO: Manager: undeploy: Undeploying web application at '/sampleweb3'
May 25, 2016 10:41:40 AM org.apache.catalina.core.ApplicationContext log
INFO: Manager: list: Listing contexts for virtual host 'localhost'
May 25, 2016 10:41:40 AM org.apache.catalina.core.ApplicationContext log
INFO: Manager: list: Listing contexts for virtual host 'localhost'
May 25, 2016 10:41:40 AM org.apache.catalina.core.ApplicationContext log
INFO: Manager: undeploy: Undeploying web application at '/helloweb'
May 25, 2016 10:41:40 AM org.apache.catalina.core.ApplicationContext log
INFO: Manager: deploy: Deploying web application '/sampleweb3'
May 25, 2016 10:41:40 AM org.apache.catalina.core.ApplicationContext log
INFO: Manager: Uploading WAR file to /Users/Nanda/Documents/tomcat7/webapps/sampleweb3.war
May 25, 2016 10:41:41 AM org.apache.catalina.core.ApplicationContext log
INFO: Manager: deploy: Deploying web application '/helloweb'
May 25, 2016 10:41:41 AM org.apache.catalina.core.ApplicationContext log
INFO: Manager: Uploading WAR file to /Users/Nanda/Documents/tomcat7/webapps/helloweb.war
May 25, 2016 11:01:33 AM org.apache.catalina.core.ApplicationContext log
INFO: Manager: list: Listing contexts for virtual host 'localhost'
May 25, 2016 11:01:33 AM org.apache.catalina.core.ApplicationContext log
INFO: Manager: list: Listing contexts for virtual host 'localhost'
May 25, 2016 11:01:33 AM org.apache.catalina.core.ApplicationContext log
INFO: Manager: undeploy: Undeploying web application at '/simpleapp'
May 25, 2016 11:01:33 AM org.apache.catalina.core.ApplicationContext log
INFO: Manager: deploy: Deploying web application '/simpleapp'
May 25, 2016 11:01:33 AM org.apache.catalina.core.ApplicationContext log
INFO: Manager: Uploading WAR file to /Users/Nanda/Documents/tomcat7/webapps/simpleapp.war
May 25, 2016 11:41:40 AM org.apache.catalina.core.ApplicationContext log
INFO: Manager: list: Listing contexts for virtual host 'localhost'
May 25, 2016 11:41:40 AM org.apache.catalina.core.ApplicationContext log
INFO: Manager: list: Listing contexts for virtual host 'localhost'
May 25, 2016 11:41:40 AM org.apache.catalina.core.ApplicationContext log
INFO: Manager: undeploy: Undeploying web application at '/sampleweb3'
May 25, 2016 11:41:40 AM org.apache.catalina.core.ApplicationContext log
INFO: Manager: list: Listing contexts for virtual host 'localhost'
May 25, 2016 11:41:40 AM org.apache.catalina.core.ApplicationContext log
INFO: Manager: list: Listing contexts for virtual host 'localhost'
May 25, 2016 11:41:40 AM org.apache.catalina.core.ApplicationContext log
INFO: Manager: undeploy: Undeploying web application at '/helloweb'
May 25, 2016 11:41:40 AM org.apache.catalina.core.ApplicationContext log
INFO: Manager: deploy: Deploying web application '/sampleweb3'
May 25, 2016 11:41:40 AM org.apache.catalina.core.ApplicationContext log
INFO: Manager: Uploading WAR file to /Users/Nanda/Documents/tomcat7/webapps/sampleweb3.war
May 25, 2016 11:41:41 AM org.apache.catalina.core.ApplicationContext log
INFO: Manager: deploy: Deploying web application '/helloweb'
May 25, 2016 11:41:41 AM org.apache.catalina.core.ApplicationContext log
INFO: Manager: Uploading WAR file to /Users/Nanda/Documents/tomcat7/webapps/helloweb.war
