Feb 19, 2018 10:37:18 AM org.apache.catalina.core.ApplicationContext log
INFO: Manager: init: Associated with Deployer 'Catalina:type=Deployer,host=localhost'
Feb 19, 2018 10:37:18 AM org.apache.catalina.core.ApplicationContext log
INFO: Manager: init: Global resources are available
Feb 19, 2018 10:37:18 AM org.apache.catalina.core.ApplicationContext log
INFO: Manager: list: Listing contexts for virtual host 'localhost'
Feb 19, 2018 10:37:18 AM org.apache.catalina.core.ApplicationContext log
INFO: Manager: deploy: Deploying web application '/demoweb18feb'
Feb 19, 2018 10:37:18 AM org.apache.catalina.core.ApplicationContext log
INFO: Manager: Uploading WAR file to C:\tomcat7\webapps\demoweb18feb.war
Feb 19, 2018 10:41:15 AM org.apache.catalina.core.ApplicationContext log
INFO: Manager: list: Listing contexts for virtual host 'localhost'
Feb 19, 2018 10:41:15 AM org.apache.catalina.core.ApplicationContext log
INFO: Manager: list: Listing contexts for virtual host 'localhost'
Feb 19, 2018 10:41:15 AM org.apache.catalina.core.ApplicationContext log
INFO: Manager: undeploy: Undeploying web application at '/demoweb18feb'
Feb 19, 2018 10:41:16 AM org.apache.catalina.core.ApplicationContext log
INFO: Manager: deploy: Deploying web application '/demoweb18feb'
Feb 19, 2018 10:41:16 AM org.apache.catalina.core.ApplicationContext log
INFO: Manager: Uploading WAR file to C:\tomcat7\webapps\demoweb18feb.war
